{"/Users/macbook/Desktop/aplicaciones/onenglishproject/onenglishbackend/src/app.controller.ts": {"path":"/Users/macbook/Desktop/aplicaciones/onenglishproject/onenglishbackend/src/app.controller.ts","statementMap":{"0":{"start":{"line":1,"column":0},"end":{"line":1,"column":61}},"1":{"start":{"line":2,"column":0},"end":{"line":2,"column":71}},"2":{"start":{"line":3,"column":0},"end":{"line":3,"column":43}},"3":{"start":{"line":4,"column":0},"end":{"line":4,"column":75}},"4":{"start":{"line":8,"column":7},"end":{"line":43,"column":null}},"5":{"start":{"line":9,"column":31},"end":{"line":9,"column":43}},"6":{"start":{"line":25,"column":4},"end":{"line":25,"column":38}},"7":{"start":{"line":41,"column":4},"end":{"line":41,"column":54}},"8":{"start":{"line":8,"column":13},"end":{"line":8,"column":26}},"9":{"start":{"line":24,"column":2},"end":{"line":26,"column":null}},"10":{"start":{"line":38,"column":8},"end":{"line":42,"column":null}},"11":{"start":{"line":8,"column":13},"end":{"line":43,"column":null}}},"fnMap":{"0":{"name":"(anonymous_4)","decl":{"start":{"line":9,"column":2},"end":{"line":9,"column":31}},"loc":{"start":{"line":9,"column":53},"end":{"line":9,"column":57}}},"1":{"name":"(anonymous_5)","decl":{"start":{"line":24,"column":2},"end":{"line":24,"column":10}},"loc":{"start":{"line":24,"column":10},"end":{"line":26,"column":3}}},"2":{"name":"(anonymous_6)","decl":{"start":{"line":38,"column":8},"end":{"line":38,"column":19}},"loc":{"start":{"line":39,"column":37},"end":{"line":42,"column":3}}}},"branchMap":{"0":{"loc":{"start":{"line":39,"column":21},"end":{"line":39,"column":null}},"type":"cond-expr","locations":[{"start":{"line":39,"column":37},"end":{"line":39,"column":null}},{"start":{"line":39,"column":37},"end":{"line":39,"column":null}}]},"1":{"loc":{"start":{"line":39,"column":21},"end":{"line":39,"column":37}},"type":"binary-expr","locations":[{"start":{"line":39,"column":21},"end":{"line":39,"column":null}},{"start":{"line":39,"column":21},"end":{"line":39,"column":37}}]},"2":{"loc":{"start":{"line":40,"column":5},"end":{"line":40,"column":null}},"type":"cond-expr","locations":[{"start":{"line":40,"column":12},"end":{"line":40,"column":null}},{"start":{"line":40,"column":12},"end":{"line":40,"column":null}}]},"3":{"loc":{"start":{"line":40,"column":5},"end":{"line":40,"column":12}},"type":"binary-expr","locations":[{"start":{"line":40,"column":5},"end":{"line":40,"column":null}},{"start":{"line":40,"column":5},"end":{"line":40,"column":12}}]},"4":{"loc":{"start":{"line":9,"column":43},"end":{"line":9,"column":56}},"type":"cond-expr","locations":[{"start":{"line":9,"column":53},"end":{"line":9,"column":56}},{"start":{"line":9,"column":53},"end":{"line":9,"column":56}}]},"5":{"loc":{"start":{"line":9,"column":43},"end":{"line":9,"column":53}},"type":"binary-expr","locations":[{"start":{"line":9,"column":43},"end":{"line":9,"column":56}},{"start":{"line":9,"column":43},"end":{"line":9,"column":53}}]}},"s":{"0":0,"1":0,"2":0,"3":0,"4":0,"5":0,"6":0,"7":0,"8":0,"9":0,"10":0,"11":0},"f":{"0":0,"1":0,"2":0},"b":{"0":[0,0],"1":[0,0],"2":[0,0],"3":[0,0],"4":[0,0],"5":[0,0]}}
,"/Users/macbook/Desktop/aplicaciones/onenglishproject/onenglishbackend/src/app.module.ts": {"path":"/Users/macbook/Desktop/aplicaciones/onenglishproject/onenglishbackend/src/app.module.ts","statementMap":{"0":{"start":{"line":1,"column":0},"end":{"line":1,"column":40}},"1":{"start":{"line":2,"column":0},"end":{"line":2,"column":61}},"2":{"start":{"line":3,"column":0},"end":{"line":3,"column":78}},"3":{"start":{"line":4,"column":0},"end":{"line":4,"column":49}},"4":{"start":{"line":5,"column":0},"end":{"line":5,"column":43}},"5":{"start":{"line":6,"column":0},"end":{"line":6,"column":60}},"6":{"start":{"line":7,"column":0},"end":{"line":7,"column":48}},"7":{"start":{"line":8,"column":0},"end":{"line":8,"column":63}},"8":{"start":{"line":9,"column":0},"end":{"line":9,"column":60}},"9":{"start":{"line":10,"column":0},"end":{"line":10,"column":60}},"10":{"start":{"line":11,"column":0},"end":{"line":11,"column":72}},"11":{"start":{"line":12,"column":0},"end":{"line":12,"column":57}},"12":{"start":{"line":13,"column":0},"end":{"line":13,"column":63}},"13":{"start":{"line":14,"column":0},"end":{"line":14,"column":63}},"14":{"start":{"line":15,"column":0},"end":{"line":15,"column":54}},"15":{"start":{"line":16,"column":0},"end":{"line":16,"column":60}},"16":{"start":{"line":17,"column":0},"end":{"line":17,"column":66}},"17":{"start":{"line":18,"column":0},"end":{"line":18,"column":63}},"18":{"start":{"line":19,"column":0},"end":{"line":19,"column":42}},"19":{"start":{"line":20,"column":0},"end":{"line":20,"column":51}},"20":{"start":{"line":21,"column":0},"end":{"line":21,"column":57}},"21":{"start":{"line":22,"column":0},"end":{"line":22,"column":28}},"22":{"start":{"line":72,"column":7},"end":{"line":72,"column":null}},"23":{"start":{"line":72,"column":13},"end":{"line":72,"column":22}},"24":{"start":{"line":72,"column":13},"end":{"line":72,"column":null}},"25":{"start":{"line":46,"column":53},"end":{"line":51,"column":8}}},"fnMap":{"0":{"name":"(anonymous_1)","decl":{"start":{"line":46,"column":18},"end":{"line":46,"column":19}},"loc":{"start":{"line":46,"column":53},"end":{"line":51,"column":8}}}},"branchMap":{},"s":{"0":0,"1":0,"2":0,"3":0,"4":0,"5":0,"6":0,"7":0,"8":0,"9":0,"10":0,"11":0,"12":0,"13":0,"14":0,"15":0,"16":0,"17":0,"18":0,"19":0,"20":0,"21":0,"22":0,"23":0,"24":0,"25":0},"f":{"0":0},"b":{}}
,"/Users/macbook/Desktop/aplicaciones/onenglishproject/onenglishbackend/src/app.service.ts": {"path":"/Users/macbook/Desktop/aplicaciones/onenglishproject/onenglishbackend/src/app.service.ts","statementMap":{"0":{"start":{"line":1,"column":0},"end":{"line":1,"column":52}},"1":{"start":{"line":2,"column":0},"end":{"line":2,"column":44}},"2":{"start":{"line":6,"column":7},"end":{"line":20,"column":null}},"3":{"start":{"line":7,"column":52},"end":{"line":7,"column":63}},"4":{"start":{"line":10,"column":4},"end":{"line":10,"column":26}},"5":{"start":{"line":14,"column":21},"end":{"line":14,"column":60}},"6":{"start":{"line":15,"column":4},"end":{"line":18,"column":6}},"7":{"start":{"line":6,"column":13},"end":{"line":6,"column":23}},"8":{"start":{"line":6,"column":13},"end":{"line":20,"column":null}}},"fnMap":{"0":{"name":"(anonymous_4)","decl":{"start":{"line":7,"column":2},"end":{"line":7,"column":15}},"loc":{"start":{"line":7,"column":72},"end":{"line":7,"column":76}}},"1":{"name":"(anonymous_5)","decl":{"start":{"line":9,"column":2},"end":{"line":9,"column":10}},"loc":{"start":{"line":9,"column":10},"end":{"line":11,"column":3}}},"2":{"name":"(anonymous_6)","decl":{"start":{"line":13,"column":2},"end":{"line":13,"column":7}},"loc":{"start":{"line":13,"column":48},"end":{"line":19,"column":3}}}},"branchMap":{"0":{"loc":{"start":{"line":7,"column":63},"end":{"line":7,"column":75}},"type":"cond-expr","locations":[{"start":{"line":7,"column":72},"end":{"line":7,"column":75}},{"start":{"line":7,"column":72},"end":{"line":7,"column":75}}]},"1":{"loc":{"start":{"line":7,"column":63},"end":{"line":7,"column":72}},"type":"binary-expr","locations":[{"start":{"line":7,"column":63},"end":{"line":7,"column":75}},{"start":{"line":7,"column":63},"end":{"line":7,"column":72}}]}},"s":{"0":0,"1":0,"2":0,"3":0,"4":0,"5":0,"6":0,"7":0,"8":0},"f":{"0":0,"1":0,"2":0},"b":{"0":[0,0],"1":[0,0]}}
,"/Users/macbook/Desktop/aplicaciones/onenglishproject/onenglishbackend/src/main.ts": {"path":"/Users/macbook/Desktop/aplicaciones/onenglishproject/onenglishbackend/src/main.ts","statementMap":{"0":{"start":{"line":1,"column":0},"end":{"line":1,"column":43}},"1":{"start":{"line":3,"column":0},"end":{"line":3,"column":41}},"2":{"start":{"line":4,"column":0},"end":{"line":4,"column":72}},"3":{"start":{"line":5,"column":0},"end":{"line":5,"column":65}},"4":{"start":{"line":6,"column":0},"end":{"line":6,"column":47}},"5":{"start":{"line":7,"column":0},"end":{"line":7,"column":41}},"6":{"start":{"line":8,"column":0},"end":{"line":8,"column":38}},"7":{"start":{"line":9,"column":0},"end":{"line":9,"column":28}},"8":{"start":{"line":10,"column":0},"end":{"line":10,"column":28}},"9":{"start":{"line":12,"column":17},"end":{"line":12,"column":33}},"10":{"start":{"line":15,"column":14},"end":{"line":15,"column":73}},"11":{"start":{"line":16,"column":24},"end":{"line":16,"column":46}},"12":{"start":{"line":17,"column":17},"end":{"line":17,"column":40}},"13":{"start":{"line":19,"column":18},"end":{"line":19,"column":70}},"14":{"start":{"line":20,"column":24},"end":{"line":20,"column":49}},"15":{"start":{"line":24,"column":24},"end":{"line":24,"column":64}},"16":{"start":{"line":25,"column":22},"end":{"line":25,"column":63}},"17":{"start":{"line":27,"column":35},"end":{"line":27,"column":37}},"18":{"start":{"line":28,"column":2},"end":{"line":32,"column":3}},"19":{"start":{"line":29,"column":4},"end":{"line":29,"column":78}},"20":{"start":{"line":29,"column":65},"end":{"line":29,"column":75}},"21":{"start":{"line":30,"column":9},"end":{"line":32,"column":3}},"22":{"start":{"line":31,"column":4},"end":{"line":31,"column":37}},"23":{"start":{"line":34,"column":2},"end":{"line":34,"column":20}},"24":{"start":{"line":35,"column":2},"end":{"line":35,"column":26}},"25":{"start":{"line":36,"column":2},"end":{"line":36,"column":25}},"26":{"start":{"line":38,"column":29},"end":{"line":64,"column":3}},"27":{"start":{"line":42,"column":4},"end":{"line":46,"column":5}},"28":{"start":{"line":44,"column":6},"end":{"line":44,"column":27}},"29":{"start":{"line":45,"column":6},"end":{"line":45,"column":13}},"30":{"start":{"line":51,"column":4},"end":{"line":54,"column":5}},"31":{"start":{"line":52,"column":6},"end":{"line":52,"column":27}},"32":{"start":{"line":53,"column":6},"end":{"line":53,"column":13}},"33":{"start":{"line":57,"column":4},"end":{"line":60,"column":5}},"34":{"start":{"line":58,"column":6},"end":{"line":58,"column":27}},"35":{"start":{"line":59,"column":6},"end":{"line":59,"column":13}},"36":{"start":{"line":63,"column":4},"end":{"line":63,"column":47}},"37":{"start":{"line":68,"column":21},"end":{"line":68,"column":51}},"38":{"start":{"line":69,"column":2},"end":{"line":74,"column":5}},"39":{"start":{"line":72,"column":6},"end":{"line":72,"column":77}},"40":{"start":{"line":76,"column":2},"end":{"line":88,"column":5}},"41":{"start":{"line":91,"column":2},"end":{"line":94,"column":5}},"42":{"start":{"line":96,"column":2},"end":{"line":96,"column":29}},"43":{"start":{"line":99,"column":2},"end":{"line":108,"column":4}},"44":{"start":{"line":111,"column":17},"end":{"line":133,"column":12}},"45":{"start":{"line":135,"column":19},"end":{"line":135,"column":60}},"46":{"start":{"line":136,"column":2},"end":{"line":140,"column":5}},"47":{"start":{"line":142,"column":2},"end":{"line":142,"column":37}},"48":{"start":{"line":143,"column":2},"end":{"line":143,"column":56}},"49":{"start":{"line":146,"column":0},"end":{"line":152,"column":5}},"50":{"start":{"line":148,"column":4},"end":{"line":148,"column":64}},"51":{"start":{"line":151,"column":4},"end":{"line":151,"column":62}}},"fnMap":{"0":{"name":"bootstrap","decl":{"start":{"line":14,"column":15},"end":{"line":14,"column":24}},"loc":{"start":{"line":14,"column":24},"end":{"line":144,"column":1}}},"1":{"name":"(anonymous_2)","decl":{"start":{"line":29,"column":56},"end":{"line":29,"column":57}},"loc":{"start":{"line":29,"column":65},"end":{"line":29,"column":75}}},"2":{"name":"(anonymous_3)","decl":{"start":{"line":38,"column":29},"end":{"line":38,"column":null}},"loc":{"start":{"line":41,"column":6},"end":{"line":64,"column":3}}},"3":{"name":"(anonymous_4)","decl":{"start":{"line":71,"column":16},"end":{"line":71,"column":17}},"loc":{"start":{"line":71,"column":24},"end":{"line":73,"column":5}}},"4":{"name":"(anonymous_5)","decl":{"start":{"line":147,"column":8},"end":{"line":147,"column":11}},"loc":{"start":{"line":147,"column":13},"end":{"line":149,"column":3}}},"5":{"name":"(anonymous_6)","decl":{"start":{"line":150,"column":9},"end":{"line":150,"column":10}},"loc":{"start":{"line":150,"column":17},"end":{"line":152,"column":3}}}},"branchMap":{"0":{"loc":{"start":{"line":28,"column":2},"end":{"line":32,"column":3}},"type":"if","locations":[{"start":{"line":28,"column":2},"end":{"line":32,"column":3}},{"start":{"line":30,"column":9},"end":{"line":32,"column":3}}]},"1":{"loc":{"start":{"line":30,"column":9},"end":{"line":32,"column":3}},"type":"if","locations":[{"start":{"line":30,"column":9},"end":{"line":32,"column":3}},{"start":{},"end":{}}]},"2":{"loc":{"start":{"line":42,"column":4},"end":{"line":46,"column":5}},"type":"if","locations":[{"start":{"line":42,"column":4},"end":{"line":46,"column":5}},{"start":{},"end":{}}]},"3":{"loc":{"start":{"line":51,"column":4},"end":{"line":54,"column":5}},"type":"if","locations":[{"start":{"line":51,"column":4},"end":{"line":54,"column":5}},{"start":{},"end":{}}]},"4":{"loc":{"start":{"line":57,"column":4},"end":{"line":60,"column":5}},"type":"if","locations":[{"start":{"line":57,"column":4},"end":{"line":60,"column":5}},{"start":{},"end":{}}]},"5":{"loc":{"start":{"line":57,"column":8},"end":{"line":57,"column":68}},"type":"binary-expr","locations":[{"start":{"line":57,"column":8},"end":{"line":57,"column":33}},{"start":{"line":57,"column":37},"end":{"line":57,"column":68}}]},"6":{"loc":{"start":{"line":142,"column":19},"end":{"line":142,"column":35}},"type":"binary-expr","locations":[{"start":{"line":142,"column":19},"end":{"line":142,"column":27}},{"start":{"line":142,"column":31},"end":{"line":142,"column":35}}]},"7":{"loc":{"start":{"line":143,"column":36},"end":{"line":143,"column":52}},"type":"binary-expr","locations":[{"start":{"line":143,"column":36},"end":{"line":143,"column":44}},{"start":{"line":143,"column":48},"end":{"line":143,"column":52}}]},"8":{"loc":{"start":{"line":148,"column":46},"end":{"line":148,"column":62}},"type":"binary-expr","locations":[{"start":{"line":148,"column":46},"end":{"line":148,"column":54}},{"start":{"line":148,"column":58},"end":{"line":148,"column":62}}]}},"s":{"0":0,"1":0,"2":0,"3":0,"4":0,"5":0,"6":0,"7":0,"8":0,"9":0,"10":0,"11":0,"12":0,"13":0,"14":0,"15":0,"16":0,"17":0,"18":0,"19":0,"20":0,"21":0,"22":0,"23":0,"24":0,"25":0,"26":0,"27":0,"28":0,"29":0,"30":0,"31":0,"32":0,"33":0,"34":0,"35":0,"36":0,"37":0,"38":0,"39":0,"40":0,"41":0,"42":0,"43":0,"44":0,"45":0,"46":0,"47":0,"48":0,"49":0,"50":0,"51":0},"f":{"0":0,"1":0,"2":0,"3":0,"4":0,"5":0},"b":{"0":[0,0],"1":[0,0],"2":[0,0],"3":[0,0],"4":[0,0],"5":[0,0],"6":[0,0],"7":[0,0],"8":[0,0]}}
,"/Users/macbook/Desktop/aplicaciones/onenglishproject/onenglishbackend/src/admins/admins.controller.ts": {"path":"/Users/macbook/Desktop/aplicaciones/onenglishproject/onenglishbackend/src/admins/admins.controller.ts","statementMap":{"0":{"start":{"line":1,"column":0},"end":{"line":1,"column":null}},"1":{"start":{"line":13,"column":0},"end":{"line":13,"column":null}},"2":{"start":{"line":19,"column":0},"end":{"line":19,"column":49}},"3":{"start":{"line":20,"column":0},"end":{"line":20,"column":56}},"4":{"start":{"line":21,"column":0},"end":{"line":21,"column":56}},"5":{"start":{"line":22,"column":0},"end":{"line":22,"column":48}},"6":{"start":{"line":23,"column":0},"end":{"line":23,"column":57}},"7":{"start":{"line":24,"column":0},"end":{"line":24,"column":56}},"8":{"start":{"line":28,"column":7},"end":{"line":213,"column":null}},"9":{"start":{"line":29,"column":31},"end":{"line":29,"column":46}},"10":{"start":{"line":62,"column":4},"end":{"line":62,"column":53}},"11":{"start":{"line":88,"column":4},"end":{"line":88,"column":40}},"12":{"start":{"line":114,"column":4},"end":{"line":114,"column":43}},"13":{"start":{"line":144,"column":4},"end":{"line":144,"column":42}},"14":{"start":{"line":181,"column":4},"end":{"line":181,"column":57}},"15":{"start":{"line":211,"column":4},"end":{"line":211,"column":41}},"16":{"start":{"line":28,"column":13},"end":{"line":28,"column":29}},"17":{"start":{"line":61,"column":2},"end":{"line":63,"column":null}},"18":{"start":{"line":87,"column":2},"end":{"line":89,"column":null}},"19":{"start":{"line":113,"column":2},"end":{"line":115,"column":null}},"20":{"start":{"line":143,"column":2},"end":{"line":145,"column":null}},"21":{"start":{"line":177,"column":2},"end":{"line":182,"column":null}},"22":{"start":{"line":210,"column":2},"end":{"line":212,"column":null}},"23":{"start":{"line":28,"column":13},"end":{"line":213,"column":null}}},"fnMap":{"0":{"name":"(anonymous_4)","decl":{"start":{"line":29,"column":2},"end":{"line":29,"column":31}},"loc":{"start":{"line":29,"column":59},"end":{"line":29,"column":63}}},"1":{"name":"(anonymous_5)","decl":{"start":{"line":61,"column":2},"end":{"line":61,"column":8}},"loc":{"start":{"line":61,"column":47},"end":{"line":63,"column":3}}},"2":{"name":"(anonymous_6)","decl":{"start":{"line":87,"column":2},"end":{"line":87,"column":9}},"loc":{"start":{"line":87,"column":9},"end":{"line":89,"column":3}}},"3":{"name":"(anonymous_7)","decl":{"start":{"line":113,"column":2},"end":{"line":113,"column":12}},"loc":{"start":{"line":113,"column":12},"end":{"line":115,"column":3}}},"4":{"name":"(anonymous_8)","decl":{"start":{"line":143,"column":2},"end":{"line":143,"column":9}},"loc":{"start":{"line":143,"column":48},"end":{"line":145,"column":3}}},"5":{"name":"(anonymous_9)","decl":{"start":{"line":177,"column":2},"end":{"line":177,"column":8}},"loc":{"start":{"line":179,"column":42},"end":{"line":182,"column":3}}},"6":{"name":"(anonymous_10)","decl":{"start":{"line":210,"column":2},"end":{"line":210,"column":8}},"loc":{"start":{"line":210,"column":47},"end":{"line":212,"column":3}}}},"branchMap":{"0":{"loc":{"start":{"line":61,"column":33},"end":{"line":61,"column":50}},"type":"cond-expr","locations":[{"start":{"line":61,"column":47},"end":{"line":61,"column":50}},{"start":{"line":61,"column":47},"end":{"line":61,"column":50}}]},"1":{"loc":{"start":{"line":61,"column":33},"end":{"line":61,"column":47}},"type":"binary-expr","locations":[{"start":{"line":61,"column":33},"end":{"line":61,"column":50}},{"start":{"line":61,"column":33},"end":{"line":61,"column":47}}]},"2":{"loc":{"start":{"line":61,"column":50},"end":{"line":61,"column":null}},"type":"cond-expr","locations":[{"start":{"line":61,"column":57},"end":{"line":61,"column":null}},{"start":{"line":61,"column":57},"end":{"line":61,"column":null}}]},"3":{"loc":{"start":{"line":61,"column":50},"end":{"line":61,"column":57}},"type":"binary-expr","locations":[{"start":{"line":61,"column":50},"end":{"line":61,"column":null}},{"start":{"line":61,"column":50},"end":{"line":61,"column":57}}]},"4":{"loc":{"start":{"line":87,"column":13},"end":{"line":87,"column":null}},"type":"cond-expr","locations":[{"start":{"line":87,"column":20},"end":{"line":87,"column":null}},{"start":{"line":87,"column":20},"end":{"line":87,"column":null}}]},"5":{"loc":{"start":{"line":87,"column":13},"end":{"line":87,"column":20}},"type":"binary-expr","locations":[{"start":{"line":87,"column":13},"end":{"line":87,"column":null}},{"start":{"line":87,"column":13},"end":{"line":87,"column":20}}]},"6":{"loc":{"start":{"line":113,"column":16},"end":{"line":113,"column":null}},"type":"cond-expr","locations":[{"start":{"line":113,"column":23},"end":{"line":113,"column":null}},{"start":{"line":113,"column":23},"end":{"line":113,"column":null}}]},"7":{"loc":{"start":{"line":113,"column":16},"end":{"line":113,"column":23}},"type":"binary-expr","locations":[{"start":{"line":113,"column":16},"end":{"line":113,"column":null}},{"start":{"line":113,"column":16},"end":{"line":113,"column":23}}]},"8":{"loc":{"start":{"line":143,"column":51},"end":{"line":143,"column":null}},"type":"cond-expr","locations":[{"start":{"line":143,"column":58},"end":{"line":143,"column":null}},{"start":{"line":143,"column":58},"end":{"line":143,"column":null}}]},"9":{"loc":{"start":{"line":143,"column":51},"end":{"line":143,"column":58}},"type":"binary-expr","locations":[{"start":{"line":143,"column":51},"end":{"line":143,"column":null}},{"start":{"line":143,"column":51},"end":{"line":143,"column":58}}]},"10":{"loc":{"start":{"line":179,"column":28},"end":{"line":179,"column":null}},"type":"cond-expr","locations":[{"start":{"line":179,"column":42},"end":{"line":179,"column":null}},{"start":{"line":179,"column":42},"end":{"line":179,"column":null}}]},"11":{"loc":{"start":{"line":179,"column":28},"end":{"line":179,"column":42}},"type":"binary-expr","locations":[{"start":{"line":179,"column":28},"end":{"line":179,"column":null}},{"start":{"line":179,"column":28},"end":{"line":179,"column":42}}]},"12":{"loc":{"start":{"line":180,"column":5},"end":{"line":180,"column":null}},"type":"cond-expr","locations":[{"start":{"line":180,"column":12},"end":{"line":180,"column":null}},{"start":{"line":180,"column":12},"end":{"line":180,"column":null}}]},"13":{"loc":{"start":{"line":180,"column":5},"end":{"line":180,"column":12}},"type":"binary-expr","locations":[{"start":{"line":180,"column":5},"end":{"line":180,"column":null}},{"start":{"line":180,"column":5},"end":{"line":180,"column":12}}]},"14":{"loc":{"start":{"line":210,"column":50},"end":{"line":210,"column":null}},"type":"cond-expr","locations":[{"start":{"line":210,"column":57},"end":{"line":210,"column":null}},{"start":{"line":210,"column":57},"end":{"line":210,"column":null}}]},"15":{"loc":{"start":{"line":210,"column":50},"end":{"line":210,"column":57}},"type":"binary-expr","locations":[{"start":{"line":210,"column":50},"end":{"line":210,"column":null}},{"start":{"line":210,"column":50},"end":{"line":210,"column":57}}]},"16":{"loc":{"start":{"line":29,"column":46},"end":{"line":29,"column":62}},"type":"cond-expr","locations":[{"start":{"line":29,"column":59},"end":{"line":29,"column":62}},{"start":{"line":29,"column":59},"end":{"line":29,"column":62}}]},"17":{"loc":{"start":{"line":29,"column":46},"end":{"line":29,"column":59}},"type":"binary-expr","locations":[{"start":{"line":29,"column":46},"end":{"line":29,"column":62}},{"start":{"line":29,"column":46},"end":{"line":29,"column":59}}]}},"s":{"0":1,"1":1,"2":1,"3":1,"4":1,"5":1,"6":1,"7":1,"8":1,"9":7,"10":1,"11":1,"12":1,"13":1,"14":1,"15":1,"16":1,"17":1,"18":1,"19":1,"20":1,"21":1,"22":1,"23":1},"f":{"0":7,"1":1,"2":1,"3":1,"4":1,"5":1,"6":1},"b":{"0":[1,0],"1":[1,1],"2":[1,0],"3":[1,1],"4":[1,0],"5":[1,1],"6":[1,0],"7":[1,1],"8":[1,0],"9":[1,1],"10":[1,0],"11":[1,1],"12":[1,0],"13":[1,1],"14":[1,0],"15":[1,1],"16":[1,0],"17":[1,1]}}
,"/Users/macbook/Desktop/aplicaciones/onenglishproject/onenglishbackend/src/admins/admins.module.ts": {"path":"/Users/macbook/Desktop/aplicaciones/onenglishproject/onenglishbackend/src/admins/admins.module.ts","statementMap":{"0":{"start":{"line":1,"column":0},"end":{"line":1,"column":40}},"1":{"start":{"line":2,"column":0},"end":{"line":2,"column":49}},"2":{"start":{"line":3,"column":0},"end":{"line":3,"column":61}},"3":{"start":{"line":4,"column":0},"end":{"line":4,"column":49}},"4":{"start":{"line":5,"column":0},"end":{"line":5,"column":55}},"5":{"start":{"line":13,"column":7},"end":{"line":13,"column":null}},"6":{"start":{"line":13,"column":13},"end":{"line":13,"column":25}},"7":{"start":{"line":13,"column":13},"end":{"line":13,"column":null}}},"fnMap":{},"branchMap":{},"s":{"0":0,"1":0,"2":0,"3":0,"4":0,"5":0,"6":0,"7":0},"f":{},"b":{}}
,"/Users/macbook/Desktop/aplicaciones/onenglishproject/onenglishbackend/src/admins/admins.service.ts": {"path":"/Users/macbook/Desktop/aplicaciones/onenglishproject/onenglishbackend/src/admins/admins.service.ts","statementMap":{"0":{"start":{"line":1,"column":0},"end":{"line":1,"column":null}},"1":{"start":{"line":7,"column":0},"end":{"line":7,"column":59}},"2":{"start":{"line":8,"column":0},"end":{"line":8,"column":64}},"3":{"start":{"line":14,"column":7},"end":{"line":265,"column":null}},"4":{"start":{"line":16,"column":21},"end":{"line":16,"column":29}},"5":{"start":{"line":17,"column":21},"end":{"line":17,"column":36}},"6":{"start":{"line":21,"column":4},"end":{"line":135,"column":5}},"7":{"start":{"line":23,"column":28},"end":{"line":25,"column":8}},"8":{"start":{"line":27,"column":6},"end":{"line":31,"column":7}},"9":{"start":{"line":28,"column":8},"end":{"line":30,"column":10}},"10":{"start":{"line":34,"column":19},"end":{"line":36,"column":8}},"11":{"start":{"line":38,"column":6},"end":{"line":40,"column":7}},"12":{"start":{"line":39,"column":8},"end":{"line":39,"column":76}},"13":{"start":{"line":43,"column":34},"end":{"line":45,"column":8}},"14":{"start":{"line":47,"column":6},"end":{"line":49,"column":7}},"15":{"start":{"line":48,"column":8},"end":{"line":48,"column":73}},"16":{"start":{"line":52,"column":22},"end":{"line":54,"column":8}},"17":{"start":{"line":56,"column":6},"end":{"line":63,"column":7}},"18":{"start":{"line":57,"column":8},"end":{"line":62,"column":11}},"19":{"start":{"line":66,"column":30},"end":{"line":66,"column":32}},"20":{"start":{"line":68,"column":6},"end":{"line":79,"column":7}},"21":{"start":{"line":70,"column":33},"end":{"line":72,"column":10}},"22":{"start":{"line":73,"column":8},"end":{"line":77,"column":9}},"23":{"start":{"line":74,"column":10},"end":{"line":76,"column":12}},"24":{"start":{"line":78,"column":8},"end":{"line":78,"column":43}},"25":{"start":{"line":81,"column":6},"end":{"line":85,"column":7}},"26":{"start":{"line":82,"column":8},"end":{"line":84,"column":10}},"27":{"start":{"line":87,"column":6},"end":{"line":92,"column":7}},"28":{"start":{"line":88,"column":8},"end":{"line":91,"column":11}},"29":{"start":{"line":95,"column":27},"end":{"line":100,"column":8}},"30":{"start":{"line":102,"column":6},"end":{"line":109,"column":7}},"31":{"start":{"line":103,"column":8},"end":{"line":108,"column":11}},"32":{"start":{"line":112,"column":20},"end":{"line":124,"column":8}},"33":{"start":{"line":126,"column":6},"end":{"line":126,"column":19}},"34":{"start":{"line":128,"column":6},"end":{"line":133,"column":7}},"35":{"start":{"line":132,"column":8},"end":{"line":132,"column":20}},"36":{"start":{"line":134,"column":6},"end":{"line":134,"column":80}},"37":{"start":{"line":139,"column":4},"end":{"line":149,"column":5}},"38":{"start":{"line":140,"column":21},"end":{"line":144,"column":8}},"39":{"start":{"line":146,"column":6},"end":{"line":146,"column":20}},"40":{"start":{"line":148,"column":6},"end":{"line":148,"column":80}},"41":{"start":{"line":153,"column":4},"end":{"line":179,"column":5}},"42":{"start":{"line":154,"column":20},"end":{"line":167,"column":8}},"43":{"start":{"line":169,"column":6},"end":{"line":171,"column":7}},"44":{"start":{"line":170,"column":8},"end":{"line":170,"column":69}},"45":{"start":{"line":173,"column":6},"end":{"line":173,"column":19}},"46":{"start":{"line":175,"column":6},"end":{"line":177,"column":7}},"47":{"start":{"line":176,"column":8},"end":{"line":176,"column":20}},"48":{"start":{"line":178,"column":6},"end":{"line":178,"column":79}},"49":{"start":{"line":183,"column":4},"end":{"line":222,"column":5}},"50":{"start":{"line":185,"column":6},"end":{"line":185,"column":29}},"51":{"start":{"line":188,"column":6},"end":{"line":198,"column":7}},"52":{"start":{"line":189,"column":30},"end":{"line":191,"column":10}},"53":{"start":{"line":193,"column":8},"end":{"line":197,"column":9}},"54":{"start":{"line":194,"column":10},"end":{"line":196,"column":12}},"55":{"start":{"line":200,"column":20},"end":{"line":211,"column":8}},"56":{"start":{"line":213,"column":6},"end":{"line":213,"column":19}},"57":{"start":{"line":215,"column":6},"end":{"line":220,"column":7}},"58":{"start":{"line":219,"column":8},"end":{"line":219,"column":20}},"59":{"start":{"line":221,"column":6},"end":{"line":221,"column":80}},"60":{"start":{"line":226,"column":4},"end":{"line":246,"column":5}},"61":{"start":{"line":228,"column":20},"end":{"line":230,"column":8}},"62":{"start":{"line":232,"column":6},"end":{"line":234,"column":7}},"63":{"start":{"line":233,"column":8},"end":{"line":233,"column":69}},"64":{"start":{"line":236,"column":27},"end":{"line":238,"column":8}},"65":{"start":{"line":240,"column":6},"end":{"line":240,"column":26}},"66":{"start":{"line":242,"column":6},"end":{"line":244,"column":7}},"67":{"start":{"line":243,"column":8},"end":{"line":243,"column":20}},"68":{"start":{"line":245,"column":6},"end":{"line":245,"column":80}},"69":{"start":{"line":250,"column":4},"end":{"line":263,"column":5}},"70":{"start":{"line":251,"column":21},"end":{"line":256,"column":8}},"71":{"start":{"line":258,"column":6},"end":{"line":258,"column":20}},"72":{"start":{"line":260,"column":6},"end":{"line":262,"column":8}},"73":{"start":{"line":14,"column":13},"end":{"line":14,"column":26}},"74":{"start":{"line":14,"column":13},"end":{"line":265,"column":null}}},"fnMap":{"0":{"name":"(anonymous_2)","decl":{"start":{"line":15,"column":2},"end":{"line":15,"column":null}},"loc":{"start":{"line":17,"column":49},"end":{"line":18,"column":6}}},"1":{"name":"(anonymous_3)","decl":{"start":{"line":20,"column":2},"end":{"line":20,"column":7}},"loc":{"start":{"line":20,"column":34},"end":{"line":136,"column":3}}},"2":{"name":"(anonymous_4)","decl":{"start":{"line":138,"column":2},"end":{"line":138,"column":7}},"loc":{"start":{"line":138,"column":15},"end":{"line":150,"column":3}}},"3":{"name":"(anonymous_5)","decl":{"start":{"line":152,"column":2},"end":{"line":152,"column":7}},"loc":{"start":{"line":152,"column":26},"end":{"line":180,"column":3}}},"4":{"name":"(anonymous_6)","decl":{"start":{"line":182,"column":2},"end":{"line":182,"column":7}},"loc":{"start":{"line":182,"column":46},"end":{"line":223,"column":3}}},"5":{"name":"(anonymous_7)","decl":{"start":{"line":225,"column":2},"end":{"line":225,"column":7}},"loc":{"start":{"line":225,"column":25},"end":{"line":247,"column":3}}},"6":{"name":"(anonymous_8)","decl":{"start":{"line":249,"column":2},"end":{"line":249,"column":7}},"loc":{"start":{"line":249,"column":18},"end":{"line":264,"column":3}}}},"branchMap":{"0":{"loc":{"start":{"line":27,"column":6},"end":{"line":31,"column":7}},"type":"if","locations":[{"start":{"line":27,"column":6},"end":{"line":31,"column":7}},{"start":{},"end":{}}]},"1":{"loc":{"start":{"line":38,"column":6},"end":{"line":40,"column":7}},"type":"if","locations":[{"start":{"line":38,"column":6},"end":{"line":40,"column":7}},{"start":{},"end":{}}]},"2":{"loc":{"start":{"line":47,"column":6},"end":{"line":49,"column":7}},"type":"if","locations":[{"start":{"line":47,"column":6},"end":{"line":49,"column":7}},{"start":{},"end":{}}]},"3":{"loc":{"start":{"line":56,"column":6},"end":{"line":63,"column":7}},"type":"if","locations":[{"start":{"line":56,"column":6},"end":{"line":63,"column":7}},{"start":{},"end":{}}]},"4":{"loc":{"start":{"line":68,"column":6},"end":{"line":79,"column":7}},"type":"if","locations":[{"start":{"line":68,"column":6},"end":{"line":79,"column":7}},{"start":{},"end":{}}]},"5":{"loc":{"start":{"line":73,"column":8},"end":{"line":77,"column":9}},"type":"if","locations":[{"start":{"line":73,"column":8},"end":{"line":77,"column":9}},{"start":{},"end":{}}]},"6":{"loc":{"start":{"line":73,"column":12},"end":{"line":73,"column":66}},"type":"binary-expr","locations":[{"start":{"line":73,"column":12},"end":{"line":73,"column":28}},{"start":{"line":73,"column":32},"end":{"line":73,"column":66}}]},"7":{"loc":{"start":{"line":81,"column":6},"end":{"line":85,"column":7}},"type":"if","locations":[{"start":{"line":81,"column":6},"end":{"line":85,"column":7}},{"start":{},"end":{}}]},"8":{"loc":{"start":{"line":87,"column":6},"end":{"line":92,"column":7}},"type":"if","locations":[{"start":{"line":87,"column":6},"end":{"line":92,"column":7}},{"start":{},"end":{}}]},"9":{"loc":{"start":{"line":102,"column":6},"end":{"line":109,"column":7}},"type":"if","locations":[{"start":{"line":102,"column":6},"end":{"line":109,"column":7}},{"start":{},"end":{}}]},"10":{"loc":{"start":{"line":121,"column":20},"end":{"line":121,"column":40}},"type":"binary-expr","locations":[{"start":{"line":121,"column":20},"end":{"line":121,"column":32}},{"start":{"line":121,"column":36},"end":{"line":121,"column":40}}]},"11":{"loc":{"start":{"line":128,"column":6},"end":{"line":133,"column":7}},"type":"if","locations":[{"start":{"line":128,"column":6},"end":{"line":133,"column":7}},{"start":{},"end":{}}]},"12":{"loc":{"start":{"line":129,"column":8},"end":{"line":130,"column":42}},"type":"binary-expr","locations":[{"start":{"line":129,"column":8},"end":{"line":129,"column":42}},{"start":{"line":130,"column":8},"end":{"line":130,"column":42}}]},"13":{"loc":{"start":{"line":169,"column":6},"end":{"line":171,"column":7}},"type":"if","locations":[{"start":{"line":169,"column":6},"end":{"line":171,"column":7}},{"start":{},"end":{}}]},"14":{"loc":{"start":{"line":175,"column":6},"end":{"line":177,"column":7}},"type":"if","locations":[{"start":{"line":175,"column":6},"end":{"line":177,"column":7}},{"start":{},"end":{}}]},"15":{"loc":{"start":{"line":188,"column":6},"end":{"line":198,"column":7}},"type":"if","locations":[{"start":{"line":188,"column":6},"end":{"line":198,"column":7}},{"start":{},"end":{}}]},"16":{"loc":{"start":{"line":193,"column":8},"end":{"line":197,"column":9}},"type":"if","locations":[{"start":{"line":193,"column":8},"end":{"line":197,"column":9}},{"start":{},"end":{}}]},"17":{"loc":{"start":{"line":193,"column":12},"end":{"line":193,"column":52}},"type":"binary-expr","locations":[{"start":{"line":193,"column":12},"end":{"line":193,"column":25}},{"start":{"line":193,"column":29},"end":{"line":193,"column":52}}]},"18":{"loc":{"start":{"line":215,"column":6},"end":{"line":220,"column":7}},"type":"if","locations":[{"start":{"line":215,"column":6},"end":{"line":220,"column":7}},{"start":{},"end":{}}]},"19":{"loc":{"start":{"line":216,"column":8},"end":{"line":217,"column":42}},"type":"binary-expr","locations":[{"start":{"line":216,"column":8},"end":{"line":216,"column":42}},{"start":{"line":217,"column":8},"end":{"line":217,"column":42}}]},"20":{"loc":{"start":{"line":232,"column":6},"end":{"line":234,"column":7}},"type":"if","locations":[{"start":{"line":232,"column":6},"end":{"line":234,"column":7}},{"start":{},"end":{}}]},"21":{"loc":{"start":{"line":242,"column":6},"end":{"line":244,"column":7}},"type":"if","locations":[{"start":{"line":242,"column":6},"end":{"line":244,"column":7}},{"start":{},"end":{}}]},"22":{"loc":{"start":{"line":16,"column":29},"end":{"line":16,"column":null}},"type":"cond-expr","locations":[{"start":{"line":16,"column":42},"end":{"line":16,"column":null}},{"start":{"line":16,"column":42},"end":{"line":16,"column":null}}]},"23":{"loc":{"start":{"line":16,"column":29},"end":{"line":16,"column":42}},"type":"binary-expr","locations":[{"start":{"line":16,"column":29},"end":{"line":16,"column":null}},{"start":{"line":16,"column":29},"end":{"line":16,"column":42}}]},"24":{"loc":{"start":{"line":16,"column":42},"end":{"line":17,"column":null}},"type":"cond-expr","locations":[{"start":{"line":17,"column":49},"end":{"line":17,"column":null}},{"start":{"line":17,"column":49},"end":{"line":17,"column":null}}]},"25":{"loc":{"start":{"line":16,"column":42},"end":{"line":17,"column":49}},"type":"binary-expr","locations":[{"start":{"line":16,"column":42},"end":{"line":17,"column":null}},{"start":{"line":17,"column":36},"end":{"line":17,"column":49}}]}},"s":{"0":2,"1":2,"2":2,"3":2,"4":11,"5":11,"6":3,"7":3,"8":3,"9":1,"10":2,"11":2,"12":1,"13":1,"14":1,"15":0,"16":1,"17":1,"18":0,"19":1,"20":1,"21":0,"22":0,"23":0,"24":0,"25":1,"26":0,"27":1,"28":0,"29":1,"30":1,"31":1,"32":1,"33":1,"34":2,"35":2,"36":0,"37":1,"38":1,"39":1,"40":0,"41":3,"42":3,"43":3,"44":1,"45":2,"46":1,"47":1,"48":0,"49":1,"50":1,"51":1,"52":0,"53":0,"54":0,"55":1,"56":1,"57":0,"58":0,"59":0,"60":2,"61":2,"62":2,"63":1,"64":1,"65":1,"66":1,"67":1,"68":0,"69":1,"70":1,"71":1,"72":0,"73":2,"74":2},"f":{"0":11,"1":3,"2":1,"3":3,"4":1,"5":2,"6":1},"b":{"0":[1,2],"1":[1,1],"2":[0,1],"3":[0,1],"4":[0,1],"5":[0,0],"6":[0,0],"7":[0,1],"8":[0,1],"9":[1,0],"10":[1,1],"11":[2,0],"12":[2,1],"13":[1,2],"14":[1,0],"15":[0,1],"16":[0,0],"17":[0,0],"18":[0,0],"19":[0,0],"20":[1,1],"21":[1,0],"22":[2,0],"23":[2,2],"24":[2,0],"25":[2,2]}}
,"/Users/macbook/Desktop/aplicaciones/onenglishproject/onenglishbackend/src/admins/index.ts": {"path":"/Users/macbook/Desktop/aplicaciones/onenglishproject/onenglishbackend/src/admins/index.ts","statementMap":{"0":{"start":{"line":1,"column":0},"end":{"line":1,"column":32}},"1":{"start":{"line":2,"column":0},"end":{"line":2,"column":33}},"2":{"start":{"line":3,"column":0},"end":{"line":3,"column":36}},"3":{"start":{"line":4,"column":0},"end":{"line":4,"column":39}},"4":{"start":{"line":5,"column":0},"end":{"line":5,"column":39}},"5":{"start":{"line":6,"column":0},"end":{"line":6,"column":40}}},"fnMap":{},"branchMap":{},"s":{"0":0,"1":0,"2":0,"3":0,"4":0,"5":0},"f":{},"b":{}}
,"/Users/macbook/Desktop/aplicaciones/onenglishproject/onenglishbackend/src/admins/dto/create-admin.dto.ts": {"path":"/Users/macbook/Desktop/aplicaciones/onenglishproject/onenglishbackend/src/admins/dto/create-admin.dto.ts","statementMap":{"0":{"start":{"line":1,"column":0},"end":{"line":1,"column":67}},"1":{"start":{"line":2,"column":0},"end":{"line":2,"column":null}},"2":{"start":{"line":13,"column":0},"end":{"line":13,"column":13}},"3":{"start":{"line":21,"column":2},"end":{"line":21,"column":null}},"4":{"start":{"line":30,"column":2},"end":{"line":30,"column":null}},"5":{"start":{"line":37,"column":2},"end":{"line":37,"column":null}},"6":{"start":{"line":44,"column":2},"end":{"line":44,"column":null}},"7":{"start":{"line":54,"column":2},"end":{"line":54,"column":null}},"8":{"start":{"line":64,"column":2},"end":{"line":64,"column":null}},"9":{"start":{"line":73,"column":2},"end":{"line":73,"column":null}},"10":{"start":{"line":81,"column":2},"end":{"line":81,"column":null}},"11":{"start":{"line":90,"column":2},"end":{"line":90,"column":null}},"12":{"start":{"line":99,"column":2},"end":{"line":99,"column":null}}},"fnMap":{},"branchMap":{},"s":{"0":1,"1":1,"2":1,"3":1,"4":1,"5":1,"6":1,"7":1,"8":1,"9":1,"10":1,"11":1,"12":1},"f":{},"b":{}}
,"/Users/macbook/Desktop/aplicaciones/onenglishproject/onenglishbackend/src/admins/dto/update-admin.dto.ts": {"path":"/Users/macbook/Desktop/aplicaciones/onenglishproject/onenglishbackend/src/admins/dto/update-admin.dto.ts","statementMap":{"0":{"start":{"line":1,"column":0},"end":{"line":1,"column":54}},"1":{"start":{"line":2,"column":0},"end":{"line":2,"column":null}},"2":{"start":{"line":12,"column":0},"end":{"line":12,"column":13}},"3":{"start":{"line":21,"column":2},"end":{"line":21,"column":null}},"4":{"start":{"line":31,"column":2},"end":{"line":31,"column":null}},"5":{"start":{"line":39,"column":2},"end":{"line":39,"column":null}},"6":{"start":{"line":48,"column":2},"end":{"line":48,"column":null}},"7":{"start":{"line":56,"column":2},"end":{"line":56,"column":null}},"8":{"start":{"line":65,"column":2},"end":{"line":65,"column":null}},"9":{"start":{"line":73,"column":2},"end":{"line":73,"column":null}}},"fnMap":{},"branchMap":{},"s":{"0":1,"1":1,"2":1,"3":1,"4":1,"5":1,"6":1,"7":1,"8":1,"9":1},"f":{},"b":{}}
,"/Users/macbook/Desktop/aplicaciones/onenglishproject/onenglishbackend/src/admins/entities/admin.entity.ts": {"path":"/Users/macbook/Desktop/aplicaciones/onenglishproject/onenglishbackend/src/admins/entities/admin.entity.ts","statementMap":{"0":{"start":{"line":1,"column":0},"end":{"line":1,"column":67}},"1":{"start":{"line":4,"column":0},"end":{"line":4,"column":13}},"2":{"start":{"line":9,"column":2},"end":{"line":9,"column":null}},"3":{"start":{"line":15,"column":2},"end":{"line":15,"column":null}},"4":{"start":{"line":21,"column":2},"end":{"line":21,"column":null}},"5":{"start":{"line":27,"column":2},"end":{"line":27,"column":null}},"6":{"start":{"line":33,"column":2},"end":{"line":33,"column":null}},"7":{"start":{"line":39,"column":2},"end":{"line":39,"column":null}},"8":{"start":{"line":45,"column":2},"end":{"line":45,"column":null}},"9":{"start":{"line":51,"column":2},"end":{"line":51,"column":null}},"10":{"start":{"line":57,"column":2},"end":{"line":57,"column":null}},"11":{"start":{"line":63,"column":2},"end":{"line":63,"column":null}},"12":{"start":{"line":69,"column":2},"end":{"line":69,"column":null}}},"fnMap":{},"branchMap":{"0":{"loc":{"start":{"line":63,"column":13},"end":{"line":63,"column":18}},"type":"cond-expr","locations":[{"start":{"line":63,"column":17},"end":{"line":63,"column":18}},{"start":{"line":63,"column":17},"end":{"line":63,"column":18}}]},"1":{"loc":{"start":{"line":63,"column":13},"end":{"line":63,"column":17}},"type":"binary-expr","locations":[{"start":{"line":63,"column":13},"end":{"line":63,"column":18}},{"start":{"line":63,"column":13},"end":{"line":63,"column":17}}]},"2":{"loc":{"start":{"line":69,"column":13},"end":{"line":69,"column":18}},"type":"cond-expr","locations":[{"start":{"line":69,"column":17},"end":{"line":69,"column":18}},{"start":{"line":69,"column":17},"end":{"line":69,"column":18}}]},"3":{"loc":{"start":{"line":69,"column":13},"end":{"line":69,"column":17}},"type":"binary-expr","locations":[{"start":{"line":69,"column":13},"end":{"line":69,"column":18}},{"start":{"line":69,"column":13},"end":{"line":69,"column":17}}]}},"s":{"0":1,"1":1,"2":1,"3":1,"4":1,"5":1,"6":1,"7":1,"8":1,"9":1,"10":1,"11":1,"12":1},"f":{},"b":{"0":[1,0],"1":[1,1],"2":[1,0],"3":[1,1]}}
,"/Users/macbook/Desktop/aplicaciones/onenglishproject/onenglishbackend/src/ai/ai.module.ts": {"path":"/Users/macbook/Desktop/aplicaciones/onenglishproject/onenglishbackend/src/ai/ai.module.ts","statementMap":{"0":{"start":{"line":1,"column":0},"end":{"line":1,"column":null}},"1":{"start":{"line":8,"column":0},"end":{"line":8,"column":59}},"2":{"start":{"line":18,"column":47},"end":{"line":18,"column":59}},"3":{"start":{"line":24,"column":4},"end":{"line":30,"column":6}},"4":{"start":{"line":27,"column":8},"end":{"line":27,"column":35}},"5":{"start":{"line":37,"column":4},"end":{"line":41,"column":6}},"6":{"start":{"line":45,"column":4},"end":{"line":55,"column":6}},"7":{"start":{"line":59,"column":4},"end":{"line":67,"column":6}},"8":{"start":{"line":72,"column":25},"end":{"line":72,"column":46}},"9":{"start":{"line":73,"column":4},"end":{"line":83,"column":6}},"10":{"start":{"line":90,"column":25},"end":{"line":90,"column":46}},"11":{"start":{"line":91,"column":4},"end":{"line":99,"column":6}},"12":{"start":{"line":17,"column":13},"end":{"line":17,"column":21}},"13":{"start":{"line":17,"column":13},"end":{"line":101,"column":null}}},"fnMap":{"0":{"name":"(anonymous_1)","decl":{"start":{"line":20,"column":10},"end":{"line":20,"column":16}},"loc":{"start":{"line":22,"column":24},"end":{"line":31,"column":3}}},"1":{"name":"(anonymous_2)","decl":{"start":{"line":26,"column":18},"end":{"line":26,"column":19}},"loc":{"start":{"line":26,"column":45},"end":{"line":28,"column":7}}},"2":{"name":"(anonymous_3)","decl":{"start":{"line":33,"column":10},"end":{"line":33,"column":16}},"loc":{"start":{"line":35,"column":33},"end":{"line":42,"column":3}}},"3":{"name":"(anonymous_4)","decl":{"start":{"line":44,"column":2},"end":{"line":44,"column":8}},"loc":{"start":{"line":44,"column":42},"end":{"line":56,"column":3}}},"4":{"name":"(anonymous_5)","decl":{"start":{"line":58,"column":2},"end":{"line":58,"column":8}},"loc":{"start":{"line":58,"column":51},"end":{"line":68,"column":3}}},"5":{"name":"(anonymous_6)","decl":{"start":{"line":71,"column":2},"end":{"line":71,"column":8}},"loc":{"start":{"line":71,"column":60},"end":{"line":84,"column":3}}},"6":{"name":"(anonymous_7)","decl":{"start":{"line":86,"column":2},"end":{"line":86,"column":8}},"loc":{"start":{"line":88,"column":33},"end":{"line":100,"column":3}}}},"branchMap":{"0":{"loc":{"start":{"line":40,"column":14},"end":{"line":40,"column":34}},"type":"binary-expr","locations":[{"start":{"line":40,"column":14},"end":{"line":40,"column":28}},{"start":{"line":40,"column":32},"end":{"line":40,"column":34}}]},"1":{"loc":{"start":{"line":61,"column":15},"end":{"line":61,"column":36}},"type":"binary-expr","locations":[{"start":{"line":61,"column":15},"end":{"line":61,"column":30}},{"start":{"line":61,"column":34},"end":{"line":61,"column":36}}]},"2":{"loc":{"start":{"line":93,"column":15},"end":{"line":93,"column":36}},"type":"binary-expr","locations":[{"start":{"line":93,"column":15},"end":{"line":93,"column":30}},{"start":{"line":93,"column":34},"end":{"line":93,"column":36}}]}},"s":{"0":0,"1":0,"2":0,"3":0,"4":0,"5":0,"6":0,"7":0,"8":0,"9":0,"10":0,"11":0,"12":0,"13":0},"f":{"0":0,"1":0,"2":0,"3":0,"4":0,"5":0,"6":0},"b":{"0":[0,0],"1":[0,0],"2":[0,0]}}
,"/Users/macbook/Desktop/aplicaciones/onenglishproject/onenglishbackend/src/ai/ai.service.ts": {"path":"/Users/macbook/Desktop/aplicaciones/onenglishproject/onenglishbackend/src/ai/ai.service.ts","statementMap":{"0":{"start":{"line":1,"column":0},"end":{"line":1,"column":44}},"1":{"start":{"line":2,"column":0},"end":{"line":2,"column":64}},"2":{"start":{"line":13,"column":7},"end":{"line":52,"column":null}},"3":{"start":{"line":16,"column":31},"end":{"line":16,"column":56}},"4":{"start":{"line":20,"column":4},"end":{"line":24,"column":7}},"5":{"start":{"line":28,"column":16},"end":{"line":28,"column":51}},"6":{"start":{"line":29,"column":21},"end":{"line":29,"column":47}},"7":{"start":{"line":30,"column":4},"end":{"line":30,"column":28}},"8":{"start":{"line":34,"column":20},"end":{"line":34,"column":45}},"9":{"start":{"line":36,"column":4},"end":{"line":38,"column":5}},"10":{"start":{"line":37,"column":6},"end":{"line":37,"column":21}},"11":{"start":{"line":41,"column":4},"end":{"line":48,"column":5}},"12":{"start":{"line":42,"column":6},"end":{"line":47,"column":20}},"13":{"start":{"line":44,"column":10},"end":{"line":44,"column":68}},"14":{"start":{"line":50,"column":4},"end":{"line":50,"column":27}},"15":{"start":{"line":13,"column":13},"end":{"line":13,"column":22}},"16":{"start":{"line":13,"column":13},"end":{"line":52,"column":null}}},"fnMap":{"0":{"name":"(anonymous_2)","decl":{"start":{"line":16,"column":2},"end":{"line":16,"column":31}},"loc":{"start":{"line":16,"column":56},"end":{"line":16,"column":60}}},"1":{"name":"(anonymous_3)","decl":{"start":{"line":19,"column":2},"end":{"line":19,"column":7}},"loc":{"start":{"line":19,"column":20},"end":{"line":25,"column":3}}},"2":{"name":"(anonymous_4)","decl":{"start":{"line":27,"column":2},"end":{"line":27,"column":7}},"loc":{"start":{"line":27,"column":29},"end":{"line":31,"column":3}}},"3":{"name":"(anonymous_5)","decl":{"start":{"line":33,"column":2},"end":{"line":33,"column":7}},"loc":{"start":{"line":33,"column":33},"end":{"line":51,"column":3}}},"4":{"name":"(anonymous_6)","decl":{"start":{"line":43,"column":13},"end":{"line":43,"column":14}},"loc":{"start":{"line":44,"column":10},"end":{"line":44,"column":68}}}},"branchMap":{"0":{"loc":{"start":{"line":23,"column":19},"end":{"line":23,"column":50}},"type":"binary-expr","locations":[{"start":{"line":23,"column":19},"end":{"line":23,"column":43}},{"start":{"line":23,"column":47},"end":{"line":23,"column":50}}]},"1":{"loc":{"start":{"line":36,"column":4},"end":{"line":38,"column":5}},"type":"if","locations":[{"start":{"line":36,"column":4},"end":{"line":38,"column":5}},{"start":{},"end":{}}]},"2":{"loc":{"start":{"line":41,"column":4},"end":{"line":48,"column":5}},"type":"if","locations":[{"start":{"line":41,"column":4},"end":{"line":48,"column":5}},{"start":{},"end":{}}]},"3":{"loc":{"start":{"line":44,"column":10},"end":{"line":44,"column":68}},"type":"cond-expr","locations":[{"start":{"line":44,"column":37},"end":{"line":44,"column":41}},{"start":{"line":44,"column":45},"end":{"line":44,"column":68}}]},"4":{"loc":{"start":{"line":44,"column":45},"end":{"line":44,"column":68}},"type":"binary-expr","locations":[{"start":{"line":44,"column":45},"end":{"line":44,"column":62}},{"start":{"line":44,"column":66},"end":{"line":44,"column":68}}]}},"s":{"0":0,"1":0,"2":0,"3":0,"4":0,"5":0,"6":0,"7":0,"8":0,"9":0,"10":0,"11":0,"12":0,"13":0,"14":0,"15":0,"16":0},"f":{"0":0,"1":0,"2":0,"3":0,"4":0},"b":{"0":[0,0],"1":[0,0],"2":[0,0],"3":[0,0],"4":[0,0]}}
,"/Users/macbook/Desktop/aplicaciones/onenglishproject/onenglishbackend/src/analytics/analytics.controller.ts": {"path":"/Users/macbook/Desktop/aplicaciones/onenglishproject/onenglishbackend/src/analytics/analytics.controller.ts","statementMap":{"0":{"start":{"line":1,"column":0},"end":{"line":1,"column":83}},"1":{"start":{"line":2,"column":0},"end":{"line":2,"column":55}},"2":{"start":{"line":3,"column":0},"end":{"line":3,"column":64}},"3":{"start":{"line":4,"column":0},"end":{"line":4,"column":64}},"4":{"start":{"line":7,"column":7},"end":{"line":34,"column":null}},"5":{"start":{"line":8,"column":31},"end":{"line":8,"column":49}},"6":{"start":{"line":12,"column":4},"end":{"line":12,"column":60}},"7":{"start":{"line":17,"column":4},"end":{"line":17,"column":43}},"8":{"start":{"line":22,"column":4},"end":{"line":22,"column":46}},"9":{"start":{"line":27,"column":4},"end":{"line":27,"column":65}},"10":{"start":{"line":32,"column":4},"end":{"line":32,"column":45}},"11":{"start":{"line":7,"column":13},"end":{"line":7,"column":32}},"12":{"start":{"line":11,"column":2},"end":{"line":13,"column":null}},"13":{"start":{"line":16,"column":2},"end":{"line":18,"column":null}},"14":{"start":{"line":21,"column":2},"end":{"line":23,"column":null}},"15":{"start":{"line":26,"column":2},"end":{"line":28,"column":null}},"16":{"start":{"line":31,"column":2},"end":{"line":33,"column":null}},"17":{"start":{"line":7,"column":13},"end":{"line":34,"column":null}}},"fnMap":{"0":{"name":"(anonymous_4)","decl":{"start":{"line":8,"column":2},"end":{"line":8,"column":31}},"loc":{"start":{"line":8,"column":65},"end":{"line":8,"column":69}}},"1":{"name":"(anonymous_5)","decl":{"start":{"line":11,"column":2},"end":{"line":11,"column":8}},"loc":{"start":{"line":11,"column":55},"end":{"line":13,"column":3}}},"2":{"name":"(anonymous_6)","decl":{"start":{"line":16,"column":2},"end":{"line":16,"column":9}},"loc":{"start":{"line":16,"column":9},"end":{"line":18,"column":3}}},"3":{"name":"(anonymous_7)","decl":{"start":{"line":21,"column":2},"end":{"line":21,"column":9}},"loc":{"start":{"line":21,"column":33},"end":{"line":23,"column":3}}},"4":{"name":"(anonymous_8)","decl":{"start":{"line":26,"column":2},"end":{"line":26,"column":8}},"loc":{"start":{"line":26,"column":80},"end":{"line":28,"column":3}}},"5":{"name":"(anonymous_9)","decl":{"start":{"line":31,"column":2},"end":{"line":31,"column":8}},"loc":{"start":{"line":31,"column":32},"end":{"line":33,"column":3}}}},"branchMap":{"0":{"loc":{"start":{"line":11,"column":37},"end":{"line":11,"column":null}},"type":"cond-expr","locations":[{"start":{"line":11,"column":55},"end":{"line":11,"column":null}},{"start":{"line":11,"column":55},"end":{"line":11,"column":null}}]},"1":{"loc":{"start":{"line":11,"column":37},"end":{"line":11,"column":55}},"type":"binary-expr","locations":[{"start":{"line":11,"column":37},"end":{"line":11,"column":null}},{"start":{"line":11,"column":37},"end":{"line":11,"column":55}}]},"2":{"loc":{"start":{"line":26,"column":62},"end":{"line":26,"column":null}},"type":"cond-expr","locations":[{"start":{"line":26,"column":80},"end":{"line":26,"column":null}},{"start":{"line":26,"column":80},"end":{"line":26,"column":null}}]},"3":{"loc":{"start":{"line":26,"column":62},"end":{"line":26,"column":80}},"type":"binary-expr","locations":[{"start":{"line":26,"column":62},"end":{"line":26,"column":null}},{"start":{"line":26,"column":62},"end":{"line":26,"column":80}}]},"4":{"loc":{"start":{"line":8,"column":49},"end":{"line":8,"column":68}},"type":"cond-expr","locations":[{"start":{"line":8,"column":65},"end":{"line":8,"column":68}},{"start":{"line":8,"column":65},"end":{"line":8,"column":68}}]},"5":{"loc":{"start":{"line":8,"column":49},"end":{"line":8,"column":65}},"type":"binary-expr","locations":[{"start":{"line":8,"column":49},"end":{"line":8,"column":68}},{"start":{"line":8,"column":49},"end":{"line":8,"column":65}}]}},"s":{"0":1,"1":1,"2":1,"3":1,"4":1,"5":1,"6":0,"7":0,"8":0,"9":0,"10":0,"11":1,"12":1,"13":1,"14":1,"15":1,"16":1,"17":1},"f":{"0":1,"1":0,"2":0,"3":0,"4":0,"5":0},"b":{"0":[1,0],"1":[1,1],"2":[1,0],"3":[1,1],"4":[1,0],"5":[1,1]}}
,"/Users/macbook/Desktop/aplicaciones/onenglishproject/onenglishbackend/src/analytics/analytics.module.ts": {"path":"/Users/macbook/Desktop/aplicaciones/onenglishproject/onenglishbackend/src/analytics/analytics.module.ts","statementMap":{"0":{"start":{"line":1,"column":0},"end":{"line":1,"column":40}},"1":{"start":{"line":2,"column":0},"end":{"line":2,"column":55}},"2":{"start":{"line":3,"column":0},"end":{"line":3,"column":61}},"3":{"start":{"line":9,"column":7},"end":{"line":9,"column":null}},"4":{"start":{"line":9,"column":13},"end":{"line":9,"column":28}},"5":{"start":{"line":9,"column":13},"end":{"line":9,"column":null}}},"fnMap":{},"branchMap":{},"s":{"0":0,"1":0,"2":0,"3":0,"4":0,"5":0},"f":{},"b":{}}
,"/Users/macbook/Desktop/aplicaciones/onenglishproject/onenglishbackend/src/analytics/analytics.service.ts": {"path":"/Users/macbook/Desktop/aplicaciones/onenglishproject/onenglishbackend/src/analytics/analytics.service.ts","statementMap":{"0":{"start":{"line":1,"column":0},"end":{"line":1,"column":44}},"1":{"start":{"line":6,"column":7},"end":{"line":26,"column":null}},"2":{"start":{"line":8,"column":4},"end":{"line":8,"column":46}},"3":{"start":{"line":12,"column":4},"end":{"line":12,"column":47}},"4":{"start":{"line":16,"column":4},"end":{"line":16,"column":52}},"5":{"start":{"line":20,"column":4},"end":{"line":20,"column":52}},"6":{"start":{"line":24,"column":4},"end":{"line":24,"column":52}},"7":{"start":{"line":6,"column":13},"end":{"line":6,"column":29}},"8":{"start":{"line":6,"column":13},"end":{"line":26,"column":null}}},"fnMap":{"0":{"name":"(anonymous_1)","decl":{"start":{"line":7,"column":2},"end":{"line":7,"column":8}},"loc":{"start":{"line":7,"column":47},"end":{"line":9,"column":3}}},"1":{"name":"(anonymous_2)","decl":{"start":{"line":11,"column":2},"end":{"line":11,"column":9}},"loc":{"start":{"line":11,"column":9},"end":{"line":13,"column":3}}},"2":{"name":"(anonymous_3)","decl":{"start":{"line":15,"column":2},"end":{"line":15,"column":9}},"loc":{"start":{"line":15,"column":20},"end":{"line":17,"column":3}}},"3":{"name":"(anonymous_4)","decl":{"start":{"line":19,"column":2},"end":{"line":19,"column":8}},"loc":{"start":{"line":19,"column":59},"end":{"line":21,"column":3}}},"4":{"name":"(anonymous_5)","decl":{"start":{"line":23,"column":2},"end":{"line":23,"column":8}},"loc":{"start":{"line":23,"column":19},"end":{"line":25,"column":3}}}},"branchMap":{},"s":{"0":2,"1":2,"2":0,"3":0,"4":0,"5":0,"6":0,"7":2,"8":2},"f":{"0":0,"1":0,"2":0,"3":0,"4":0},"b":{}}
,"/Users/macbook/Desktop/aplicaciones/onenglishproject/onenglishbackend/src/analytics/dto/create-analytics.dto.ts": {"path":"/Users/macbook/Desktop/aplicaciones/onenglishproject/onenglishbackend/src/analytics/dto/create-analytics.dto.ts","statementMap":{"0":{"start":{"line":1,"column":0},"end":{"line":1,"column":13}}},"fnMap":{},"branchMap":{},"s":{"0":1},"f":{},"b":{}}
,"/Users/macbook/Desktop/aplicaciones/onenglishproject/onenglishbackend/src/analytics/dto/update-analytics.dto.ts": {"path":"/Users/macbook/Desktop/aplicaciones/onenglishproject/onenglishbackend/src/analytics/dto/update-analytics.dto.ts","statementMap":{"0":{"start":{"line":1,"column":0},"end":{"line":1,"column":46}},"1":{"start":{"line":2,"column":0},"end":{"line":2,"column":60}},"2":{"start":{"line":4,"column":0},"end":{"line":4,"column":13}}},"fnMap":{},"branchMap":{},"s":{"0":1,"1":1,"2":1},"f":{},"b":{}}
,"/Users/macbook/Desktop/aplicaciones/onenglishproject/onenglishbackend/src/analytics/entities/analytics.entity.ts": {"path":"/Users/macbook/Desktop/aplicaciones/onenglishproject/onenglishbackend/src/analytics/entities/analytics.entity.ts","statementMap":{"0":{"start":{"line":1,"column":0},"end":{"line":1,"column":13}}},"fnMap":{},"branchMap":{},"s":{"0":0},"f":{},"b":{}}
,"/Users/macbook/Desktop/aplicaciones/onenglishproject/onenglishbackend/src/auth/auth.controller.ts": {"path":"/Users/macbook/Desktop/aplicaciones/onenglishproject/onenglishbackend/src/auth/auth.controller.ts","statementMap":{"0":{"start":{"line":1,"column":0},"end":{"line":1,"column":null}},"1":{"start":{"line":11,"column":0},"end":{"line":11,"column":47}},"2":{"start":{"line":12,"column":0},"end":{"line":12,"column":51}},"3":{"start":{"line":13,"column":0},"end":{"line":13,"column":54}},"4":{"start":{"line":14,"column":0},"end":{"line":14,"column":54}},"5":{"start":{"line":15,"column":0},"end":{"line":15,"column":58}},"6":{"start":{"line":16,"column":0},"end":{"line":16,"column":52}},"7":{"start":{"line":17,"column":0},"end":{"line":17,"column":52}},"8":{"start":{"line":18,"column":0},"end":{"line":18,"column":49}},"9":{"start":{"line":19,"column":0},"end":{"line":19,"column":64}},"10":{"start":{"line":20,"column":0},"end":{"line":20,"column":60}},"11":{"start":{"line":21,"column":0},"end":{"line":21,"column":93}},"12":{"start":{"line":22,"column":0},"end":{"line":22,"column":56}},"13":{"start":{"line":28,"column":7},"end":{"line":565,"column":null}},"14":{"start":{"line":30,"column":21},"end":{"line":30,"column":34}},"15":{"start":{"line":31,"column":21},"end":{"line":31,"column":36}},"16":{"start":{"line":32,"column":21},"end":{"line":32,"column":33}},"17":{"start":{"line":33,"column":21},"end":{"line":33,"column":36}},"18":{"start":{"line":82,"column":4},"end":{"line":82,"column":56}},"19":{"start":{"line":142,"column":4},"end":{"line":142,"column":70}},"20":{"start":{"line":211,"column":20},"end":{"line":211,"column":77}},"21":{"start":{"line":213,"column":4},"end":{"line":215,"column":5}},"22":{"start":{"line":214,"column":6},"end":{"line":214,"column":36}},"23":{"start":{"line":217,"column":4},"end":{"line":217,"column":66}},"24":{"start":{"line":262,"column":4},"end":{"line":262,"column":44}},"25":{"start":{"line":279,"column":4},"end":{"line":279,"column":44}},"26":{"start":{"line":318,"column":4},"end":{"line":318,"column":60}},"27":{"start":{"line":338,"column":4},"end":{"line":342,"column":6}},"28":{"start":{"line":381,"column":4},"end":{"line":384,"column":6}},"29":{"start":{"line":420,"column":19},"end":{"line":420,"column":64}},"30":{"start":{"line":421,"column":4},"end":{"line":424,"column":6}},"31":{"start":{"line":459,"column":19},"end":{"line":459,"column":74}},"32":{"start":{"line":460,"column":4},"end":{"line":463,"column":6}},"33":{"start":{"line":484,"column":21},"end":{"line":484,"column":61}},"34":{"start":{"line":485,"column":4},"end":{"line":489,"column":6}},"35":{"start":{"line":513,"column":4},"end":{"line":517,"column":6}},"36":{"start":{"line":541,"column":4},"end":{"line":563,"column":5}},"37":{"start":{"line":542,"column":21},"end":{"line":546,"column":8}},"38":{"start":{"line":548,"column":6},"end":{"line":552,"column":8}},"39":{"start":{"line":554,"column":6},"end":{"line":562,"column":7}},"40":{"start":{"line":555,"column":8},"end":{"line":559,"column":10}},"41":{"start":{"line":561,"column":8},"end":{"line":561,"column":73}},"42":{"start":{"line":28,"column":13},"end":{"line":28,"column":27}},"43":{"start":{"line":81,"column":8},"end":{"line":83,"column":null}},"44":{"start":{"line":141,"column":8},"end":{"line":143,"column":null}},"45":{"start":{"line":209,"column":8},"end":{"line":218,"column":null}},"46":{"start":{"line":261,"column":8},"end":{"line":263,"column":null}},"47":{"start":{"line":278,"column":8},"end":{"line":280,"column":null}},"48":{"start":{"line":317,"column":2},"end":{"line":319,"column":null}},"49":{"start":{"line":337,"column":2},"end":{"line":343,"column":null}},"50":{"start":{"line":380,"column":2},"end":{"line":385,"column":null}},"51":{"start":{"line":419,"column":2},"end":{"line":425,"column":null}},"52":{"start":{"line":458,"column":2},"end":{"line":464,"column":null}},"53":{"start":{"line":483,"column":2},"end":{"line":490,"column":null}},"54":{"start":{"line":512,"column":2},"end":{"line":518,"column":null}},"55":{"start":{"line":540,"column":2},"end":{"line":564,"column":null}},"56":{"start":{"line":28,"column":13},"end":{"line":565,"column":null}}},"fnMap":{"0":{"name":"(anonymous_4)","decl":{"start":{"line":29,"column":2},"end":{"line":29,"column":null}},"loc":{"start":{"line":33,"column":49},"end":{"line":34,"column":6}}},"1":{"name":"(anonymous_5)","decl":{"start":{"line":81,"column":8},"end":{"line":81,"column":16}},"loc":{"start":{"line":81,"column":49},"end":{"line":83,"column":3}}},"2":{"name":"(anonymous_6)","decl":{"start":{"line":141,"column":8},"end":{"line":141,"column":23}},"loc":{"start":{"line":141,"column":70},"end":{"line":143,"column":3}}},"3":{"name":"(anonymous_7)","decl":{"start":{"line":209,"column":8},"end":{"line":209,"column":21}},"loc":{"start":{"line":209,"column":64},"end":{"line":218,"column":3}}},"4":{"name":"(anonymous_8)","decl":{"start":{"line":261,"column":8},"end":{"line":261,"column":13}},"loc":{"start":{"line":261,"column":44},"end":{"line":263,"column":3}}},"5":{"name":"(anonymous_9)","decl":{"start":{"line":278,"column":8},"end":{"line":278,"column":14}},"loc":{"start":{"line":278,"column":36},"end":{"line":280,"column":3}}},"6":{"name":"(anonymous_10)","decl":{"start":{"line":317,"column":2},"end":{"line":317,"column":14}},"loc":{"start":{"line":317,"column":53},"end":{"line":319,"column":3}}},"7":{"name":"(anonymous_11)","decl":{"start":{"line":337,"column":2},"end":{"line":337,"column":15}},"loc":{"start":{"line":337,"column":37},"end":{"line":343,"column":3}}},"8":{"name":"(anonymous_12)","decl":{"start":{"line":380,"column":2},"end":{"line":380,"column":12}},"loc":{"start":{"line":380,"column":34},"end":{"line":385,"column":3}}},"9":{"name":"(anonymous_13)","decl":{"start":{"line":419,"column":2},"end":{"line":419,"column":21}},"loc":{"start":{"line":419,"column":56},"end":{"line":425,"column":3}}},"10":{"name":"(anonymous_14)","decl":{"start":{"line":458,"column":2},"end":{"line":458,"column":26}},"loc":{"start":{"line":458,"column":61},"end":{"line":464,"column":3}}},"11":{"name":"(anonymous_15)","decl":{"start":{"line":483,"column":2},"end":{"line":483,"column":24}},"loc":{"start":{"line":483,"column":24},"end":{"line":490,"column":3}}},"12":{"name":"(anonymous_16)","decl":{"start":{"line":512,"column":2},"end":{"line":512,"column":13}},"loc":{"start":{"line":512,"column":13},"end":{"line":518,"column":3}}},"13":{"name":"(anonymous_17)","decl":{"start":{"line":540,"column":2},"end":{"line":540,"column":12}},"loc":{"start":{"line":540,"column":12},"end":{"line":564,"column":3}}}},"branchMap":{"0":{"loc":{"start":{"line":213,"column":4},"end":{"line":215,"column":5}},"type":"if","locations":[{"start":{"line":213,"column":4},"end":{"line":215,"column":5}},{"start":{},"end":{}}]},"1":{"loc":{"start":{"line":554,"column":6},"end":{"line":562,"column":7}},"type":"if","locations":[{"start":{"line":554,"column":6},"end":{"line":562,"column":7}},{"start":{"line":560,"column":13},"end":{"line":562,"column":7}}]},"2":{"loc":{"start":{"line":81,"column":38},"end":{"line":81,"column":null}},"type":"cond-expr","locations":[{"start":{"line":81,"column":49},"end":{"line":81,"column":null}},{"start":{"line":81,"column":49},"end":{"line":81,"column":null}}]},"3":{"loc":{"start":{"line":81,"column":38},"end":{"line":81,"column":49}},"type":"binary-expr","locations":[{"start":{"line":81,"column":38},"end":{"line":81,"column":null}},{"start":{"line":81,"column":38},"end":{"line":81,"column":49}}]},"4":{"loc":{"start":{"line":141,"column":52},"end":{"line":141,"column":null}},"type":"cond-expr","locations":[{"start":{"line":141,"column":70},"end":{"line":141,"column":null}},{"start":{"line":141,"column":70},"end":{"line":141,"column":null}}]},"5":{"loc":{"start":{"line":141,"column":52},"end":{"line":141,"column":70}},"type":"binary-expr","locations":[{"start":{"line":141,"column":52},"end":{"line":141,"column":null}},{"start":{"line":141,"column":52},"end":{"line":141,"column":70}}]},"6":{"loc":{"start":{"line":209,"column":48},"end":{"line":209,"column":null}},"type":"cond-expr","locations":[{"start":{"line":209,"column":64},"end":{"line":209,"column":null}},{"start":{"line":209,"column":64},"end":{"line":209,"column":null}}]},"7":{"loc":{"start":{"line":209,"column":48},"end":{"line":209,"column":64}},"type":"binary-expr","locations":[{"start":{"line":209,"column":48},"end":{"line":209,"column":null}},{"start":{"line":209,"column":48},"end":{"line":209,"column":64}}]},"8":{"loc":{"start":{"line":261,"column":32},"end":{"line":261,"column":null}},"type":"cond-expr","locations":[{"start":{"line":261,"column":44},"end":{"line":261,"column":null}},{"start":{"line":261,"column":44},"end":{"line":261,"column":null}}]},"9":{"loc":{"start":{"line":261,"column":32},"end":{"line":261,"column":44}},"type":"binary-expr","locations":[{"start":{"line":261,"column":32},"end":{"line":261,"column":null}},{"start":{"line":261,"column":32},"end":{"line":261,"column":44}}]},"10":{"loc":{"start":{"line":30,"column":34},"end":{"line":30,"column":null}},"type":"cond-expr","locations":[{"start":{"line":30,"column":45},"end":{"line":30,"column":null}},{"start":{"line":30,"column":45},"end":{"line":30,"column":null}}]},"11":{"loc":{"start":{"line":30,"column":34},"end":{"line":30,"column":45}},"type":"binary-expr","locations":[{"start":{"line":30,"column":34},"end":{"line":30,"column":null}},{"start":{"line":30,"column":34},"end":{"line":30,"column":45}}]},"12":{"loc":{"start":{"line":30,"column":45},"end":{"line":31,"column":null}},"type":"cond-expr","locations":[{"start":{"line":31,"column":49},"end":{"line":31,"column":null}},{"start":{"line":31,"column":49},"end":{"line":31,"column":null}}]},"13":{"loc":{"start":{"line":30,"column":45},"end":{"line":31,"column":49}},"type":"binary-expr","locations":[{"start":{"line":30,"column":45},"end":{"line":31,"column":null}},{"start":{"line":31,"column":36},"end":{"line":31,"column":49}}]},"14":{"loc":{"start":{"line":31,"column":49},"end":{"line":32,"column":null}},"type":"cond-expr","locations":[{"start":{"line":32,"column":43},"end":{"line":32,"column":null}},{"start":{"line":32,"column":43},"end":{"line":32,"column":null}}]},"15":{"loc":{"start":{"line":31,"column":49},"end":{"line":32,"column":43}},"type":"binary-expr","locations":[{"start":{"line":31,"column":49},"end":{"line":32,"column":null}},{"start":{"line":32,"column":33},"end":{"line":32,"column":43}}]},"16":{"loc":{"start":{"line":32,"column":43},"end":{"line":33,"column":null}},"type":"cond-expr","locations":[{"start":{"line":33,"column":49},"end":{"line":33,"column":null}},{"start":{"line":33,"column":49},"end":{"line":33,"column":null}}]},"17":{"loc":{"start":{"line":32,"column":43},"end":{"line":33,"column":49}},"type":"binary-expr","locations":[{"start":{"line":32,"column":43},"end":{"line":33,"column":null}},{"start":{"line":33,"column":36},"end":{"line":33,"column":49}}]}},"s":{"0":0,"1":0,"2":0,"3":0,"4":0,"5":0,"6":0,"7":0,"8":0,"9":0,"10":0,"11":0,"12":0,"13":0,"14":0,"15":0,"16":0,"17":0,"18":0,"19":0,"20":0,"21":0,"22":0,"23":0,"24":0,"25":0,"26":0,"27":0,"28":0,"29":0,"30":0,"31":0,"32":0,"33":0,"34":0,"35":0,"36":0,"37":0,"38":0,"39":0,"40":0,"41":0,"42":0,"43":0,"44":0,"45":0,"46":0,"47":0,"48":0,"49":0,"50":0,"51":0,"52":0,"53":0,"54":0,"55":0,"56":0},"f":{"0":0,"1":0,"2":0,"3":0,"4":0,"5":0,"6":0,"7":0,"8":0,"9":0,"10":0,"11":0,"12":0,"13":0},"b":{"0":[0,0],"1":[0,0],"2":[0,0],"3":[0,0],"4":[0,0],"5":[0,0],"6":[0,0],"7":[0,0],"8":[0,0],"9":[0,0],"10":[0,0],"11":[0,0],"12":[0,0],"13":[0,0],"14":[0,0],"15":[0,0],"16":[0,0],"17":[0,0]}}
,"/Users/macbook/Desktop/aplicaciones/onenglishproject/onenglishbackend/src/auth/auth.module.ts": {"path":"/Users/macbook/Desktop/aplicaciones/onenglishproject/onenglishbackend/src/auth/auth.module.ts","statementMap":{"0":{"start":{"line":1,"column":0},"end":{"line":1,"column":40}},"1":{"start":{"line":2,"column":0},"end":{"line":2,"column":40}},"2":{"start":{"line":3,"column":0},"end":{"line":3,"column":50}},"3":{"start":{"line":4,"column":0},"end":{"line":4,"column":61}},"4":{"start":{"line":5,"column":0},"end":{"line":5,"column":51}},"5":{"start":{"line":6,"column":0},"end":{"line":6,"column":54}},"6":{"start":{"line":7,"column":0},"end":{"line":7,"column":58}},"7":{"start":{"line":8,"column":0},"end":{"line":8,"column":52}},"8":{"start":{"line":9,"column":0},"end":{"line":9,"column":52}},"9":{"start":{"line":10,"column":0},"end":{"line":10,"column":61}},"10":{"start":{"line":11,"column":0},"end":{"line":11,"column":56}},"11":{"start":{"line":46,"column":7},"end":{"line":46,"column":null}},"12":{"start":{"line":46,"column":13},"end":{"line":46,"column":23}},"13":{"start":{"line":46,"column":13},"end":{"line":46,"column":null}},"14":{"start":{"line":19,"column":53},"end":{"line":26,"column":8}}},"fnMap":{"0":{"name":"(anonymous_1)","decl":{"start":{"line":19,"column":18},"end":{"line":19,"column":19}},"loc":{"start":{"line":19,"column":53},"end":{"line":26,"column":8}}}},"branchMap":{"0":{"loc":{"start":{"line":23,"column":12},"end":{"line":23,"column":72}},"type":"binary-expr","locations":[{"start":{"line":23,"column":12},"end":{"line":23,"column":62}},{"start":{"line":23,"column":66},"end":{"line":23,"column":72}}]}},"s":{"0":0,"1":0,"2":0,"3":0,"4":0,"5":0,"6":0,"7":0,"8":0,"9":0,"10":0,"11":0,"12":0,"13":0,"14":0},"f":{"0":0},"b":{"0":[0,0]}}
,"/Users/macbook/Desktop/aplicaciones/onenglishproject/onenglishbackend/src/auth/decorators/auth.decorator.ts": {"path":"/Users/macbook/Desktop/aplicaciones/onenglishproject/onenglishbackend/src/auth/decorators/auth.decorator.ts","statementMap":{"0":{"start":{"line":7,"column":0},"end":{"line":7,"column":16}},"1":{"start":{"line":1,"column":0},"end":{"line":1,"column":60}},"2":{"start":{"line":2,"column":0},"end":{"line":2,"column":45}},"3":{"start":{"line":3,"column":0},"end":{"line":3,"column":53}},"4":{"start":{"line":4,"column":0},"end":{"line":4,"column":49}},"5":{"start":{"line":8,"column":2},"end":{"line":11,"column":4}}},"fnMap":{"0":{"name":"Auth","decl":{"start":{"line":7,"column":16},"end":{"line":7,"column":20}},"loc":{"start":{"line":7,"column":42},"end":{"line":12,"column":1}}}},"branchMap":{},"s":{"0":6,"1":6,"2":6,"3":6,"4":6,"5":22},"f":{"0":22},"b":{}}
,"/Users/macbook/Desktop/aplicaciones/onenglishproject/onenglishbackend/src/auth/decorators/get-user.decorator.ts": {"path":"/Users/macbook/Desktop/aplicaciones/onenglishproject/onenglishbackend/src/auth/decorators/get-user.decorator.ts","statementMap":{"0":{"start":{"line":1,"column":0},"end":{"line":1,"column":72}},"1":{"start":{"line":4,"column":13},"end":{"line":11,"column":2}},"2":{"start":{"line":6,"column":20},"end":{"line":6,"column":73}},"3":{"start":{"line":7,"column":17},"end":{"line":7,"column":29}},"4":{"start":{"line":9,"column":4},"end":{"line":9,"column":38}}},"fnMap":{"0":{"name":"(anonymous_0)","decl":{"start":{"line":5,"column":2},"end":{"line":5,"column":3}},"loc":{"start":{"line":5,"column":54},"end":{"line":10,"column":3}}}},"branchMap":{"0":{"loc":{"start":{"line":9,"column":11},"end":{"line":9,"column":37}},"type":"cond-expr","locations":[{"start":{"line":9,"column":18},"end":{"line":9,"column":30}},{"start":{"line":9,"column":33},"end":{"line":9,"column":37}}]}},"s":{"0":0,"1":0,"2":0,"3":0,"4":0},"f":{"0":0},"b":{"0":[0,0]}}
,"/Users/macbook/Desktop/aplicaciones/onenglishproject/onenglishbackend/src/auth/decorators/role.decorator.ts": {"path":"/Users/macbook/Desktop/aplicaciones/onenglishproject/onenglishbackend/src/auth/decorators/role.decorator.ts","statementMap":{"0":{"start":{"line":1,"column":0},"end":{"line":1,"column":45}},"1":{"start":{"line":4,"column":13},"end":{"line":4,"column":34}},"2":{"start":{"line":6,"column":29},"end":{"line":8,"column":1}},"3":{"start":{"line":7,"column":2},"end":{"line":7,"column":39}},"4":{"start":{"line":6,"column":13},"end":{"line":6,"column":29}}},"fnMap":{"0":{"name":"(anonymous_0)","decl":{"start":{"line":6,"column":29},"end":{"line":6,"column":30}},"loc":{"start":{"line":6,"column":54},"end":{"line":8,"column":1}}}},"branchMap":{},"s":{"0":7,"1":7,"2":7,"3":28,"4":7},"f":{"0":28},"b":{}}
,"/Users/macbook/Desktop/aplicaciones/onenglishproject/onenglishbackend/src/auth/decorators/school-ownership.decorator.ts": {"path":"/Users/macbook/Desktop/aplicaciones/onenglishproject/onenglishbackend/src/auth/decorators/school-ownership.decorator.ts","statementMap":{"0":{"start":{"line":12,"column":0},"end":{"line":12,"column":16}},"1":{"start":{"line":1,"column":0},"end":{"line":1,"column":60}},"2":{"start":{"line":2,"column":0},"end":{"line":2,"column":45}},"3":{"start":{"line":3,"column":0},"end":{"line":3,"column":53}},"4":{"start":{"line":4,"column":0},"end":{"line":4,"column":72}},"5":{"start":{"line":5,"column":0},"end":{"line":5,"column":49}},"6":{"start":{"line":13,"column":2},"end":{"line":16,"column":4}}},"fnMap":{"0":{"name":"SchoolAuth","decl":{"start":{"line":12,"column":16},"end":{"line":12,"column":26}},"loc":{"start":{"line":12,"column":48},"end":{"line":17,"column":1}}}},"branchMap":{},"s":{"0":3,"1":3,"2":3,"3":3,"4":3,"5":3,"6":3},"f":{"0":3},"b":{}}
,"/Users/macbook/Desktop/aplicaciones/onenglishproject/onenglishbackend/src/auth/decorators/school-read.decorator.ts": {"path":"/Users/macbook/Desktop/aplicaciones/onenglishproject/onenglishbackend/src/auth/decorators/school-read.decorator.ts","statementMap":{"0":{"start":{"line":16,"column":0},"end":{"line":16,"column":16}},"1":{"start":{"line":27,"column":0},"end":{"line":27,"column":16}},"2":{"start":{"line":1,"column":0},"end":{"line":1,"column":73}},"3":{"start":{"line":2,"column":0},"end":{"line":2,"column":45}},"4":{"start":{"line":3,"column":0},"end":{"line":3,"column":53}},"5":{"start":{"line":4,"column":0},"end":{"line":4,"column":62}},"6":{"start":{"line":5,"column":0},"end":{"line":5,"column":49}},"7":{"start":{"line":8,"column":13},"end":{"line":8,"column":60}},"8":{"start":{"line":17,"column":2},"end":{"line":20,"column":4}},"9":{"start":{"line":28,"column":2},"end":{"line":28,"column":51}}},"fnMap":{"0":{"name":"SchoolRead","decl":{"start":{"line":16,"column":16},"end":{"line":16,"column":26}},"loc":{"start":{"line":16,"column":48},"end":{"line":21,"column":1}}},"1":{"name":"SkipSchoolReadCheck","decl":{"start":{"line":27,"column":16},"end":{"line":27,"column":35}},"loc":{"start":{"line":27,"column":35},"end":{"line":29,"column":1}}}},"branchMap":{},"s":{"0":5,"1":5,"2":5,"3":5,"4":5,"5":5,"6":5,"7":5,"8":3,"9":4},"f":{"0":3,"1":4},"b":{}}
,"/Users/macbook/Desktop/aplicaciones/onenglishproject/onenglishbackend/src/auth/decorators/user.decorator.ts": {"path":"/Users/macbook/Desktop/aplicaciones/onenglishproject/onenglishbackend/src/auth/decorators/user.decorator.ts","statementMap":{"0":{"start":{"line":1,"column":0},"end":{"line":1,"column":null}},"1":{"start":{"line":10,"column":13},"end":{"line":33,"column":2}},"2":{"start":{"line":12,"column":16},"end":{"line":12,"column":69}},"3":{"start":{"line":13,"column":20},"end":{"line":13,"column":28}},"4":{"start":{"line":15,"column":4},"end":{"line":17,"column":5}},"5":{"start":{"line":16,"column":6},"end":{"line":16,"column":73}},"6":{"start":{"line":19,"column":17},"end":{"line":19,"column":32}},"7":{"start":{"line":22,"column":4},"end":{"line":24,"column":5}},"8":{"start":{"line":23,"column":6},"end":{"line":23,"column":29}},"9":{"start":{"line":27,"column":4},"end":{"line":29,"column":5}},"10":{"start":{"line":28,"column":6},"end":{"line":28,"column":53}},"11":{"start":{"line":31,"column":4},"end":{"line":31,"column":69}}},"fnMap":{"0":{"name":"(anonymous_0)","decl":{"start":{"line":11,"column":2},"end":{"line":11,"column":3}},"loc":{"start":{"line":11,"column":58},"end":{"line":32,"column":3}}}},"branchMap":{"0":{"loc":{"start":{"line":15,"column":4},"end":{"line":17,"column":5}},"type":"if","locations":[{"start":{"line":15,"column":4},"end":{"line":17,"column":5}},{"start":{},"end":{}}]},"1":{"loc":{"start":{"line":15,"column":8},"end":{"line":15,"column":47}},"type":"binary-expr","locations":[{"start":{"line":15,"column":8},"end":{"line":15,"column":16}},{"start":{"line":15,"column":20},"end":{"line":15,"column":47}}]},"2":{"loc":{"start":{"line":22,"column":4},"end":{"line":24,"column":5}},"type":"if","locations":[{"start":{"line":22,"column":4},"end":{"line":24,"column":5}},{"start":{},"end":{}}]},"3":{"loc":{"start":{"line":27,"column":4},"end":{"line":29,"column":5}},"type":"if","locations":[{"start":{"line":27,"column":4},"end":{"line":29,"column":5}},{"start":{},"end":{}}]},"4":{"loc":{"start":{"line":27,"column":8},"end":{"line":27,"column":48}},"type":"binary-expr","locations":[{"start":{"line":27,"column":8},"end":{"line":27,"column":32}},{"start":{"line":27,"column":36},"end":{"line":27,"column":48}}]}},"s":{"0":1,"1":1,"2":0,"3":0,"4":0,"5":0,"6":0,"7":0,"8":0,"9":0,"10":0,"11":0},"f":{"0":0},"b":{"0":[0,0],"1":[0,0],"2":[0,0],"3":[0,0],"4":[0,0]}}
,"/Users/macbook/Desktop/aplicaciones/onenglishproject/onenglishbackend/src/auth/dto/login-user.dto.ts": {"path":"/Users/macbook/Desktop/aplicaciones/onenglishproject/onenglishbackend/src/auth/dto/login-user.dto.ts","statementMap":{"0":{"start":{"line":1,"column":0},"end":{"line":1,"column":null}},"1":{"start":{"line":8,"column":0},"end":{"line":8,"column":67}},"2":{"start":{"line":10,"column":0},"end":{"line":10,"column":13}},"3":{"start":{"line":19,"column":2},"end":{"line":19,"column":null}},"4":{"start":{"line":18,"column":21},"end":{"line":18,"column":32}},"5":{"start":{"line":28,"column":2},"end":{"line":28,"column":null}},"6":{"start":{"line":27,"column":21},"end":{"line":27,"column":29}},"7":{"start":{"line":37,"column":2},"end":{"line":37,"column":null}}},"fnMap":{"0":{"name":"(anonymous_2)","decl":{"start":{"line":18,"column":14},"end":{"line":18,"column":15}},"loc":{"start":{"line":18,"column":21},"end":{"line":18,"column":32}}},"1":{"name":"(anonymous_3)","decl":{"start":{"line":27,"column":14},"end":{"line":27,"column":15}},"loc":{"start":{"line":27,"column":21},"end":{"line":27,"column":29}}}},"branchMap":{},"s":{"0":0,"1":0,"2":0,"3":0,"4":0,"5":0,"6":0,"7":0},"f":{"0":0,"1":0},"b":{}}
,"/Users/macbook/Desktop/aplicaciones/onenglishproject/onenglishbackend/src/auth/dto/register-admin.dto.ts": {"path":"/Users/macbook/Desktop/aplicaciones/onenglishproject/onenglishbackend/src/auth/dto/register-admin.dto.ts","statementMap":{"0":{"start":{"line":1,"column":0},"end":{"line":1,"column":null}},"1":{"start":{"line":9,"column":0},"end":{"line":9,"column":67}},"2":{"start":{"line":11,"column":0},"end":{"line":11,"column":13}},"3":{"start":{"line":17,"column":2},"end":{"line":17,"column":null}},"4":{"start":{"line":26,"column":2},"end":{"line":26,"column":null}},"5":{"start":{"line":35,"column":2},"end":{"line":35,"column":null}},"6":{"start":{"line":44,"column":2},"end":{"line":44,"column":null}},"7":{"start":{"line":55,"column":2},"end":{"line":55,"column":null}},"8":{"start":{"line":65,"column":2},"end":{"line":65,"column":null}},"9":{"start":{"line":75,"column":2},"end":{"line":75,"column":null}},"10":{"start":{"line":83,"column":2},"end":{"line":83,"column":null}}},"fnMap":{},"branchMap":{},"s":{"0":0,"1":0,"2":0,"3":0,"4":0,"5":0,"6":0,"7":0,"8":0,"9":0,"10":0},"f":{},"b":{}}
[...]
,"end":{}}]},"10":{"loc":{"start":{"line":122,"column":6},"end":{"line":129,"column":7}},"type":"if","locations":[{"start":{"line":122,"column":6},"end":{"line":129,"column":7}},{"start":{},"end":{}}]},"11":{"loc":{"start":{"line":142,"column":20},"end":{"line":142,"column":40}},"type":"binary-expr","locations":[{"start":{"line":142,"column":20},"end":{"line":142,"column":32}},{"start":{"line":142,"column":36},"end":{"line":142,"column":40}}]},"12":{"loc":{"start":{"line":149,"column":6},"end":{"line":154,"column":7}},"type":"if","locations":[{"start":{"line":149,"column":6},"end":{"line":154,"column":7}},{"start":{},"end":{}}]},"13":{"loc":{"start":{"line":150,"column":8},"end":{"line":151,"column":42}},"type":"binary-expr","locations":[{"start":{"line":150,"column":8},"end":{"line":150,"column":42}},{"start":{"line":151,"column":8},"end":{"line":151,"column":42}}]},"14":{"loc":{"start":{"line":185,"column":8},"end":{"line":185,"column":18}},"type":"default-arg","locations":[{"start":{"line":185,"column":16},"end":{"line":185,"column":18}}]},"15":{"loc":{"start":{"line":186,"column":8},"end":{"line":186,"column":18}},"type":"default-arg","locations":[{"start":{"line":186,"column":17},"end":{"line":186,"column":18}}]},"16":{"loc":{"start":{"line":198,"column":6},"end":{"line":200,"column":7}},"type":"if","locations":[{"start":{"line":198,"column":6},"end":{"line":200,"column":7}},{"start":{},"end":{}}]},"17":{"loc":{"start":{"line":202,"column":6},"end":{"line":204,"column":7}},"type":"if","locations":[{"start":{"line":202,"column":6},"end":{"line":204,"column":7}},{"start":{},"end":{}}]},"18":{"loc":{"start":{"line":209,"column":6},"end":{"line":215,"column":7}},"type":"if","locations":[{"start":{"line":209,"column":6},"end":{"line":215,"column":7}},{"start":{},"end":{}}]},"19":{"loc":{"start":{"line":217,"column":6},"end":{"line":221,"column":7}},"type":"if","locations":[{"start":{"line":217,"column":6},"end":{"line":221,"column":7}},{"start":{},"end":{}}]},"20":{"loc":{"start":{"line":223,"column":6},"end":{"line":227,"column":7}},"type":"if","locations":[{"start":{"line":223,"column":6},"end":{"line":227,"column":7}},{"start":{},"end":{}}]},"21":{"loc":{"start":{"line":229,"column":6},"end":{"line":233,"column":7}},"type":"if","locations":[{"start":{"line":229,"column":6},"end":{"line":233,"column":7}},{"start":{},"end":{}}]},"22":{"loc":{"start":{"line":235,"column":6},"end":{"line":237,"column":7}},"type":"if","locations":[{"start":{"line":235,"column":6},"end":{"line":237,"column":7}},{"start":{},"end":{}}]},"23":{"loc":{"start":{"line":281,"column":6},"end":{"line":283,"column":7}},"type":"if","locations":[{"start":{"line":281,"column":6},"end":{"line":283,"column":7}},{"start":{},"end":{}}]},"24":{"loc":{"start":{"line":287,"column":6},"end":{"line":289,"column":7}},"type":"if","locations":[{"start":{"line":287,"column":6},"end":{"line":289,"column":7}},{"start":{},"end":{}}]},"25":{"loc":{"start":{"line":302,"column":6},"end":{"line":312,"column":7}},"type":"if","locations":[{"start":{"line":302,"column":6},"end":{"line":312,"column":7}},{"start":{},"end":{}}]},"26":{"loc":{"start":{"line":307,"column":8},"end":{"line":311,"column":9}},"type":"if","locations":[{"start":{"line":307,"column":8},"end":{"line":311,"column":9}},{"start":{},"end":{}}]},"27":{"loc":{"start":{"line":307,"column":12},"end":{"line":307,"column":56}},"type":"binary-expr","locations":[{"start":{"line":307,"column":12},"end":{"line":307,"column":27}},{"start":{"line":307,"column":31},"end":{"line":307,"column":56}}]},"28":{"loc":{"start":{"line":315,"column":6},"end":{"line":325,"column":7}},"type":"if","locations":[{"start":{"line":315,"column":6},"end":{"line":325,"column":7}},{"start":{},"end":{}}]},"29":{"loc":{"start":{"line":320,"column":8},"end":{"line":324,"column":9}},"type":"if","locations":[{"start":{"line":320,"column":8},"end":{"line":324,"column":9}},{"start":{},"end":{}}]},"30":{"loc":{"start":{"line":343,"column":6},"end":{"line":348,"column":7}},"type":"if","locations":[{"start":{"line":343,"column":6},"end":{"line":348,"column":7}},{"start":{},"end":{}}]},"31":{"loc":{"start":{"line":344,"column":8},"end":{"line":345,"column":42}},"type":"binary-expr","locations":[{"start":{"line":344,"column":8},"end":{"line":344,"column":42}},{"start":{"line":345,"column":8},"end":{"line":345,"column":42}}]},"32":{"loc":{"start":{"line":362,"column":6},"end":{"line":364,"column":7}},"type":"if","locations":[{"start":{"line":362,"column":6},"end":{"line":364,"column":7}},{"start":{},"end":{}}]},"33":{"loc":{"start":{"line":372,"column":6},"end":{"line":374,"column":7}},"type":"if","locations":[{"start":{"line":372,"column":6},"end":{"line":374,"column":7}},{"start":{},"end":{}}]},"34":{"loc":{"start":{"line":431,"column":8},"end":{"line":432,"column":56}},"type":"binary-expr","locations":[{"start":{"line":431,"column":8},"end":{"line":431,"column":57}},{"start":{"line":432,"column":8},"end":{"line":432,"column":56}}]},"35":{"loc":{"start":{"line":434,"column":6},"end":{"line":438,"column":7}},"type":"if","locations":[{"start":{"line":434,"column":6},"end":{"line":438,"column":7}},{"start":{},"end":{}}]},"36":{"loc":{"start":{"line":434,"column":10},"end":{"line":434,"column":28}},"type":"binary-expr","locations":[{"start":{"line":434,"column":10},"end":{"line":434,"column":16}},{"start":{"line":434,"column":20},"end":{"line":434,"column":28}}]},"37":{"loc":{"start":{"line":442,"column":6},"end":{"line":448,"column":7}},"type":"if","locations":[{"start":{"line":442,"column":6},"end":{"line":448,"column":7}},{"start":{"line":445,"column":13},"end":{"line":448,"column":7}}]},"38":{"loc":{"start":{"line":452,"column":6},"end":{"line":454,"column":7}},"type":"if","locations":[{"start":{"line":452,"column":6},"end":{"line":454,"column":7}},{"start":{},"end":{}}]},"39":{"loc":{"start":{"line":459,"column":33},"end":{"line":459,"column":68}},"type":"binary-expr","locations":[{"start":{"line":459,"column":33},"end":{"line":459,"column":62}},{"start":{"line":459,"column":66},"end":{"line":459,"column":68}}]},"40":{"loc":{"start":{"line":465,"column":28},"end":{"line":465,"column":51}},"type":"binary-expr","locations":[{"start":{"line":465,"column":28},"end":{"line":465,"column":46}},{"start":{"line":465,"column":50},"end":{"line":465,"column":51}}]},"41":{"loc":{"start":{"line":467,"column":6},"end":{"line":469,"column":7}},"type":"if","locations":[{"start":{"line":467,"column":6},"end":{"line":469,"column":7}},{"start":{},"end":{}}]},"42":{"loc":{"start":{"line":472,"column":6},"end":{"line":474,"column":7}},"type":"if","locations":[{"start":{"line":472,"column":6},"end":{"line":474,"column":7}},{"start":{},"end":{}}]},"43":{"loc":{"start":{"line":484,"column":12},"end":{"line":500,"column":13}},"type":"if","locations":[{"start":{"line":484,"column":12},"end":{"line":500,"column":13}},{"start":{},"end":{}}]},"44":{"loc":{"start":{"line":487,"column":14},"end":{"line":493,"column":15}},"type":"if","locations":[{"start":{"line":487,"column":14},"end":{"line":493,"column":15}},{"start":{},"end":{}}]},"45":{"loc":{"start":{"line":487,"column":18},"end":{"line":487,"column":52}},"type":"binary-expr","locations":[{"start":{"line":487,"column":18},"end":{"line":487,"column":23}},{"start":{"line":487,"column":27},"end":{"line":487,"column":52}}]},"46":{"loc":{"start":{"line":488,"column":16},"end":{"line":492,"column":17}},"type":"if","locations":[{"start":{"line":488,"column":16},"end":{"line":492,"column":17}},{"start":{"line":490,"column":23},"end":{"line":492,"column":17}}]},"47":{"loc":{"start":{"line":490,"column":23},"end":{"line":492,"column":17}},"type":"if","locations":[{"start":{"line":490,"column":23},"end":{"line":492,"column":17}},{"start":{},"end":{}}]},"48":{"loc":{"start":{"line":495,"column":14},"end":{"line":495,"column":69}},"type":"if","locations":[{"start":{"line":495,"column":14},"end":{"line":495,"column":69}},{"start":{},"end":{}}]},"49":{"loc":{"start":{"line":495,"column":18},"end":{"line":495,"column":54}},"type":"binary-expr","locations":[{"start":{"line":495,"column":18},"end":{"line":495,"column":34}},{"start":{"line":495,"column":38},"end":{"line":495,"column":54}}]},"50":{"loc":{"start":{"line":496,"column":14},"end":{"line":496,"column":72}},"type":"if","locations":[{"start":{"line":496,"column":14},"end":{"line":496,"column":72}},{"start":{},"end":{}}]},"51":{"loc":{"start":{"line":496,"column":18},"end":{"line":496,"column":56}},"type":"binary-expr","locations":[{"start":{"line":496,"column":18},"end":{"line":496,"column":35}},{"start":{"line":496,"column":39},"end":{"line":496,"column":56}}]},"52":{"loc":{"start":{"line":497,"column":14},"end":{"line":497,"column":68}},"type":"if","locations":[{"start":{"line":497,"column":14},"end":{"line":497,"column":68}},{"start":{},"end":{}}]},"53":{"loc":{"start":{"line":497,"column":18},"end":{"line":497,"column":48}},"type":"binary-expr","locations":[{"start":{"line":497,"column":18},"end":{"line":497,"column":30}},{"start":{"line":497,"column":34},"end":{"line":497,"column":48}}]},"54":{"loc":{"start":{"line":503,"column":10},"end":{"line":506,"column":11}},"type":"if","locations":[{"start":{"line":503,"column":10},"end":{"line":506,"column":11}},{"start":{},"end":{}}]},"55":{"loc":{"start":{"line":517,"column":10},"end":{"line":522,"column":11}},"type":"if","locations":[{"start":{"line":517,"column":10},"end":{"line":522,"column":11}},{"start":{},"end":{}}]},"56":{"loc":{"start":{"line":519,"column":44},"end":{"line":519,"column":67}},"type":"binary-expr","locations":[{"start":{"line":519,"column":44},"end":{"line":519,"column":61}},{"start":{"line":519,"column":65},"end":{"line":519,"column":67}}]},"57":{"loc":{"start":{"line":527,"column":10},"end":{"line":529,"column":11}},"type":"if","locations":[{"start":{"line":527,"column":10},"end":{"line":529,"column":11}},{"start":{},"end":{}}]},"58":{"loc":{"start":{"line":533,"column":12},"end":{"line":533,"column":68}},"type":"cond-expr","locations":[{"start":{"line":533,"column":37},"end":{"line":533,"column":50}},{"start":{"line":533,"column":53},"end":{"line":533,"column":68}}]},"59":{"loc":{"start":{"line":545,"column":10},"end":{"line":550,"column":11}},"type":"if","locations":[{"start":{"line":545,"column":10},"end":{"line":550,"column":11}},{"start":{},"end":{}}]},"60":{"loc":{"start":{"line":567,"column":10},"end":{"line":569,"column":83}},"type":"cond-expr","locations":[{"start":{"line":568,"column":14},"end":{"line":568,"column":62}},{"start":{"line":569,"column":14},"end":{"line":569,"column":83}}]},"61":{"loc":{"start":{"line":27,"column":29},"end":{"line":27,"column":null}},"type":"cond-expr","locations":[{"start":{"line":27,"column":42},"end":{"line":27,"column":null}},{"start":{"line":27,"column":42},"end":{"line":27,"column":null}}]},"62":{"loc":{"start":{"line":27,"column":29},"end":{"line":27,"column":42}},"type":"binary-expr","locations":[{"start":{"line":27,"column":29},"end":{"line":27,"column":null}},{"start":{"line":27,"column":29},"end":{"line":27,"column":42}}]},"63":{"loc":{"start":{"line":27,"column":42},"end":{"line":28,"column":null}},"type":"cond-expr","locations":[{"start":{"line":28,"column":49},"end":{"line":28,"column":null}},{"start":{"line":28,"column":49},"end":{"line":28,"column":null}}]},"64":{"loc":{"start":{"line":27,"column":42},"end":{"line":28,"column":49}},"type":"binary-expr","locations":[{"start":{"line":27,"column":42},"end":{"line":28,"column":null}},{"start":{"line":28,"column":36},"end":{"line":28,"column":49}}]}},"s":{"0":2,"1":2,"2":2,"3":2,"4":2,"5":2,"6":2,"7":2,"8":2,"9":2,"10":12,"11":12,"12":12,"13":3,"14":3,"15":3,"16":1,"17":2,"18":2,"19":1,"20":1,"21":1,"22":0,"23":1,"24":1,"25":0,"26":1,"27":1,"28":0,"29":1,"30":1,"31":0,"32":0,"33":0,"34":0,"35":1,"36":0,"37":1,"38":0,"39":1,"40":1,"41":1,"42":1,"43":1,"44":2,"45":2,"46":0,"47":1,"48":1,"49":1,"50":0,"51":0,"52":0,"53":0,"54":0,"55":0,"56":0,"57":0,"58":0,"59":0,"60":0,"61":0,"62":0,"63":0,"64":0,"65":0,"66":0,"67":0,"68":0,"69":0,"70":0,"71":0,"72":0,"73":3,"74":3,"75":3,"76":1,"77":2,"78":1,"79":1,"80":0,"81":1,"82":1,"83":1,"84":0,"85":0,"86":0,"87":1,"88":0,"89":0,"90":0,"91":1,"92":1,"93":0,"94":0,"95":0,"96":2,"97":2,"98":2,"99":1,"100":1,"101":1,"102":1,"103":1,"104":0,"105":1,"106":1,"107":1,"108":0,"109":1,"110":1,"111":1,"112":0,"113":0,"114":0,"115":0,"116":0,"117":0,"118":0,"119":0,"120":0,"121":0,"122":0,"123":0,"124":0,"125":0,"126":0,"127":0,"128":0,"129":0,"130":0,"131":0,"132":0,"133":0,"134":0,"135":0,"136":0,"137":0,"138":0,"139":0,"140":0,"141":0,"142":0,"143":0,"144":0,"145":0,"146":0,"147":0,"148":0,"149":0,"150":0,"151":0,"152":0,"153":0,"154":0,"155":0,"156":0,"157":0,"158":0,"159":0,"160":0,"161":0,"162":0,"163":0,"164":0,"165":0,"166":0,"167":0,"168":0,"169":0,"170":0,"171":0,"172":0,"173":0,"174":0,"175":0,"176":0,"177":0,"178":0,"179":0,"180":0,"181":0,"182":0,"183":0,"184":0,"185":0,"186":0,"187":0,"188":0,"189":0,"190":0,"191":0,"192":0,"193":0,"194":0,"195":2,"196":2},"f":{"0":12,"1":3,"2":1,"3":0,"4":3,"5":1,"6":2,"7":1,"8":1,"9":0,"10":0,"11":0,"12":0},"b":{"0":[1,2],"1":[1,1],"2":[0,1],"3":[0,1],"4":[0,1],"5":[0,1],"6":[0,0],"7":[0,0],"8":[0,1],"9":[0,1],"10":[1,0],"11":[1,1],"12":[2,0],"13":[2,1],"14":[0],"15":[0],"16":[0,0],"17":[0,0],"18":[0,0],"19":[0,0],"20":[0,0],"21":[0,0],"22":[0,0],"23":[1,2],"24":[1,0],"25":[0,1],"26":[0,0],"27":[0,0],"28":[0,1],"29":[0,0],"30":[0,0],"31":[0,0],"32":[1,1],"33":[1,0],"34":[0,0],"35":[0,0],"36":[0,0],"37":[0,0],"38":[0,0],"39":[0,0],"40":[0,0],"41":[0,0],"42":[0,0],"43":[0,0],"44":[0,0],"45":[0,0],"46":[0,0],"47":[0,0],"48":[0,0],"49":[0,0],"50":[0,0],"51":[0,0],"52":[0,0],"53":[0,0],"54":[0,0],"55":[0,0],"56":[0,0],"57":[0,0],"58":[0,0],"59":[0,0],"60":[0,0],"61":[2,0],"62":[2,2],"63":[2,0],"64":[2,2]}}
,"/Users/macbook/Desktop/aplicaciones/onenglishproject/onenglishbackend/src/teachers/dto/create-teacher.dto.ts": {"path":"/Users/macbook/Desktop/aplicaciones/onenglishproject/onenglishbackend/src/teachers/dto/create-teacher.dto.ts","statementMap":{"0":{"start":{"line":1,"column":0},"end":{"line":1,"column":67}},"1":{"start":{"line":2,"column":0},"end":{"line":2,"column":null}},"2":{"start":{"line":13,"column":0},"end":{"line":13,"column":13}},"3":{"start":{"line":21,"column":2},"end":{"line":21,"column":null}},"4":{"start":{"line":30,"column":2},"end":{"line":30,"column":null}},"5":{"start":{"line":37,"column":2},"end":{"line":37,"column":null}},"6":{"start":{"line":44,"column":2},"end":{"line":44,"column":null}},"7":{"start":{"line":54,"column":2},"end":{"line":54,"column":null}},"8":{"start":{"line":64,"column":2},"end":{"line":64,"column":null}},"9":{"start":{"line":73,"column":2},"end":{"line":73,"column":null}},"10":{"start":{"line":81,"column":2},"end":{"line":81,"column":null}},"11":{"start":{"line":90,"column":2},"end":{"line":90,"column":null}},"12":{"start":{"line":97,"column":2},"end":{"line":97,"column":null}},"13":{"start":{"line":106,"column":2},"end":{"line":106,"column":null}}},"fnMap":{},"branchMap":{},"s":{"0":2,"1":2,"2":2,"3":2,"4":2,"5":2,"6":2,"7":2,"8":2,"9":2,"10":2,"11":2,"12":2,"13":2},"f":{},"b":{}}
,"/Users/macbook/Desktop/aplicaciones/onenglishproject/onenglishbackend/src/teachers/dto/query-teacher.dto.ts": {"path":"/Users/macbook/Desktop/aplicaciones/onenglishproject/onenglishbackend/src/teachers/dto/query-teacher.dto.ts","statementMap":{"0":{"start":{"line":1,"column":0},"end":{"line":1,"column":46}},"1":{"start":{"line":2,"column":0},"end":{"line":2,"column":74}},"2":{"start":{"line":3,"column":0},"end":{"line":3,"column":41}},"3":{"start":{"line":4,"column":0},"end":{"line":4,"column":65}},"4":{"start":{"line":6,"column":0},"end":{"line":6,"column":13}},"5":{"start":{"line":13,"column":2},"end":{"line":13,"column":null}},"6":{"start":{"line":22,"column":2},"end":{"line":22,"column":null}},"7":{"start":{"line":21,"column":14},"end":{"line":21,"column":21}},"8":{"start":{"line":30,"column":2},"end":{"line":30,"column":null}},"9":{"start":{"line":38,"column":2},"end":{"line":38,"column":null}},"10":{"start":{"line":46,"column":2},"end":{"line":46,"column":null}},"11":{"start":{"line":54,"column":2},"end":{"line":54,"column":null}}},"fnMap":{"0":{"name":"(anonymous_2)","decl":{"start":{"line":21,"column":8},"end":{"line":21,"column":11}},"loc":{"start":{"line":21,"column":14},"end":{"line":21,"column":21}}}},"branchMap":{},"s":{"0":1,"1":1,"2":1,"3":1,"4":1,"5":1,"6":1,"7":0,"8":1,"9":1,"10":1,"11":1},"f":{"0":0},"b":{}}
,"/Users/macbook/Desktop/aplicaciones/onenglishproject/onenglishbackend/src/teachers/dto/update-teacher.dto.ts": {"path":"/Users/macbook/Desktop/aplicaciones/onenglishproject/onenglishbackend/src/teachers/dto/update-teacher.dto.ts","statementMap":{"0":{"start":{"line":1,"column":0},"end":{"line":1,"column":54}},"1":{"start":{"line":2,"column":0},"end":{"line":2,"column":null}},"2":{"start":{"line":13,"column":0},"end":{"line":13,"column":13}},"3":{"start":{"line":22,"column":2},"end":{"line":22,"column":null}},"4":{"start":{"line":32,"column":2},"end":{"line":32,"column":null}},"5":{"start":{"line":40,"column":2},"end":{"line":40,"column":null}},"6":{"start":{"line":49,"column":2},"end":{"line":49,"column":null}},"7":{"start":{"line":57,"column":2},"end":{"line":57,"column":null}},"8":{"start":{"line":66,"column":2},"end":{"line":66,"column":null}},"9":{"start":{"line":74,"column":2},"end":{"line":74,"column":null}},"10":{"start":{"line":82,"column":2},"end":{"line":82,"column":null}}},"fnMap":{},"branchMap":{},"s":{"0":1,"1":1,"2":1,"3":1,"4":1,"5":1,"6":1,"7":1,"8":1,"9":1,"10":1},"f":{},"b":{}}
,"/Users/macbook/Desktop/aplicaciones/onenglishproject/onenglishbackend/src/teachers/entities/teacher.entity.ts": {"path":"/Users/macbook/Desktop/aplicaciones/onenglishproject/onenglishbackend/src/teachers/entities/teacher.entity.ts","statementMap":{"0":{"start":{"line":1,"column":0},"end":{"line":1,"column":67}},"1":{"start":{"line":4,"column":0},"end":{"line":4,"column":13}},"2":{"start":{"line":9,"column":2},"end":{"line":9,"column":null}},"3":{"start":{"line":15,"column":2},"end":{"line":15,"column":null}},"4":{"start":{"line":21,"column":2},"end":{"line":21,"column":null}},"5":{"start":{"line":27,"column":2},"end":{"line":27,"column":null}},"6":{"start":{"line":33,"column":2},"end":{"line":33,"column":null}},"7":{"start":{"line":39,"column":2},"end":{"line":39,"column":null}},"8":{"start":{"line":45,"column":2},"end":{"line":45,"column":null}},"9":{"start":{"line":51,"column":2},"end":{"line":51,"column":null}},"10":{"start":{"line":57,"column":2},"end":{"line":57,"column":null}},"11":{"start":{"line":63,"column":2},"end":{"line":63,"column":null}},"12":{"start":{"line":69,"column":2},"end":{"line":69,"column":null}},"13":{"start":{"line":75,"column":2},"end":{"line":75,"column":null}}},"fnMap":{},"branchMap":{"0":{"loc":{"start":{"line":69,"column":13},"end":{"line":69,"column":18}},"type":"cond-expr","locations":[{"start":{"line":69,"column":17},"end":{"line":69,"column":18}},{"start":{"line":69,"column":17},"end":{"line":69,"column":18}}]},"1":{"loc":{"start":{"line":69,"column":13},"end":{"line":69,"column":17}},"type":"binary-expr","locations":[{"start":{"line":69,"column":13},"end":{"line":69,"column":18}},{"start":{"line":69,"column":13},"end":{"line":69,"column":17}}]},"2":{"loc":{"start":{"line":75,"column":13},"end":{"line":75,"column":18}},"type":"cond-expr","locations":[{"start":{"line":75,"column":17},"end":{"line":75,"column":18}},{"start":{"line":75,"column":17},"end":{"line":75,"column":18}}]},"3":{"loc":{"start":{"line":75,"column":13},"end":{"line":75,"column":17}},"type":"binary-expr","locations":[{"start":{"line":75,"column":13},"end":{"line":75,"column":18}},{"start":{"line":75,"column":13},"end":{"line":75,"column":17}}]}},"s":{"0":1,"1":1,"2":1,"3":1,"4":1,"5":1,"6":1,"7":1,"8":1,"9":1,"10":1,"11":1,"12":1,"13":1},"f":{},"b":{"0":[1,0],"1":[1,1],"2":[1,0],"3":[1,1]}}
}
