TN:
SF:src/app.controller.ts
FN:9,(anonymous_4)
FN:24,(anonymous_5)
FN:38,(anonymous_6)
FNF:3
FNH:0
FNDA:0,(anonymous_4)
FNDA:0,(anonymous_5)
FNDA:0,(anonymous_6)
DA:1,0
DA:2,0
DA:3,0
DA:4,0
DA:8,0
DA:9,0
DA:24,0
DA:25,0
DA:38,0
DA:41,0
LF:10
LH:0
BRDA:39,0,0,0
BRDA:39,0,1,0
BRDA:39,1,0,0
BRDA:39,1,1,0
BRDA:40,2,0,0
BRDA:40,2,1,0
BRDA:40,3,0,0
BRDA:40,3,1,0
BRDA:9,4,0,0
BRDA:9,4,1,0
BRDA:9,5,0,0
BRDA:9,5,1,0
BRF:12
BRH:0
end_of_record
TN:
SF:src/app.module.ts
FN:46,(anonymous_1)
FNF:1
FNH:0
FNDA:0,(anonymous_1)
DA:1,0
DA:2,0
DA:3,0
DA:4,0
DA:5,0
DA:6,0
DA:7,0
DA:8,0
DA:9,0
DA:10,0
DA:11,0
DA:12,0
DA:13,0
DA:14,0
DA:15,0
DA:16,0
DA:17,0
DA:18,0
DA:19,0
DA:20,0
DA:21,0
DA:22,0
DA:46,0
DA:72,0
LF:24
LH:0
BRF:0
BRH:0
end_of_record
TN:
SF:src/app.service.ts
FN:7,(anonymous_4)
FN:9,(anonymous_5)
FN:13,(anonymous_6)
FNF:3
FNH:0
FNDA:0,(anonymous_4)
FNDA:0,(anonymous_5)
FNDA:0,(anonymous_6)
DA:1,0
DA:2,0
DA:6,0
DA:7,0
DA:10,0
DA:14,0
DA:15,0
LF:7
LH:0
BRDA:7,0,0,0
BRDA:7,0,1,0
BRDA:7,1,0,0
BRDA:7,1,1,0
BRF:4
BRH:0
end_of_record
TN:
SF:src/main.ts
FN:14,bootstrap
FN:29,(anonymous_2)
FN:38,(anonymous_3)
FN:71,(anonymous_4)
FN:147,(anonymous_5)
FN:150,(anonymous_6)
FNF:6
FNH:0
FNDA:0,bootstrap
FNDA:0,(anonymous_2)
FNDA:0,(anonymous_3)
FNDA:0,(anonymous_4)
FNDA:0,(anonymous_5)
FNDA:0,(anonymous_6)
DA:1,0
DA:3,0
DA:4,0
DA:5,0
DA:6,0
DA:7,0
DA:8,0
DA:9,0
DA:10,0
DA:12,0
DA:15,0
DA:16,0
DA:17,0
DA:19,0
DA:20,0
DA:24,0
DA:25,0
DA:27,0
DA:28,0
DA:29,0
DA:30,0
DA:31,0
DA:34,0
DA:35,0
DA:36,0
DA:38,0
DA:42,0
DA:44,0
DA:45,0
DA:51,0
DA:52,0
DA:53,0
DA:57,0
DA:58,0
DA:59,0
DA:63,0
DA:68,0
DA:69,0
DA:72,0
DA:76,0
DA:91,0
DA:96,0
DA:99,0
DA:111,0
DA:135,0
DA:136,0
DA:142,0
DA:143,0
DA:146,0
DA:148,0
DA:151,0
LF:51
LH:0
BRDA:28,0,0,0
BRDA:28,0,1,0
BRDA:30,1,0,0
BRDA:30,1,1,0
BRDA:42,2,0,0
BRDA:42,2,1,0
BRDA:51,3,0,0
BRDA:51,3,1,0
BRDA:57,4,0,0
BRDA:57,4,1,0
BRDA:57,5,0,0
BRDA:57,5,1,0
BRDA:142,6,0,0
BRDA:142,6,1,0
BRDA:143,7,0,0
BRDA:143,7,1,0
BRDA:148,8,0,0
BRDA:148,8,1,0
BRF:18
BRH:0
end_of_record
TN:
SF:src/admins/admins.controller.ts
FN:29,(anonymous_4)
FN:61,(anonymous_5)
FN:87,(anonymous_6)
FN:113,(anonymous_7)
FN:143,(anonymous_8)
FN:177,(anonymous_9)
FN:210,(anonymous_10)
FNF:7
FNH:7
FNDA:7,(anonymous_4)
FNDA:1,(anonymous_5)
FNDA:1,(anonymous_6)
FNDA:1,(anonymous_7)
FNDA:1,(anonymous_8)
FNDA:1,(anonymous_9)
FNDA:1,(anonymous_10)
DA:1,1
DA:13,1
DA:19,1
DA:20,1
DA:21,1
DA:22,1
DA:23,1
DA:24,1
DA:28,1
DA:29,7
DA:61,1
DA:62,1
DA:87,1
DA:88,1
DA:113,1
DA:114,1
DA:143,1
DA:144,1
DA:177,1
DA:181,1
DA:210,1
DA:211,1
LF:22
LH:22
BRDA:61,0,0,1
BRDA:61,0,1,0
BRDA:61,1,0,1
BRDA:61,1,1,1
BRDA:61,2,0,1
BRDA:61,2,1,0
BRDA:61,3,0,1
BRDA:61,3,1,1
BRDA:87,4,0,1
BRDA:87,4,1,0
BRDA:87,5,0,1
BRDA:87,5,1,1
BRDA:113,6,0,1
BRDA:113,6,1,0
BRDA:113,7,0,1
BRDA:113,7,1,1
BRDA:143,8,0,1
BRDA:143,8,1,0
BRDA:143,9,0,1
BRDA:143,9,1,1
BRDA:179,10,0,1
BRDA:179,10,1,0
BRDA:179,11,0,1
BRDA:179,11,1,1
BRDA:180,12,0,1
BRDA:180,12,1,0
BRDA:180,13,0,1
BRDA:180,13,1,1
BRDA:210,14,0,1
BRDA:210,14,1,0
BRDA:210,15,0,1
BRDA:210,15,1,1
BRDA:29,16,0,1
BRDA:29,16,1,0
BRDA:29,17,0,1
BRDA:29,17,1,1
BRF:36
BRH:27
end_of_record
TN:
SF:src/admins/admins.module.ts
FNF:0
FNH:0
DA:1,0
DA:2,0
DA:3,0
DA:4,0
DA:5,0
DA:13,0
LF:6
LH:0
BRF:0
BRH:0
end_of_record
TN:
SF:src/admins/admins.service.ts
FN:15,(anonymous_2)
FN:20,(anonymous_3)
FN:138,(anonymous_4)
FN:152,(anonymous_5)
FN:182,(anonymous_6)
FN:225,(anonymous_7)
FN:249,(anonymous_8)
FNF:7
FNH:7
FNDA:11,(anonymous_2)
FNDA:3,(anonymous_3)
FNDA:1,(anonymous_4)
FNDA:3,(anonymous_5)
FNDA:1,(anonymous_6)
FNDA:2,(anonymous_7)
FNDA:1,(anonymous_8)
DA:1,2
DA:7,2
DA:8,2
DA:14,2
DA:16,11
DA:17,11
DA:21,3
DA:23,3
DA:27,3
DA:28,1
DA:34,2
DA:38,2
DA:39,1
DA:43,1
DA:47,1
DA:48,0
DA:52,1
DA:56,1
DA:57,0
DA:66,1
DA:68,1
DA:70,0
DA:73,0
DA:74,0
DA:78,0
DA:81,1
DA:82,0
DA:87,1
DA:88,0
DA:95,1
DA:102,1
DA:103,1
DA:112,1
DA:126,1
DA:128,2
DA:132,2
DA:134,0
DA:139,1
DA:140,1
DA:146,1
DA:148,0
DA:153,3
DA:154,3
DA:169,3
DA:170,1
DA:173,2
DA:175,1
DA:176,1
DA:178,0
DA:183,1
DA:185,1
DA:188,1
DA:189,0
DA:193,0
DA:194,0
DA:200,1
DA:213,1
DA:215,0
DA:219,0
DA:221,0
DA:226,2
DA:228,2
DA:232,2
DA:233,1
DA:236,1
DA:240,1
DA:242,1
DA:243,1
DA:245,0
DA:250,1
DA:251,1
DA:258,1
DA:260,0
LF:73
LH:54
BRDA:27,0,0,1
BRDA:27,0,1,2
BRDA:38,1,0,1
BRDA:38,1,1,1
BRDA:47,2,0,0
BRDA:47,2,1,1
BRDA:56,3,0,0
BRDA:56,3,1,1
BRDA:68,4,0,0
BRDA:68,4,1,1
BRDA:73,5,0,0
BRDA:73,5,1,0
BRDA:73,6,0,0
BRDA:73,6,1,0
BRDA:81,7,0,0
BRDA:81,7,1,1
BRDA:87,8,0,0
BRDA:87,8,1,1
BRDA:102,9,0,1
BRDA:102,9,1,0
BRDA:121,10,0,1
BRDA:121,10,1,1
BRDA:128,11,0,2
BRDA:128,11,1,0
BRDA:129,12,0,2
BRDA:129,12,1,1
BRDA:169,13,0,1
BRDA:169,13,1,2
BRDA:175,14,0,1
BRDA:175,14,1,0
BRDA:188,15,0,0
BRDA:188,15,1,1
BRDA:193,16,0,0
BRDA:193,16,1,0
BRDA:193,17,0,0
BRDA:193,17,1,0
BRDA:215,18,0,0
BRDA:215,18,1,0
BRDA:216,19,0,0
BRDA:216,19,1,0
BRDA:232,20,0,1
BRDA:232,20,1,1
BRDA:242,21,0,1
BRDA:242,21,1,0
BRDA:16,22,0,2
BRDA:16,22,1,0
BRDA:16,23,0,2
BRDA:16,23,1,2
BRDA:16,24,0,2
BRDA:16,24,1,0
BRDA:16,25,0,2
BRDA:16,25,1,2
BRF:52
BRH:28
end_of_record
TN:
SF:src/admins/index.ts
FNF:0
FNH:0
DA:1,0
DA:2,0
DA:3,0
DA:4,0
DA:5,0
DA:6,0
LF:6
LH:0
BRF:0
BRH:0
end_of_record
TN:
SF:src/admins/dto/create-admin.dto.ts
FNF:0
FNH:0
DA:1,1
DA:2,1
DA:13,1
DA:21,1
DA:30,1
DA:37,1
DA:44,1
DA:54,1
DA:64,1
DA:73,1
DA:81,1
DA:90,1
DA:99,1
LF:13
LH:13
BRF:0
BRH:0
end_of_record
TN:
SF:src/admins/dto/update-admin.dto.ts
FNF:0
FNH:0
DA:1,1
DA:2,1
DA:12,1
DA:21,1
DA:31,1
DA:39,1
DA:48,1
DA:56,1
DA:65,1
DA:73,1
LF:10
LH:10
BRF:0
BRH:0
end_of_record
TN:
SF:src/admins/entities/admin.entity.ts
FNF:0
FNH:0
DA:1,1
DA:4,1
DA:9,1
DA:15,1
DA:21,1
DA:27,1
DA:33,1
DA:39,1
DA:45,1
DA:51,1
DA:57,1
DA:63,1
DA:69,1
LF:13
LH:13
BRDA:63,0,0,1
BRDA:63,0,1,0
BRDA:63,1,0,1
BRDA:63,1,1,1
BRDA:69,2,0,1
BRDA:69,2,1,0
BRDA:69,3,0,1
BRDA:69,3,1,1
BRF:8
BRH:6
end_of_record
TN:
SF:src/ai/ai.module.ts
FN:20,(anonymous_1)
FN:26,(anonymous_2)
FN:33,(anonymous_3)
FN:44,(anonymous_4)
FN:58,(anonymous_5)
FN:71,(anonymous_6)
FN:86,(anonymous_7)
FNF:7
FNH:0
FNDA:0,(anonymous_1)
FNDA:0,(anonymous_2)
FNDA:0,(anonymous_3)
FNDA:0,(anonymous_4)
FNDA:0,(anonymous_5)
FNDA:0,(anonymous_6)
FNDA:0,(anonymous_7)
DA:1,0
DA:8,0
DA:17,0
DA:18,0
DA:24,0
DA:27,0
DA:37,0
DA:45,0
DA:59,0
DA:72,0
DA:73,0
DA:90,0
DA:91,0
LF:13
LH:0
BRDA:40,0,0,0
BRDA:40,0,1,0
BRDA:61,1,0,0
BRDA:61,1,1,0
BRDA:93,2,0,0
BRDA:93,2,1,0
BRF:6
BRH:0
end_of_record
TN:
SF:src/ai/ai.service.ts
FN:16,(anonymous_2)
FN:19,(anonymous_3)
FN:27,(anonymous_4)
FN:33,(anonymous_5)
FN:43,(anonymous_6)
FNF:5
FNH:0
FNDA:0,(anonymous_2)
FNDA:0,(anonymous_3)
FNDA:0,(anonymous_4)
FNDA:0,(anonymous_5)
FNDA:0,(anonymous_6)
DA:1,0
DA:2,0
DA:13,0
DA:16,0
DA:20,0
DA:28,0
DA:29,0
DA:30,0
DA:34,0
DA:36,0
DA:37,0
DA:41,0
DA:42,0
DA:44,0
DA:50,0
LF:15
LH:0
BRDA:23,0,0,0
BRDA:23,0,1,0
BRDA:36,1,0,0
BRDA:36,1,1,0
BRDA:41,2,0,0
BRDA:41,2,1,0
BRDA:44,3,0,0
BRDA:44,3,1,0
BRDA:44,4,0,0
BRDA:44,4,1,0
BRF:10
BRH:0
end_of_record
TN:
SF:src/analytics/analytics.controller.ts
FN:8,(anonymous_4)
FN:11,(anonymous_5)
FN:16,(anonymous_6)
FN:21,(anonymous_7)
FN:26,(anonymous_8)
FN:31,(anonymous_9)
FNF:6
FNH:1
FNDA:1,(anonymous_4)
FNDA:0,(anonymous_5)
FNDA:0,(anonymous_6)
FNDA:0,(anonymous_7)
FNDA:0,(anonymous_8)
FNDA:0,(anonymous_9)
DA:1,1
DA:2,1
DA:3,1
DA:4,1
DA:7,1
DA:8,1
DA:11,1
DA:12,0
DA:16,1
DA:17,0
DA:21,1
DA:22,0
DA:26,1
DA:27,0
DA:31,1
DA:32,0
LF:16
LH:11
BRDA:11,0,0,1
BRDA:11,0,1,0
BRDA:11,1,0,1
BRDA:11,1,1,1
BRDA:26,2,0,1
BRDA:26,2,1,0
BRDA:26,3,0,1
BRDA:26,3,1,1
BRDA:8,4,0,1
BRDA:8,4,1,0
BRDA:8,5,0,1
BRDA:8,5,1,1
BRF:12
BRH:9
end_of_record
TN:
SF:src/analytics/analytics.module.ts
FNF:0
FNH:0
DA:1,0
DA:2,0
DA:3,0
DA:9,0
LF:4
LH:0
BRF:0
BRH:0
end_of_record
TN:
SF:src/analytics/analytics.service.ts
FN:7,(anonymous_1)
FN:11,(anonymous_2)
FN:15,(anonymous_3)
FN:19,(anonymous_4)
FN:23,(anonymous_5)
FNF:5
FNH:0
FNDA:0,(anonymous_1)
FNDA:0,(anonymous_2)
FNDA:0,(anonymous_3)
FNDA:0,(anonymous_4)
FNDA:0,(anonymous_5)
DA:1,2
DA:6,2
DA:8,0
DA:12,0
DA:16,0
DA:20,0
DA:24,0
LF:7
LH:2
BRF:0
BRH:0
end_of_record
TN:
SF:src/analytics/dto/create-analytics.dto.ts
FNF:0
FNH:0
DA:1,1
LF:1
LH:1
BRF:0
BRH:0
end_of_record
TN:
SF:src/analytics/dto/update-analytics.dto.ts
FNF:0
FNH:0
DA:1,1
DA:2,1
DA:4,1
LF:3
LH:3
BRF:0
BRH:0
end_of_record
TN:
SF:src/analytics/entities/analytics.entity.ts
FNF:0
FNH:0
DA:1,0
LF:1
LH:0
BRF:0
BRH:0
end_of_record
TN:
SF:src/auth/auth.controller.ts
FN:29,(anonymous_4)
FN:81,(anonymous_5)
FN:141,(anonymous_6)
FN:209,(anonymous_7)
FN:261,(anonymous_8)
FN:278,(anonymous_9)
FN:317,(anonymous_10)
FN:337,(anonymous_11)
FN:380,(anonymous_12)
FN:419,(anonymous_13)
FN:458,(anonymous_14)
FN:483,(anonymous_15)
FN:512,(anonymous_16)
FN:540,(anonymous_17)
FNF:14
FNH:0
FNDA:0,(anonymous_4)
FNDA:0,(anonymous_5)
FNDA:0,(anonymous_6)
FNDA:0,(anonymous_7)
FNDA:0,(anonymous_8)
FNDA:0,(anonymous_9)
FNDA:0,(anonymous_10)
FNDA:0,(anonymous_11)
FNDA:0,(anonymous_12)
FNDA:0,(anonymous_13)
FNDA:0,(anonymous_14)
FNDA:0,(anonymous_15)
FNDA:0,(anonymous_16)
FNDA:0,(anonymous_17)
DA:1,0
DA:11,0
DA:12,0
DA:13,0
DA:14,0
DA:15,0
DA:16,0
DA:17,0
DA:18,0
DA:19,0
DA:20,0
DA:21,0
DA:22,0
DA:28,0
DA:30,0
DA:31,0
DA:32,0
DA:33,0
DA:81,0
DA:82,0
DA:141,0
DA:142,0
DA:209,0
DA:211,0
DA:213,0
DA:214,0
DA:217,0
DA:261,0
DA:262,0
DA:278,0
DA:279,0
DA:317,0
DA:318,0
DA:337,0
DA:338,0
DA:380,0
DA:381,0
DA:419,0
DA:420,0
DA:421,0
DA:458,0
DA:459,0
DA:460,0
DA:483,0
DA:484,0
DA:485,0
DA:512,0
DA:513,0
DA:540,0
DA:541,0
DA:542,0
DA:548,0
DA:554,0
DA:555,0
DA:561,0
LF:55
LH:0
BRDA:213,0,0,0
BRDA:213,0,1,0
BRDA:554,1,0,0
BRDA:554,1,1,0
BRDA:81,2,0,0
BRDA:81,2,1,0
BRDA:81,3,0,0
BRDA:81,3,1,0
BRDA:141,4,0,0
BRDA:141,4,1,0
BRDA:141,5,0,0
BRDA:141,5,1,0
BRDA:209,6,0,0
BRDA:209,6,1,0
BRDA:209,7,0,0
BRDA:209,7,1,0
BRDA:261,8,0,0
BRDA:261,8,1,0
BRDA:261,9,0,0
BRDA:261,9,1,0
BRDA:30,10,0,0
BRDA:30,10,1,0
BRDA:30,11,0,0
BRDA:30,11,1,0
BRDA:30,12,0,0
BRDA:30,12,1,0
BRDA:30,13,0,0
BRDA:30,13,1,0
BRDA:31,14,0,0
BRDA:31,14,1,0
BRDA:31,15,0,0
BRDA:31,15,1,0
BRDA:32,16,0,0
BRDA:32,16,1,0
BRDA:32,17,0,0
BRDA:32,17,1,0
BRF:36
BRH:0
end_of_record
TN:
SF:src/auth/auth.module.ts
FN:19,(anonymous_1)
FNF:1
FNH:0
FNDA:0,(anonymous_1)
DA:1,0
DA:2,0
DA:3,0
DA:4,0
DA:5,0
DA:6,0
DA:7,0
DA:8,0
DA:9,0
DA:10,0
DA:11,0
DA:19,0
DA:46,0
LF:13
LH:0
BRDA:23,0,0,0
BRDA:23,0,1,0
BRF:2
BRH:0
end_of_record
TN:
SF:src/auth/decorators/auth.decorator.ts
FN:7,Auth
FNF:1
FNH:1
FNDA:22,Auth
DA:1,6
DA:2,6
DA:3,6
DA:4,6
DA:7,6
DA:8,22
LF:6
LH:6
BRF:0
BRH:0
end_of_record
TN:
SF:src/auth/decorators/get-user.decorator.ts
FN:5,(anonymous_0)
FNF:1
FNH:0
FNDA:0,(anonymous_0)
DA:1,0
DA:4,0
DA:6,0
DA:7,0
DA:9,0
LF:5
LH:0
BRDA:9,0,0,0
BRDA:9,0,1,0
BRF:2
BRH:0
end_of_record
TN:
SF:src/auth/decorators/role.decorator.ts
FN:6,(anonymous_0)
FNF:1
FNH:1
FNDA:28,(anonymous_0)
DA:1,7
DA:4,7
DA:6,7
DA:7,28
LF:4
LH:4
BRF:0
BRH:0
end_of_record
TN:
SF:src/auth/decorators/school-ownership.decorator.ts
FN:12,SchoolAuth
FNF:1
FNH:1
FNDA:3,SchoolAuth
DA:1,3
DA:2,3
DA:3,3
DA:4,3
DA:5,3
DA:12,3
DA:13,3
LF:7
LH:7
BRF:0
BRH:0
end_of_record
TN:
SF:src/auth/decorators/school-read.decorator.ts
FN:16,SchoolRead
FN:27,SkipSchoolReadCheck
FNF:2
FNH:2
FNDA:3,SchoolRead
FNDA:4,SkipSchoolReadCheck
DA:1,5
DA:2,5
DA:3,5
DA:4,5
DA:5,5
DA:8,5
DA:16,5
DA:17,3
DA:27,5
DA:28,4
LF:10
LH:10
BRF:0
BRH:0
end_of_record
TN:
SF:src/auth/decorators/user.decorator.ts
FN:11,(anonymous_0)
FNF:1
FNH:0
FNDA:0,(anonymous_0)
DA:1,1
DA:10,1
DA:12,0
DA:13,0
DA:15,0
DA:16,0
DA:19,0
DA:22,0
DA:23,0
DA:27,0
DA:28,0
DA:31,0
LF:12
LH:2
BRDA:15,0,0,0
BRDA:15,0,1,0
BRDA:15,1,0,0
BRDA:15,1,1,0
BRDA:22,2,0,0
BRDA:22,2,1,0
BRDA:27,3,0,0
BRDA:27,3,1,0
BRDA:27,4,0,0
BRDA:27,4,1,0
BRF:10
BRH:0
end_of_record
TN:
SF:src/auth/dto/login-user.dto.ts
FN:18,(anonymous_2)
FN:27,(anonymous_3)
FNF:2
FNH:0
FNDA:0,(anonymous_2)
FNDA:0,(anonymous_3)
DA:1,0
DA:8,0
DA:10,0
DA:18,0
DA:19,0
DA:27,0
DA:28,0
DA:37,0
LF:8
LH:0
BRF:0
BRH:0
end_of_record
TN:
SF:src/auth/dto/register-admin.dto.ts
FNF:0
FNH:0
DA:1,0
DA:9,0
DA:11,0
DA:17,0
DA:26,0
DA:35,0
DA:44,0
DA:55,0
DA:65,0
DA:75,0
DA:83,0
LF:11
LH:0
BRF:0
BRH:0
end_of_record
TN:
SF:src/auth/dto/register-student.dto.ts
FNF:0
FNH:0
DA:1,0
DA:9,0
DA:11,0
DA:17,0
DA:26,0
DA:35,0
DA:44,0
DA:55,0
DA:65,0
DA:75,0
DA:83,0
LF:11
LH:0
BRF:0
BRH:0
end_of_record
TN:
SF:src/auth/dto/register.dto.ts
FNF:0
FNH:0
DA:1,0
DA:8,0
DA:10,0
DA:16,0
DA:25,0
DA:32,0
DA:39,0
DA:48,0
DA:57,0
DA:66,0
DA:74,0
LF:11
LH:0
BRF:0
BRH:0
end_of_record
TN:
SF:src/auth/guards/role.guard.ts
FN:18,(anonymous_2)
FN:23,(anonymous_3)
FN:39,(anonymous_4)
FN:42,(anonymous_5)
FN:63,(anonymous_6)
FNF:5
FNH:0
FNDA:0,(anonymous_2)
FNDA:0,(anonymous_3)
FNDA:0,(anonymous_4)
FNDA:0,(anonymous_5)
FNDA:0,(anonymous_6)
DA:1,7
DA:2,7
DA:10,7
DA:11,7
DA:15,7
DA:16,0
DA:19,0
DA:20,0
DA:24,0
DA:35,0
DA:36,0
DA:39,0
DA:43,0
DA:47,0
DA:51,0
DA:53,0
DA:55,0
DA:56,0
DA:58,0
DA:59,0
DA:62,0
DA:63,0
DA:65,0
DA:80,0
DA:82,0
DA:83,0
DA:88,0
LF:27
LH:5
BRDA:35,0,0,0
BRDA:35,0,1,0
BRDA:51,1,0,0
BRDA:51,1,1,0
BRDA:51,2,0,0
BRDA:51,2,1,0
BRDA:53,3,0,0
BRDA:53,3,1,0
BRDA:53,4,0,0
BRDA:53,4,1,0
BRDA:58,5,0,0
BRDA:58,5,1,0
BRDA:80,6,0,0
BRDA:80,6,1,0
BRDA:82,7,0,0
BRDA:82,7,1,0
BRDA:19,8,0,7
BRDA:19,8,1,0
BRDA:19,9,0,7
BRDA:19,9,1,7
BRDA:19,10,0,7
BRDA:19,10,1,0
BRDA:19,11,0,7
BRDA:19,11,1,7
BRF:24
BRH:6
end_of_record
TN:
SF:src/auth/guards/school-ownership.guard.ts
FN:17,(anonymous_2)
FN:22,(anonymous_3)
FN:81,(anonymous_4)
FN:97,(anonymous_5)
FNF:4
FNH:4
FNDA:6,(anonymous_2)
FNDA:5,(anonymous_3)
FNDA:5,(anonymous_4)
FNDA:5,(anonymous_5)
DA:1,4
DA:9,4
DA:10,4
DA:14,4
DA:15,6
DA:18,6
DA:19,6
DA:23,5
DA:24,5
DA:26,5
DA:27,0
DA:31,5
DA:34,5
DA:35,1
DA:36,1
DA:40,4
DA:41,1
DA:47,3
DA:52,3
DA:53,0
DA:56,3
DA:57,1
DA:61,2
DA:62,2
DA:64,2
DA:65,0
DA:69,2
DA:70,1
DA:75,1
DA:78,1
DA:82,5
DA:93,5
DA:94,0
DA:97,5
LF:34
LH:30
BRDA:26,0,0,0
BRDA:26,0,1,5
BRDA:34,1,0,1
BRDA:34,1,1,4
BRDA:40,2,0,1
BRDA:40,2,1,3
BRDA:52,3,0,0
BRDA:52,3,1,3
BRDA:56,4,0,1
BRDA:56,4,1,2
BRDA:64,5,0,0
BRDA:64,5,1,2
BRDA:69,6,0,1
BRDA:69,6,1,1
BRDA:93,7,0,0
BRDA:93,7,1,5
BRDA:18,8,0,4
BRDA:18,8,1,0
BRDA:18,9,0,4
BRDA:18,9,1,4
BRDA:18,10,0,4
BRDA:18,10,1,0
BRDA:18,11,0,4
BRDA:18,11,1,4
BRF:24
BRH:18
end_of_record
TN:
SF:src/auth/guards/school-read.guard.ts
FN:22,(anonymous_2)
FN:27,(anonymous_3)
FN:70,(anonymous_4)
FN:129,(anonymous_5)
FN:180,(anonymous_6)
FN:196,(anonymous_7)
FNF:6
FNH:6
FNDA:9,(anonymous_2)
FNDA:8,(anonymous_3)
FNDA:5,(anonymous_4)
FNDA:4,(anonymous_5)
FNDA:7,(anonymous_6)
FNDA:7,(anonymous_7)
DA:1,5
DA:9,5
DA:10,5
DA:12,5
DA:19,5
DA:20,9
DA:23,9
DA:24,9
DA:29,8
DA:34,8
DA:35,1
DA:36,1
DA:39,7
DA:40,7
DA:42,7
DA:43,0
DA:47,7
DA:50,7
DA:51,1
DA:52,1
DA:56,6
DA:57,1
DA:58,1
DA:62,5
DA:63,5
DA:67,0
DA:75,5
DA:78,5
DA:79,3
DA:84,3
DA:85,0
DA:88,3
DA:89,2
DA:90,2
DA:95,2
DA:96,0
DA:99,2
DA:102,5
DA:103,0
DA:109,5
DA:111,5
DA:113,4
DA:122,1
DA:123,1
DA:126,1
DA:134,4
DA:136,4
DA:139,4
DA:140,4
DA:144,4
DA:145,0
DA:146,0
DA:150,0
DA:151,0
DA:152,0
DA:156,0
DA:159,0
DA:162,4
DA:165,0
DA:168,4
DA:169,2
DA:174,2
DA:177,2
DA:181,7
DA:192,7
DA:193,0
DA:196,7
LF:67
LH:53
BRDA:34,0,0,1
BRDA:34,0,1,7
BRDA:42,1,0,0
BRDA:42,1,1,7
BRDA:50,2,0,1
BRDA:50,2,1,6
BRDA:56,3,0,1
BRDA:56,3,1,5
BRDA:62,4,0,5
BRDA:62,4,1,0
BRDA:62,5,0,5
BRDA:62,5,1,3
BRDA:78,6,0,3
BRDA:78,6,1,2
BRDA:84,7,0,0
BRDA:84,7,1,3
BRDA:89,8,0,2
BRDA:89,8,1,0
BRDA:95,9,0,0
BRDA:95,9,1,2
BRDA:102,10,0,0
BRDA:102,10,1,5
BRDA:111,11,0,4
BRDA:111,11,1,1
BRDA:134,12,0,4
BRDA:134,12,1,0
BRDA:139,13,0,4
BRDA:139,13,1,0
BRDA:144,14,0,4
BRDA:144,14,1,0
BRDA:145,15,0,0
BRDA:145,15,1,0
BRDA:150,16,0,0
BRDA:150,16,1,0
BRDA:151,17,0,0
BRDA:151,17,1,0
BRDA:156,18,0,0
BRDA:156,18,1,0
BRDA:162,19,0,0
BRDA:162,19,1,4
BRDA:168,20,0,2
BRDA:168,20,1,2
BRDA:192,21,0,0
BRDA:192,21,1,7
BRDA:23,22,0,5
BRDA:23,22,1,0
BRDA:23,23,0,5
BRDA:23,23,1,5
BRDA:23,24,0,5
BRDA:23,24,1,0
BRDA:23,25,0,5
BRDA:23,25,1,5
BRF:52
BRH:31
end_of_record
TN:
SF:src/auth/services/auth.service.ts
FN:17,(anonymous_2)
FN:29,(anonymous_3)
FN:30,isHashResult
FN:66,(anonymous_5)
FN:138,(anonymous_6)
FN:139,(anonymous_7)
FN:174,(anonymous_8)
FN:240,(anonymous_9)
FN:306,(anonymous_10)
FN:307,(anonymous_11)
FN:350,(anonymous_12)
FN:416,(anonymous_13)
FN:481,(anonymous_14)
FN:482,(anonymous_15)
FN:524,(anonymous_16)
FN:536,(anonymous_17)
FN:591,(anonymous_18)
FN:592,(anonymous_19)
FN:626,(anonymous_20)
FN:645,(anonymous_21)
FN:682,(anonymous_22)
FNF:21
FNH:0
FNDA:0,(anonymous_2)
FNDA:0,(anonymous_3)
FNDA:0,isHashResult
FNDA:0,(anonymous_5)
FNDA:0,(anonymous_6)
FNDA:0,(anonymous_7)
FNDA:0,(anonymous_8)
FNDA:0,(anonymous_9)
FNDA:0,(anonymous_10)
FNDA:0,(anonymous_11)
FNDA:0,(anonymous_12)
FNDA:0,(anonymous_13)
FNDA:0,(anonymous_14)
FNDA:0,(anonymous_15)
FNDA:0,(anonymous_16)
FNDA:0,(anonymous_17)
FNDA:0,(anonymous_18)
FNDA:0,(anonymous_19)
FNDA:0,(anonymous_20)
FNDA:0,(anonymous_21)
FNDA:0,(anonymous_22)
DA:1,0
DA:7,0
DA:12,0
DA:13,0
DA:16,0
DA:18,0
DA:19,0
DA:20,0
DA:33,0
DA:39,0
DA:40,0
DA:41,0
DA:43,0
DA:45,0
DA:46,0
DA:47,0
DA:48,0
DA:53,0
DA:55,0
DA:76,0
DA:79,0
DA:80,0
DA:86,0
DA:90,0
DA:91,0
DA:95,0
DA:96,0
DA:100,0
DA:101,0
DA:106,0
DA:109,0
DA:132,0
DA:133,0
DA:136,0
DA:137,0
DA:138,0
DA:140,0
DA:141,0
DA:142,0
DA:145,0
DA:148,0
DA:154,0
DA:164,0
DA:165,0
DA:184,0
DA:187,0
DA:188,0
DA:194,0
DA:198,0
DA:199,0
DA:203,0
DA:204,0
DA:208,0
DA:209,0
DA:214,0
DA:216,0
DA:218,0
DA:222,0
DA:223,0
DA:233,0
DA:234,0
DA:237,0
DA:240,0
DA:242,0
DA:258,0
DA:266,0
DA:281,0
DA:293,0
DA:296,0
DA:297,0
DA:301,0
DA:304,0
DA:305,0
DA:306,0
DA:308,0
DA:309,0
DA:310,0
DA:313,0
DA:316,0
DA:322,0
DA:332,0
DA:333,0
DA:335,0
DA:336,0
DA:338,0
DA:360,0
DA:363,0
DA:364,0
DA:370,0
DA:374,0
DA:375,0
DA:379,0
DA:380,0
DA:384,0
DA:385,0
DA:390,0
DA:392,0
DA:394,0
DA:398,0
DA:399,0
DA:409,0
DA:410,0
DA:413,0
DA:416,0
DA:418,0
DA:434,0
DA:442,0
DA:456,0
DA:468,0
DA:471,0
DA:472,0
DA:476,0
DA:479,0
DA:480,0
DA:481,0
DA:483,0
DA:484,0
DA:485,0
DA:488,0
DA:491,0
DA:497,0
DA:507,0
DA:508,0
DA:510,0
DA:511,0
DA:513,0
DA:525,0
DA:528,0
DA:529,0
DA:533,0
DA:536,0
DA:549,0
DA:550,0
DA:554,0
DA:555,0
DA:561,0
DA:562,0
DA:564,0
DA:569,0
DA:570,0
DA:574,0
DA:586,0
DA:589,0
DA:590,0
DA:591,0
DA:593,0
DA:594,0
DA:595,0
DA:598,0
DA:601,0
DA:607,0
DA:617,0
DA:618,0
DA:627,0
DA:634,0
DA:646,0
DA:648,0
DA:649,0
DA:653,0
DA:657,0
DA:658,0
DA:661,0
DA:683,0
DA:685,0
DA:686,0
DA:690,0
DA:693,0
DA:697,0
LF:168
LH:0
BRDA:33,0,0,0
BRDA:33,0,1,0
BRDA:34,1,0,0
BRDA:34,1,1,0
BRDA:34,1,2,0
BRDA:34,1,3,0
BRDA:41,2,0,0
BRDA:41,2,1,0
BRDA:47,3,0,0
BRDA:47,3,1,0
BRDA:56,4,0,0
BRDA:56,4,1,0
BRDA:79,5,0,0
BRDA:79,5,1,0
BRDA:90,6,0,0
BRDA:90,6,1,0
BRDA:95,7,0,0
BRDA:95,7,1,0
BRDA:100,8,0,0
BRDA:100,8,1,0
BRDA:151,9,0,0
BRDA:151,9,1,0
BRDA:187,10,0,0
BRDA:187,10,1,0
BRDA:198,11,0,0
BRDA:198,11,1,0
BRDA:203,12,0,0
BRDA:203,12,1,0
BRDA:208,13,0,0
BRDA:208,13,1,0
BRDA:222,14,0,0
BRDA:222,14,1,0
BRDA:233,15,0,0
BRDA:233,15,1,0
BRDA:296,16,0,0
BRDA:296,16,1,0
BRDA:319,17,0,0
BRDA:319,17,1,0
BRDA:335,18,0,0
BRDA:335,18,1,0
BRDA:335,19,0,0
BRDA:335,19,1,0
BRDA:339,20,0,0
BRDA:339,20,1,0
BRDA:363,21,0,0
BRDA:363,21,1,0
BRDA:374,22,0,0
BRDA:374,22,1,0
BRDA:379,23,0,0
BRDA:379,23,1,0
BRDA:384,24,0,0
BRDA:384,24,1,0
BRDA:398,25,0,0
BRDA:398,25,1,0
BRDA:409,26,0,0
BRDA:409,26,1,0
BRDA:471,27,0,0
BRDA:471,27,1,0
BRDA:494,28,0,0
BRDA:494,28,1,0
BRDA:510,29,0,0
BRDA:510,29,1,0
BRDA:510,30,0,0
BRDA:510,30,1,0
BRDA:514,31,0,0
BRDA:514,31,1,0
BRDA:528,32,0,0
BRDA:528,32,1,0
BRDA:528,33,0,0
BRDA:528,33,1,0
BRDA:535,34,0,0
BRDA:535,34,1,0
BRDA:535,35,0,0
BRDA:535,35,1,0
BRDA:549,36,0,0
BRDA:549,36,1,0
BRDA:554,37,0,0
BRDA:554,37,1,0
BRDA:561,38,0,0
BRDA:561,38,1,0
BRDA:569,39,0,0
BRDA:569,39,1,0
BRDA:604,40,0,0
BRDA:604,40,1,0
BRDA:648,41,0,0
BRDA:648,41,1,0
BRDA:657,42,0,0
BRDA:657,42,1,0
BRDA:657,43,0,0
BRDA:657,43,1,0
BRDA:685,44,0,0
BRDA:685,44,1,0
BRDA:690,45,0,0
BRDA:690,45,1,0
BRDA:693,46,0,0
BRDA:693,46,1,0
BRDA:18,47,0,0
BRDA:18,47,1,0
BRDA:18,48,0,0
BRDA:18,48,1,0
BRDA:18,49,0,0
BRDA:18,49,1,0
BRDA:18,50,0,0
BRDA:18,50,1,0
BRDA:19,51,0,0
BRDA:19,51,1,0
BRDA:19,52,0,0
BRDA:19,52,1,0
BRF:108
BRH:0
end_of_record
TN:
SF:src/auth/services/crypto.service.ts
FN:15,(anonymous_1)
FN:38,(anonymous_2)
FN:64,(anonymous_3)
FN:118,(anonymous_4)
FN:155,(anonymous_5)
FN:165,(anonymous_6)
FN:174,(anonymous_7)
FNF:7
FNH:0
FNDA:0,(anonymous_1)
FNDA:0,(anonymous_2)
FNDA:0,(anonymous_3)
FNDA:0,(anonymous_4)
FNDA:0,(anonymous_5)
FNDA:0,(anonymous_6)
FNDA:0,(anonymous_7)
DA:1,8
DA:2,8
DA:9,8
DA:16,0
DA:18,0
DA:19,0
DA:20,0
DA:23,0
DA:25,0
DA:26,0
DA:28,0
DA:39,0
DA:40,0
DA:41,0
DA:44,0
DA:46,0
DA:48,0
DA:49,0
DA:51,0
DA:52,0
DA:69,0
DA:71,0
DA:72,0
DA:73,0
DA:80,0
DA:81,0
DA:82,0
DA:89,0
DA:90,0
DA:97,0
DA:99,0
DA:105,0
DA:106,0
DA:123,0
DA:125,0
DA:126,0
DA:127,0
DA:134,0
DA:136,0
DA:142,0
DA:143,0
DA:156,0
DA:166,0
DA:175,0
LF:44
LH:3
BRDA:19,0,0,0
BRDA:19,0,1,0
BRDA:25,1,0,0
BRDA:25,1,1,0
BRDA:40,2,0,0
BRDA:40,2,1,0
BRDA:40,3,0,0
BRDA:40,3,1,0
BRDA:46,4,0,0
BRDA:46,4,1,0
BRDA:46,5,0,0
BRDA:46,5,1,0
BRDA:72,6,0,0
BRDA:72,6,1,0
BRDA:81,7,0,0
BRDA:81,7,1,0
BRDA:89,8,0,0
BRDA:89,8,1,0
BRDA:126,9,0,0
BRDA:126,9,1,0
BRDA:155,10,0,0
BRF:21
BRH:0
end_of_record
TN:
SF:src/auth/services/index.ts
FN:1,(anonymous_0)
FN:2,(anonymous_1)
FN:3,(anonymous_2)
FNF:3
FNH:0
FNDA:0,(anonymous_0)
FNDA:0,(anonymous_1)
FNDA:0,(anonymous_2)
DA:1,0
DA:2,0
DA:3,0
LF:3
LH:0
BRF:0
BRH:0
end_of_record
TN:
SF:src/auth/services/jwt.service.ts
FN:9,(anonymous_2)
FN:19,(anonymous_3)
FN:55,(anonymous_4)
FN:74,(anonymous_5)
FN:90,(anonymous_6)
FN:106,(anonymous_7)
FN:120,(anonymous_8)
FN:128,(anonymous_9)
FN:136,(anonymous_10)
FN:152,(anonymous_11)
FN:169,(anonymous_12)
FN:181,(anonymous_13)
FN:200,(anonymous_14)
FNF:13
FNH:0
FNDA:0,(anonymous_2)
FNDA:0,(anonymous_3)
FNDA:0,(anonymous_4)
FNDA:0,(anonymous_5)
FNDA:0,(anonymous_6)
FNDA:0,(anonymous_7)
FNDA:0,(anonymous_8)
FNDA:0,(anonymous_9)
FNDA:0,(anonymous_10)
FNDA:0,(anonymous_11)
FNDA:0,(anonymous_12)
FNDA:0,(anonymous_13)
FNDA:0,(anonymous_14)
DA:1,0
DA:2,0
DA:3,0
DA:8,0
DA:10,0
DA:11,0
DA:20,0
DA:21,0
DA:24,0
DA:28,0
DA:32,0
DA:37,0
DA:42,0
DA:56,0
DA:58,0
DA:63,0
DA:75,0
DA:76,0
DA:80,0
DA:81,0
DA:91,0
DA:92,0
DA:96,0
DA:97,0
DA:107,0
DA:109,0
DA:110,0
DA:113,0
DA:121,0
DA:129,0
DA:137,0
DA:140,0
DA:141,0
DA:142,0
DA:143,0
DA:145,0
DA:153,0
DA:156,0
DA:157,0
DA:158,0
DA:159,0
DA:161,0
DA:170,0
DA:171,0
DA:173,0
DA:182,0
DA:183,0
DA:184,0
DA:185,0
DA:186,0
DA:188,0
DA:190,0
DA:191,0
DA:201,0
DA:202,0
DA:203,0
DA:205,0
LF:57
LH:0
BRDA:109,0,0,0
BRDA:109,0,1,0
BRDA:140,1,0,0
BRDA:140,1,1,0
BRDA:141,2,0,0
BRDA:141,2,1,0
BRDA:143,3,0,0
BRDA:143,3,1,0
BRDA:156,4,0,0
BRDA:156,4,1,0
BRDA:157,5,0,0
BRDA:157,5,1,0
BRDA:159,6,0,0
BRDA:159,6,1,0
BRDA:170,7,0,0
BRDA:170,7,1,0
BRDA:170,8,0,0
BRDA:170,8,1,0
BRDA:184,9,0,0
BRDA:184,9,1,0
BRDA:184,10,0,0
BRDA:184,10,1,0
BRDA:184,10,2,0
BRDA:186,11,0,0
BRDA:186,11,1,0
BRDA:202,12,0,0
BRDA:202,12,1,0
BRDA:10,13,0,0
BRDA:10,13,1,0
BRDA:10,14,0,0
BRDA:10,14,1,0
BRDA:10,15,0,0
BRDA:10,15,1,0
BRDA:10,16,0,0
BRDA:10,16,1,0
BRF:35
BRH:0
end_of_record
TN:
SF:src/auth/strategies/jwt.strategy.ts
FN:10,(anonymous_2)
FN:21,(anonymous_3)
FN:58,(anonymous_4)
FN:59,(anonymous_5)
FNF:4
FNH:0
FNDA:0,(anonymous_2)
FNDA:0,(anonymous_3)
FNDA:0,(anonymous_4)
FNDA:0,(anonymous_5)
DA:1,0
DA:2,0
DA:3,0
DA:4,0
DA:5,0
DA:9,0
DA:11,0
DA:12,0
DA:14,0
DA:22,0
DA:24,0
DA:25,0
DA:28,0
DA:46,0
DA:47,0
DA:50,0
DA:51,0
DA:56,0
DA:57,0
DA:58,0
DA:60,0
DA:61,0
DA:62,0
DA:63,0
DA:64,0
DA:67,0
DA:68,0
DA:70,0
DA:72,0
LF:29
LH:0
BRDA:24,0,0,0
BRDA:24,0,1,0
BRDA:46,1,0,0
BRDA:46,1,1,0
BRDA:50,2,0,0
BRDA:50,2,1,0
BRDA:57,3,0,0
BRDA:57,3,1,0
BRDA:62,4,0,0
BRDA:62,4,1,0
BRDA:63,5,0,0
BRDA:63,5,1,0
BRDA:11,6,0,0
BRDA:11,6,1,0
BRDA:11,7,0,0
BRDA:11,7,1,0
BRDA:11,8,0,0
BRDA:11,8,1,0
BRDA:11,9,0,0
BRDA:11,9,1,0
BRF:20
BRH:0
end_of_record
TN:
SF:src/auth/utils/crypto.utils.ts
FN:18,(anonymous_9)
FN:37,(anonymous_10)
FN:66,(anonymous_11)
FN:77,(anonymous_12)
FN:107,(anonymous_13)
FNF:5
FNH:0
FNDA:0,(anonymous_9)
FNDA:0,(anonymous_10)
FNDA:0,(anonymous_11)
FNDA:0,(anonymous_12)
FNDA:0,(anonymous_13)
DA:1,8
DA:7,8
DA:8,8
DA:9,8
DA:10,8
DA:11,8
DA:19,0
DA:20,0
DA:23,0
DA:24,0
DA:28,0
DA:38,0
DA:39,0
DA:42,0
DA:43,0
DA:45,0
DA:46,0
DA:49,0
DA:53,0
DA:55,0
DA:56,0
DA:67,0
DA:68,0
DA:69,0
DA:81,0
DA:82,0
DA:85,0
DA:86,0
DA:92,0
DA:93,0
DA:99,0
DA:109,0
DA:110,0
DA:112,0
DA:113,0
DA:114,0
DA:117,0
LF:37
LH:6
BRDA:19,0,0,0
BRDA:19,0,1,0
BRDA:19,1,0,0
BRDA:19,1,1,0
BRDA:38,2,0,0
BRDA:38,2,1,0
BRDA:38,3,0,0
BRDA:38,3,1,0
BRDA:45,4,0,0
BRDA:45,4,1,0
BRDA:45,5,0,0
BRDA:45,5,1,0
BRDA:81,6,0,0
BRDA:81,6,1,0
BRDA:85,7,0,0
BRDA:85,7,1,0
BRDA:92,8,0,0
BRDA:92,8,1,0
BRDA:107,9,0,0
BRF:19
BRH:0
end_of_record
TN:
SF:src/auth/utils/index.ts
FN:1,(anonymous_0)
FNF:1
FNH:0
FNDA:0,(anonymous_0)
DA:1,8
LF:1
LH:1
BRF:0
BRH:0
end_of_record
TN:
SF:src/challenges/challenges.controller.ts
FN:33,(anonymous_4)
FN:63,(anonymous_5)
FN:79,(anonymous_6)
FN:97,(anonymous_7)
FN:113,(anonymous_8)
FN:129,(anonymous_9)
FN:149,(anonymous_10)
FN:183,(anonymous_11)
FN:221,(anonymous_12)
FNF:9
FNH:1
FNDA:1,(anonymous_4)
FNDA:0,(anonymous_5)
FNDA:0,(anonymous_6)
FNDA:0,(anonymous_7)
FNDA:0,(anonymous_8)
FNDA:0,(anonymous_9)
FNDA:0,(anonymous_10)
FNDA:0,(anonymous_11)
FNDA:0,(anonymous_12)
DA:1,1
DA:14,1
DA:20,1
DA:21,1
DA:22,1
DA:23,1
DA:24,1
DA:25,1
DA:26,1
DA:27,1
DA:32,1
DA:33,1
DA:63,1
DA:64,0
DA:79,1
DA:82,0
DA:97,1
DA:98,0
DA:113,1
DA:114,0
DA:129,1
DA:130,0
DA:149,1
DA:150,0
DA:183,1
DA:187,0
DA:221,1
DA:222,0
LF:28
LH:20
BRDA:63,0,0,1
BRDA:63,0,1,0
BRDA:63,1,0,1
BRDA:63,1,1,1
BRDA:63,2,0,1
BRDA:63,2,1,0
BRDA:63,3,0,1
BRDA:63,3,1,1
BRDA:80,4,0,1
BRDA:80,4,1,0
BRDA:80,5,0,1
BRDA:80,5,1,1
BRDA:81,6,0,1
BRDA:81,6,1,0
BRDA:81,7,0,1
BRDA:81,7,1,1
BRDA:97,8,0,1
BRDA:97,8,1,0
BRDA:97,9,0,1
BRDA:97,9,1,1
BRDA:113,10,0,1
BRDA:113,10,1,0
BRDA:113,11,0,1
BRDA:113,11,1,1
BRDA:129,12,0,1
BRDA:129,12,1,0
BRDA:129,13,0,1
BRDA:129,13,1,1
BRDA:149,14,0,1
BRDA:149,14,1,0
BRDA:149,15,0,1
BRDA:149,15,1,1
BRDA:185,16,0,1
BRDA:185,16,1,0
BRDA:185,17,0,1
BRDA:185,17,1,1
BRDA:186,18,0,1
BRDA:186,18,1,0
BRDA:186,19,0,1
BRDA:186,19,1,1
BRDA:221,20,0,1
BRDA:221,20,1,0
BRDA:221,21,0,1
BRDA:221,21,1,1
BRDA:33,22,0,1
BRDA:33,22,1,0
BRDA:33,23,0,1
BRDA:33,23,1,1
BRF:48
BRH:36
end_of_record
TN:
SF:src/challenges/challenges.module.ts
FNF:0
FNH:0
DA:1,0
DA:2,0
DA:3,0
DA:4,0
DA:12,0
LF:5
LH:0
BRF:0
BRH:0
end_of_record
TN:
SF:src/challenges/challenges.service.ts
FN:17,(anonymous_2)
FN:19,(anonymous_3)
FN:47,(anonymous_4)
FN:63,(anonymous_5)
FN:151,(anonymous_6)
FN:185,(anonymous_7)
FN:222,(anonymous_8)
FN:269,(anonymous_9)
FN:286,(anonymous_10)
FN:303,(anonymous_11)
FNF:10
FNH:1
FNDA:1,(anonymous_2)
FNDA:0,(anonymous_3)
FNDA:0,(anonymous_4)
FNDA:0,(anonymous_5)
FNDA:0,(anonymous_6)
FNDA:0,(anonymous_7)
FNDA:0,(anonymous_8)
FNDA:0,(anonymous_9)
FNDA:0,(anonymous_10)
FNDA:0,(anonymous_11)
DA:1,2
DA:7,2
DA:12,2
DA:16,2
DA:17,1
DA:20,0
DA:22,0
DA:26,0
DA:27,0
DA:32,0
DA:36,0
DA:38,0
DA:39,0
DA:41,0
DA:48,0
DA:49,0
DA:55,0
DA:57,0
DA:66,0
DA:78,0
DA:81,0
DA:83,0
DA:84,0
DA:87,0
DA:88,0
DA:91,0
DA:92,0
DA:95,0
DA:96,0
DA:99,0
DA:100,0
DA:104,0
DA:106,0
DA:107,0
DA:114,0
DA:115,0
DA:120,0
DA:121,0
DA:126,0
DA:127,0
DA:131,0
DA:134,0
DA:143,0
DA:145,0
DA:152,0
DA:153,0
DA:170,0
DA:171,0
DA:174,0
DA:176,0
DA:177,0
DA:179,0
DA:186,0
DA:188,0
DA:191,0
DA:192,0
DA:196,0
DA:197,0
DA:203,0
DA:208,0
DA:210,0
DA:214,0
DA:216,0
DA:223,0
DA:225,0
DA:237,0
DA:238,0
DA:242,0
DA:245,0
DA:246,0
DA:251,0
DA:255,0
DA:257,0
DA:261,0
DA:263,0
DA:270,0
DA:271,0
DA:278,0
DA:280,0
DA:287,0
DA:288,0
DA:295,0
DA:297,0
DA:304,0
DA:305,0
DA:315,0
DA:317,0
LF:87
LH:5
BRDA:26,0,0,0
BRDA:26,0,1,0
BRDA:38,1,0,0
BRDA:38,1,1,0
BRDA:68,2,0,0
BRDA:69,3,0,0
BRDA:83,4,0,0
BRDA:83,4,1,0
BRDA:87,5,0,0
BRDA:87,5,1,0
BRDA:91,6,0,0
BRDA:91,6,1,0
BRDA:95,7,0,0
BRDA:95,7,1,0
BRDA:99,8,0,0
BRDA:99,8,1,0
BRDA:106,9,0,0
BRDA:106,9,1,0
BRDA:114,10,0,0
BRDA:114,10,1,0
BRDA:120,11,0,0
BRDA:120,11,1,0
BRDA:126,12,0,0
BRDA:126,12,1,0
BRDA:170,13,0,0
BRDA:170,13,1,0
BRDA:176,14,0,0
BRDA:176,14,1,0
BRDA:191,15,0,0
BRDA:191,15,1,0
BRDA:196,16,0,0
BRDA:196,16,1,0
BRDA:196,17,0,0
BRDA:196,17,1,0
BRDA:210,18,0,0
BRDA:210,18,1,0
BRDA:211,19,0,0
BRDA:211,19,1,0
BRDA:237,20,0,0
BRDA:237,20,1,0
BRDA:242,21,0,0
BRDA:242,21,1,0
BRDA:245,22,0,0
BRDA:245,22,1,0
BRDA:257,23,0,0
BRDA:257,23,1,0
BRDA:258,24,0,0
BRDA:258,24,1,0
BRDA:17,25,0,2
BRDA:17,25,1,0
BRDA:17,26,0,2
BRDA:17,26,1,2
BRF:52
BRH:3
end_of_record
TN:
SF:src/challenges/dto/create-challenge.dto.ts
FNF:0
FNH:0
DA:1,1
DA:2,1
DA:12,1
DA:16,1
DA:21,1
DA:26,1
DA:35,1
DA:44,1
DA:53,1
DA:59,1
DA:64,1
DA:69,1
LF:12
LH:12
BRF:0
BRH:0
end_of_record
TN:
SF:src/challenges/dto/query-challenge.dto.ts
FN:43,(anonymous_2)
FN:52,(anonymous_3)
FNF:2
FNH:0
FNDA:0,(anonymous_2)
FNDA:0,(anonymous_3)
DA:1,1
DA:2,1
DA:3,1
DA:4,1
DA:6,1
DA:15,1
DA:25,1
DA:35,1
DA:43,0
DA:44,1
DA:52,0
DA:53,1
DA:61,1
DA:69,1
DA:77,1
LF:15
LH:13
BRF:0
BRH:0
end_of_record
TN:
SF:src/challenges/dto/update-challenge.dto.ts
FNF:0
FNH:0
DA:1,1
DA:2,1
DA:4,1
LF:3
LH:3
BRF:0
BRH:0
end_of_record
TN:
SF:src/challenges/entities/challenge.entity.ts
FNF:0
FNH:0
DA:1,1
DA:4,1
DA:6,1
DA:9,1
DA:12,1
DA:15,1
DA:21,1
DA:27,1
DA:33,1
DA:36,1
DA:39,1
DA:42,1
DA:45,1
DA:48,1
LF:14
LH:14
BRDA:45,0,0,1
BRDA:45,0,1,0
BRDA:45,1,0,1
BRDA:45,1,1,1
BRDA:48,2,0,1
BRDA:48,2,1,0
BRDA:48,3,0,1
BRDA:48,3,1,1
BRF:8
BRH:6
end_of_record
TN:
SF:src/common/index.ts
FNF:0
FNH:0
DA:1,4
DA:2,4
DA:3,4
DA:4,4
DA:5,4
DA:6,4
DA:7,4
LF:7
LH:7
BRF:0
BRH:0
end_of_record
TN:
SF:src/common/decorators/base-url.decorator.ts
FN:5,(anonymous_0)
FNF:1
FNH:0
FNDA:0,(anonymous_0)
DA:1,0
DA:4,0
DA:6,0
DA:7,0
LF:4
LH:0
BRF:0
BRH:0
end_of_record
TN:
SF:src/common/definitions/enums.ts
FN:1,(anonymous_0)
FNF:1
FNH:1
FNDA:7,(anonymous_0)
DA:1,7
DA:2,7
DA:3,7
DA:4,7
DA:5,7
DA:6,7
LF:6
LH:6
BRDA:1,0,0,7
BRDA:1,0,1,7
BRF:2
BRH:2
end_of_record
TN:
SF:src/common/dtos/ai.dto.ts
FNF:0
FNH:0
DA:1,0
DA:2,0
DA:4,0
DA:11,0
DA:14,0
DA:19,0
DA:26,0
LF:7
LH:0
BRF:0
BRH:0
end_of_record
TN:
SF:src/common/dtos/import-file.dto.ts
FNF:0
FNH:0
DA:1,4
DA:2,4
DA:9,4
DA:24,4
LF:4
LH:4
BRDA:24,0,0,4
BRDA:24,0,1,0
BRDA:24,1,0,4
BRDA:24,1,1,4
BRF:4
BRH:3
end_of_record
TN:
SF:src/common/dtos/import-response.dto.ts
FNF:0
FNH:0
DA:1,4
DA:3,4
DA:8,4
DA:14,4
DA:20,4
DA:23,4
DA:28,4
DA:34,4
DA:40,4
DA:46,4
DA:52,4
DA:58,4
DA:64,4
LF:13
LH:13
BRDA:20,0,0,0
BRDA:20,0,1,4
BRDA:20,1,0,4
BRDA:20,1,1,0
BRF:4
BRH:2
end_of_record
TN:
SF:src/common/dtos/pagination.dto.ts
FN:17,(anonymous_2)
FN:28,(anonymous_3)
FN:57,(anonymous_4)
FNF:3
FNH:0
FNDA:0,(anonymous_2)
FNDA:0,(anonymous_3)
FNDA:0,(anonymous_4)
DA:1,10
DA:2,10
DA:3,10
DA:5,10
DA:17,0
DA:18,10
DA:28,0
DA:29,10
DA:32,10
DA:34,10
DA:37,10
DA:40,10
DA:43,10
DA:46,10
DA:49,10
DA:52,10
DA:55,10
DA:58,0
DA:59,0
DA:60,0
DA:61,0
DA:62,0
DA:63,0
DA:64,0
DA:65,0
LF:25
LH:15
BRF:0
BRH:0
end_of_record
TN:
SF:src/coordinators/coordinators.controller.ts
FN:40,(anonymous_4)
FN:75,(anonymous_5)
FN:93,(anonymous_6)
FN:111,(anonymous_7)
FN:127,(anonymous_8)
FN:162,(anonymous_9)
FN:196,(anonymous_10)
FN:229,(anonymous_11)
FN:269,(anonymous_12)
FNF:9
FNH:8
FNDA:8,(anonymous_4)
FNDA:1,(anonymous_5)
FNDA:1,(anonymous_6)
FNDA:1,(anonymous_7)
FNDA:1,(anonymous_8)
FNDA:1,(anonymous_9)
FNDA:1,(anonymous_10)
FNDA:1,(anonymous_11)
FNDA:0,(anonymous_12)
DA:1,1
DA:14,1
DA:21,1
DA:22,1
DA:23,1
DA:24,1
DA:25,1
DA:26,1
DA:27,1
DA:28,1
DA:29,1
DA:30,1
DA:34,1
DA:39,1
DA:40,8
DA:75,1
DA:78,1
DA:93,1
DA:96,1
DA:111,1
DA:112,1
DA:127,1
DA:130,1
DA:162,1
DA:163,1
DA:196,1
DA:200,1
DA:229,1
DA:230,1
DA:269,1
DA:272,0
LF:31
LH:30
BRDA:76,0,0,1
BRDA:76,0,1,0
BRDA:76,1,0,1
BRDA:76,1,1,1
BRDA:77,2,0,1
BRDA:77,2,1,0
BRDA:77,3,0,1
BRDA:77,3,1,1
BRDA:94,4,0,1
BRDA:94,4,1,0
BRDA:94,5,0,1
BRDA:94,5,1,1
BRDA:95,6,0,1
BRDA:95,6,1,0
BRDA:95,7,0,1
BRDA:95,7,1,1
BRDA:111,8,0,1
BRDA:111,8,1,0
BRDA:111,9,0,1
BRDA:111,9,1,1
BRDA:129,10,0,1
BRDA:129,10,1,0
BRDA:129,11,0,1
BRDA:129,11,1,1
BRDA:162,12,0,1
BRDA:162,12,1,0
BRDA:162,13,0,1
BRDA:162,13,1,1
BRDA:198,14,0,1
BRDA:198,14,1,0
BRDA:198,15,0,1
BRDA:198,15,1,1
BRDA:199,16,0,1
BRDA:199,16,1,0
BRDA:199,17,0,1
BRDA:199,17,1,1
BRDA:229,18,0,1
BRDA:229,18,1,0
BRDA:229,19,0,1
BRDA:229,19,1,1
BRDA:270,20,0,1
BRDA:270,20,1,0
BRDA:270,21,0,1
BRDA:270,21,1,1
BRDA:271,22,0,1
BRDA:271,22,1,0
BRDA:271,23,0,1
BRDA:271,23,1,1
BRDA:40,24,0,1
BRDA:40,24,1,0
BRDA:40,25,0,1
BRDA:40,25,1,1
BRF:52
BRH:39
end_of_record
TN:
SF:src/coordinators/coordinators.module.ts
FNF:0
FNH:0
DA:1,0
DA:2,0
DA:3,0
DA:4,0
DA:5,0
DA:6,0
DA:14,0
LF:7
LH:0
BRF:0
BRH:0
end_of_record
TN:
SF:src/coordinators/coordinators.service.ts
FN:26,(anonymous_11)
FN:31,(anonymous_12)
FN:162,(anonymous_13)
FN:181,(anonymous_14)
FN:264,(anonymous_15)
FN:297,(anonymous_16)
FN:356,(anonymous_17)
FN:382,(anonymous_18)
FN:399,(anonymous_19)
FN:422,(anonymous_20)
FN:459,(anonymous_21)
FN:483,(anonymous_22)
FN:520,(anonymous_23)
FNF:13
FNH:8
FNDA:12,(anonymous_11)
FNDA:3,(anonymous_12)
FNDA:1,(anonymous_13)
FNDA:0,(anonymous_14)
FNDA:3,(anonymous_15)
FNDA:1,(anonymous_16)
FNDA:2,(anonymous_17)
FNDA:1,(anonymous_18)
FNDA:1,(anonymous_19)
FNDA:0,(anonymous_20)
FNDA:0,(anonymous_21)
FNDA:0,(anonymous_22)
FNDA:0,(anonymous_23)
DA:1,2
DA:8,2
DA:9,2
DA:10,2
DA:14,2
DA:16,2
DA:17,2
DA:19,2
DA:20,2
DA:23,2
DA:24,12
DA:27,12
DA:28,12
DA:32,3
DA:34,3
DA:38,3
DA:39,1
DA:45,2
DA:49,2
DA:50,1
DA:55,1
DA:59,1
DA:60,0
DA:64,1
DA:68,1
DA:69,0
DA:73,1
DA:77,1
DA:78,0
DA:87,1
DA:89,1
DA:91,0
DA:94,0
DA:95,0
DA:99,0
DA:102,1
DA:103,0
DA:108,1
DA:109,0
DA:116,1
DA:123,1
DA:124,1
DA:133,1
DA:148,1
DA:150,2
DA:154,2
DA:156,0
DA:163,1
DA:164,1
DA:173,1
DA:175,0
DA:184,0
DA:194,0
DA:197,0
DA:199,0
DA:200,0
DA:203,0
DA:204,0
DA:208,0
DA:210,0
DA:211,0
DA:218,0
DA:219,0
DA:224,0
DA:225,0
DA:230,0
DA:231,0
DA:236,0
DA:237,0
DA:241,0
DA:244,0
DA:256,0
DA:258,0
DA:265,3
DA:266,3
DA:282,3
DA:283,1
DA:286,2
DA:288,1
DA:289,1
DA:291,0
DA:298,1
DA:300,1
DA:303,1
DA:304,0
DA:308,0
DA:309,0
DA:316,1
DA:317,0
DA:321,0
DA:322,0
DA:328,1
DA:342,1
DA:344,0
DA:348,0
DA:350,0
DA:357,2
DA:359,2
DA:363,2
DA:364,1
DA:367,1
DA:371,1
DA:373,1
DA:374,1
DA:376,0
DA:383,1
DA:384,1
DA:391,1
DA:393,0
DA:400,1
DA:401,1
DA:411,1
DA:413,0
DA:423,0
DA:424,0
DA:425,0
DA:426,0
DA:427,0
DA:429,0
DA:430,0
DA:432,0
DA:435,0
DA:436,0
DA:441,0
DA:443,0
DA:444,0
DA:445,0
DA:447,0
DA:448,0
DA:451,0
DA:453,0
DA:454,0
DA:457,0
DA:458,0
DA:459,0
DA:460,0
DA:463,0
DA:465,0
DA:466,0
DA:468,0
DA:469,0
DA:472,0
DA:473,0
DA:474,0
DA:477,0
DA:478,0
DA:479,0
DA:481,0
DA:482,0
DA:483,0
DA:484,0
DA:485,0
DA:486,0
DA:488,0
DA:489,0
DA:490,0
DA:491,0
DA:492,0
DA:496,0
DA:497,0
DA:498,0
DA:500,0
DA:504,0
DA:505,0
DA:506,0
DA:509,0
DA:514,0
DA:518,0
DA:519,0
DA:520,0
DA:522,0
DA:525,0
DA:526,0
DA:528,0
DA:529,0
DA:532,0
DA:534,0
DA:536,0
DA:542,0
DA:546,0
DA:547,0
DA:550,0
DA:555,0
DA:557,0
DA:561,0
DA:574,0
DA:575,0
DA:577,0
DA:587,0
DA:588,0
DA:589,0
DA:591,0
LF:192
LH:67
BRDA:38,0,0,1
BRDA:38,0,1,2
BRDA:49,1,0,1
BRDA:49,1,1,1
BRDA:59,2,0,0
BRDA:59,2,1,1
BRDA:68,3,0,0
BRDA:68,3,1,1
BRDA:77,4,0,0
BRDA:77,4,1,1
BRDA:89,5,0,0
BRDA:89,5,1,1
BRDA:94,6,0,0
BRDA:94,6,1,0
BRDA:94,7,0,0
BRDA:94,7,1,0
BRDA:102,8,0,0
BRDA:102,8,1,1
BRDA:108,9,0,0
BRDA:108,9,1,1
BRDA:123,10,0,1
BRDA:123,10,1,0
BRDA:143,11,0,1
BRDA:143,11,1,1
BRDA:150,12,0,2
BRDA:150,12,1,0
BRDA:151,13,0,2
BRDA:151,13,1,1
BRDA:186,14,0,0
BRDA:187,15,0,0
BRDA:199,16,0,0
BRDA:199,16,1,0
BRDA:203,17,0,0
BRDA:203,17,1,0
BRDA:210,18,0,0
BRDA:210,18,1,0
BRDA:218,19,0,0
BRDA:218,19,1,0
BRDA:224,20,0,0
BRDA:224,20,1,0
BRDA:230,21,0,0
BRDA:230,21,1,0
BRDA:236,22,0,0
BRDA:236,22,1,0
BRDA:282,23,0,1
BRDA:282,23,1,2
BRDA:288,24,0,1
BRDA:288,24,1,0
BRDA:303,25,0,0
BRDA:303,25,1,1
BRDA:308,26,0,0
BRDA:308,26,1,0
BRDA:308,27,0,0
BRDA:308,27,1,0
BRDA:316,28,0,0
BRDA:316,28,1,1
BRDA:321,29,0,0
BRDA:321,29,1,0
BRDA:344,30,0,0
BRDA:344,30,1,0
BRDA:345,31,0,0
BRDA:345,31,1,0
BRDA:363,32,0,1
BRDA:363,32,1,1
BRDA:373,33,0,1
BRDA:373,33,1,0
BRDA:432,34,0,0
BRDA:432,34,1,0
BRDA:435,35,0,0
BRDA:435,35,1,0
BRDA:435,36,0,0
BRDA:435,36,1,0
BRDA:443,37,0,0
BRDA:443,37,1,0
BRDA:453,38,0,0
BRDA:453,38,1,0
BRDA:460,39,0,0
BRDA:460,39,1,0
BRDA:466,40,0,0
BRDA:466,40,1,0
BRDA:468,41,0,0
BRDA:468,41,1,0
BRDA:473,42,0,0
BRDA:473,42,1,0
BRDA:485,43,0,0
BRDA:485,43,1,0
BRDA:488,44,0,0
BRDA:488,44,1,0
BRDA:488,45,0,0
BRDA:488,45,1,0
BRDA:489,46,0,0
BRDA:489,46,1,0
BRDA:491,47,0,0
BRDA:491,47,1,0
BRDA:496,48,0,0
BRDA:496,48,1,0
BRDA:496,49,0,0
BRDA:496,49,1,0
BRDA:497,50,0,0
BRDA:497,50,1,0
BRDA:497,51,0,0
BRDA:497,51,1,0
BRDA:498,52,0,0
BRDA:498,52,1,0
BRDA:498,53,0,0
BRDA:498,53,1,0
BRDA:504,54,0,0
BRDA:504,54,1,0
BRDA:518,55,0,0
BRDA:518,55,1,0
BRDA:520,56,0,0
BRDA:520,56,1,0
BRDA:528,57,0,0
BRDA:528,57,1,0
BRDA:534,58,0,0
BRDA:534,58,1,0
BRDA:546,59,0,0
BRDA:546,59,1,0
BRDA:568,60,0,0
BRDA:568,60,1,0
BRDA:27,61,0,2
BRDA:27,61,1,0
BRDA:27,62,0,2
BRDA:27,62,1,2
BRDA:27,63,0,2
BRDA:27,63,1,0
BRDA:27,64,0,2
BRDA:27,64,1,2
BRF:128
BRH:30
end_of_record
TN:
SF:src/coordinators/index.ts
FNF:0
FNH:0
DA:1,0
DA:2,0
DA:3,0
DA:4,0
DA:5,0
DA:6,0
LF:6
LH:0
BRF:0
BRH:0
end_of_record
TN:
SF:src/coordinators/dto/create-coordinator.dto.ts
FNF:0
FNH:0
DA:1,2
DA:2,2
DA:13,2
DA:21,2
DA:30,2
DA:37,2
DA:44,2
DA:54,2
DA:64,2
DA:73,2
DA:81,2
DA:90,2
DA:97,2
DA:106,2
LF:14
LH:14
BRF:0
BRH:0
end_of_record
TN:
SF:src/coordinators/dto/query-coordinator.dto.ts
FN:21,(anonymous_2)
FNF:1
FNH:0
FNDA:0,(anonymous_2)
DA:1,1
DA:2,1
DA:3,1
DA:4,1
DA:6,1
DA:13,1
DA:21,0
DA:22,1
DA:30,1
DA:38,1
DA:46,1
DA:54,1
LF:12
LH:11
BRF:0
BRH:0
end_of_record
TN:
SF:src/coordinators/dto/update-coordinator.dto.ts
FNF:0
FNH:0
DA:1,1
DA:2,1
DA:13,1
DA:22,1
DA:32,1
DA:40,1
DA:49,1
DA:57,1
DA:66,1
DA:74,1
DA:82,1
LF:11
LH:11
BRF:0
BRH:0
end_of_record
TN:
SF:src/coordinators/entities/coordinator.entity.ts
FNF:0
FNH:0
DA:1,1
DA:4,1
DA:9,1
DA:15,1
DA:21,1
DA:27,1
DA:33,1
DA:39,1
DA:45,1
DA:51,1
DA:57,1
DA:63,1
DA:69,1
DA:75,1
LF:14
LH:14
BRDA:69,0,0,1
BRDA:69,0,1,0
BRDA:69,1,0,1
BRDA:69,1,1,1
BRDA:75,2,0,1
BRDA:75,2,1,0
BRDA:75,3,0,1
BRDA:75,3,1,1
BRF:8
BRH:6
end_of_record
TN:
SF:src/database/database.module.ts
FNF:0
FNH:0
DA:1,0
DA:2,0
DA:15,0
LF:3
LH:0
BRF:0
BRH:0
end_of_record
TN:
SF:src/database/prisma.service.ts
FN:14,(anonymous_2)
FN:29,(anonymous_3)
FN:39,(anonymous_4)
FN:47,(anonymous_5)
FN:53,(anonymous_6)
FN:57,(anonymous_7)
FNF:6
FNH:0
FNDA:0,(anonymous_2)
FNDA:0,(anonymous_3)
FNDA:0,(anonymous_4)
FNDA:0,(anonymous_5)
FNDA:0,(anonymous_6)
FNDA:0,(anonymous_7)
DA:1,16
DA:2,16
DA:3,16
DA:10,16
DA:14,0
DA:15,0
DA:16,0
DA:30,0
DA:31,0
DA:32,0
DA:34,0
DA:35,0
DA:40,0
DA:41,0
DA:48,0
DA:49,0
DA:52,0
DA:53,0
DA:56,0
DA:58,0
DA:59,0
DA:60,0
LF:22
LH:4
BRDA:18,0,0,0
BRDA:18,0,1,0
BRDA:48,1,0,0
BRDA:48,1,1,0
BRDA:53,2,0,0
BRDA:53,2,1,0
BRDA:59,3,0,0
BRDA:59,3,1,0
BRDA:59,4,0,0
BRDA:59,4,1,0
BRDA:59,4,2,0
BRDA:14,5,0,16
BRDA:14,5,1,0
BRDA:14,6,0,16
BRDA:14,6,1,16
BRF:15
BRH:3
end_of_record
TN:
SF:src/employees/employees.controller.ts
FN:8,(anonymous_4)
FN:11,(anonymous_5)
FN:16,(anonymous_6)
FN:21,(anonymous_7)
FN:26,(anonymous_8)
FN:31,(anonymous_9)
FNF:6
FNH:1
FNDA:1,(anonymous_4)
FNDA:0,(anonymous_5)
FNDA:0,(anonymous_6)
FNDA:0,(anonymous_7)
FNDA:0,(anonymous_8)
FNDA:0,(anonymous_9)
DA:1,1
DA:2,1
DA:3,1
DA:4,1
DA:7,1
DA:8,1
DA:11,1
DA:12,0
DA:16,1
DA:17,0
DA:21,1
DA:22,0
DA:26,1
DA:27,0
DA:31,1
DA:32,0
LF:16
LH:11
BRDA:11,0,0,1
BRDA:11,0,1,0
BRDA:11,1,0,1
BRDA:11,1,1,1
BRDA:26,2,0,1
BRDA:26,2,1,0
BRDA:26,3,0,1
BRDA:26,3,1,1
BRDA:8,4,0,1
BRDA:8,4,1,0
BRDA:8,5,0,1
BRDA:8,5,1,1
BRF:12
BRH:9
end_of_record
TN:
SF:src/employees/employees.module.ts
FNF:0
FNH:0
DA:1,0
DA:2,0
DA:3,0
DA:9,0
LF:4
LH:0
BRF:0
BRH:0
end_of_record
TN:
SF:src/employees/employees.service.ts
FN:7,(anonymous_1)
FN:11,(anonymous_2)
FN:15,(anonymous_3)
FN:19,(anonymous_4)
FN:23,(anonymous_5)
FNF:5
FNH:0
FNDA:0,(anonymous_1)
FNDA:0,(anonymous_2)
FNDA:0,(anonymous_3)
FNDA:0,(anonymous_4)
FNDA:0,(anonymous_5)
DA:1,2
DA:6,2
DA:8,0
DA:12,0
DA:16,0
DA:20,0
DA:24,0
LF:7
LH:2
BRF:0
BRH:0
end_of_record
TN:
SF:src/employees/dto/create-employee.dto.ts
FNF:0
FNH:0
DA:1,1
LF:1
LH:1
BRF:0
BRH:0
end_of_record
TN:
SF:src/employees/dto/update-employee.dto.ts
FNF:0
FNH:0
DA:1,1
DA:2,1
DA:4,1
LF:3
LH:3
BRF:0
BRH:0
end_of_record
TN:
SF:src/employees/entities/employee.entity.ts
FNF:0
FNH:0
DA:1,0
LF:1
LH:0
BRF:0
BRH:0
end_of_record
TN:
SF:src/files/files.module.ts
FN:16,(anonymous_1)
FNF:1
FNH:0
FNDA:0,(anonymous_1)
DA:1,0
DA:2,0
DA:3,0
DA:4,0
DA:5,0
DA:6,0
DA:7,0
DA:8,0
DA:9,0
DA:16,0
DA:31,0
LF:11
LH:0
BRF:0
BRH:0
end_of_record
TN:
SF:src/files/controllers/files.controller.ts
FN:31,(anonymous_4)
FN:59,(anonymous_5)
FN:99,(anonymous_6)
FN:143,(anonymous_7)
FNF:4
FNH:0
FNDA:0,(anonymous_4)
FNDA:0,(anonymous_5)
FNDA:0,(anonymous_6)
FNDA:0,(anonymous_7)
DA:1,0
DA:12,0
DA:19,0
DA:20,0
DA:21,0
DA:30,0
DA:31,0
DA:59,0
DA:62,0
DA:99,0
DA:102,0
DA:143,0
DA:146,0
DA:147,0
LF:14
LH:0
BRDA:60,0,0,0
BRDA:60,0,1,0
BRDA:60,1,0,0
BRDA:60,1,1,0
BRDA:61,2,0,0
BRDA:61,2,1,0
BRDA:61,3,0,0
BRDA:61,3,1,0
BRDA:100,4,0,0
BRDA:100,4,1,0
BRDA:100,5,0,0
BRDA:100,5,1,0
BRDA:101,6,0,0
BRDA:101,6,1,0
BRDA:101,7,0,0
BRDA:101,7,1,0
BRDA:145,8,0,0
BRDA:145,8,1,0
BRDA:145,9,0,0
BRDA:145,9,1,0
BRDA:31,10,0,0
BRDA:31,10,1,0
BRDA:31,11,0,0
BRDA:31,11,1,0
BRF:24
BRH:0
end_of_record
TN:
SF:src/files/dtos/file-response.dto.ts
FNF:0
FNH:0
DA:1,0
DA:3,0
DA:8,0
DA:14,0
DA:20,0
DA:27,0
DA:30,0
DA:35,0
LF:8
LH:0
BRF:0
BRH:0
end_of_record
TN:
SF:src/files/dtos/index.ts
FNF:0
FNH:0
DA:1,0
DA:2,0
DA:3,0
LF:3
LH:0
BRF:0
BRH:0
end_of_record
TN:
SF:src/files/dtos/update-file.dto.ts
FNF:0
FNH:0
DA:1,0
DA:7,0
DA:8,0
DA:9,0
DA:11,0
DA:22,0
DA:30,0
LF:7
LH:0
BRDA:22,0,0,0
BRDA:22,0,1,0
BRDA:22,1,0,0
BRDA:22,1,1,0
BRF:4
BRH:0
end_of_record
TN:
SF:src/files/dtos/upload-file.dto.ts
FNF:0
FNH:0
DA:1,0
DA:7,0
DA:8,0
DA:10,0
DA:21,0
LF:5
LH:0
BRDA:21,0,0,0
BRDA:21,0,1,0
BRDA:21,1,0,0
BRDA:21,1,1,0
BRF:4
BRH:0
end_of_record
TN:
SF:src/files/services/file.service.ts
FN:24,(anonymous_11)
FN:35,(anonymous_12)
FN:43,(anonymous_13)
FN:55,(anonymous_14)
FN:86,(anonymous_15)
FN:185,(anonymous_16)
FN:200,(anonymous_17)
FN:233,(anonymous_18)
FN:262,(anonymous_19)
FN:274,(anonymous_20)
FN:299,(anonymous_21)
FNF:11
FNH:0
FNDA:0,(anonymous_11)
FNDA:0,(anonymous_12)
FNDA:0,(anonymous_13)
FNDA:0,(anonymous_14)
FNDA:0,(anonymous_15)
FNDA:0,(anonymous_16)
FNDA:0,(anonymous_17)
FNDA:0,(anonymous_18)
FNDA:0,(anonymous_19)
FNDA:0,(anonymous_20)
FNDA:0,(anonymous_21)
DA:1,2
DA:8,2
DA:10,2
DA:11,2
DA:12,2
DA:13,2
DA:14,2
DA:15,2
DA:16,2
DA:19,2
DA:20,0
DA:25,0
DA:26,0
DA:27,0
DA:28,0
DA:30,0
DA:31,0
DA:32,0
DA:37,0
DA:38,0
DA:40,0
DA:44,0
DA:45,0
DA:47,0
DA:59,0
DA:61,0
DA:62,0
DA:64,0
DA:73,0
DA:91,0
DA:92,0
DA:93,0
DA:96,0
DA:97,0
DA:99,0
DA:101,0
DA:104,0
DA:105,0
DA:106,0
DA:109,0
DA:110,0
DA:111,0
DA:118,0
DA:119,0
DA:120,0
DA:121,0
DA:125,0
DA:126,0
DA:132,0
DA:142,0
DA:144,0
DA:146,0
DA:153,0
DA:156,0
DA:157,0
DA:158,0
DA:159,0
DA:164,0
DA:166,0
DA:170,0
DA:176,0
DA:186,0
DA:187,0
DA:188,0
DA:191,0
DA:192,0
DA:194,0
DA:206,0
DA:208,0
DA:210,0
DA:212,0
DA:214,0
DA:215,0
DA:217,0
DA:224,0
DA:239,0
DA:241,0
DA:243,0
DA:245,0
DA:247,0
DA:248,0
DA:249,0
DA:250,0
DA:252,0
DA:255,0
DA:263,0
DA:264,0
DA:266,0
DA:279,0
DA:281,0
DA:283,0
DA:285,0
DA:287,0
DA:288,0
DA:289,0
DA:291,0
DA:295,0
DA:300,0
LF:98
LH:10
BRDA:37,0,0,0
BRDA:37,0,1,0
BRDA:39,1,0,0
BRDA:39,1,1,0
BRDA:92,2,0,0
BRDA:92,2,1,0
BRDA:120,3,0,0
BRDA:120,3,1,0
BRDA:156,4,0,0
BRDA:156,4,1,0
BRDA:187,5,0,0
BRDA:187,5,1,0
BRDA:206,6,0,0
BRDA:206,6,1,0
BRDA:208,7,0,0
BRDA:208,7,1,0
BRDA:210,8,0,0
BRDA:210,8,1,0
BRDA:239,9,0,0
BRDA:239,9,1,0
BRDA:241,10,0,0
BRDA:241,10,1,0
BRDA:243,11,0,0
BRDA:243,11,1,0
BRDA:279,12,0,0
BRDA:279,12,1,0
BRDA:281,13,0,0
BRDA:281,13,1,0
BRDA:283,14,0,0
BRDA:283,14,1,0
BRDA:25,15,0,2
BRDA:25,15,1,0
BRDA:25,16,0,2
BRDA:25,16,1,2
BRDA:25,17,0,2
BRDA:25,17,1,0
BRDA:25,18,0,2
BRDA:25,18,1,2
BRDA:26,19,0,2
BRDA:26,19,1,0
BRDA:26,20,0,2
BRDA:26,20,1,2
BRDA:27,21,0,2
BRDA:27,21,1,0
BRDA:27,22,0,2
BRDA:27,22,1,2
BRF:46
BRH:12
end_of_record
TN:
SF:src/files/services/local-storage.service.ts
FN:14,(anonymous_11)
FN:22,(anonymous_12)
FN:30,(anonymous_13)
FN:53,(anonymous_14)
FN:89,(anonymous_15)
FN:107,(anonymous_16)
FNF:6
FNH:0
FNDA:0,(anonymous_11)
FNDA:0,(anonymous_12)
FNDA:0,(anonymous_13)
FNDA:0,(anonymous_14)
FNDA:0,(anonymous_15)
FNDA:0,(anonymous_16)
DA:1,2
DA:2,2
DA:4,2
DA:5,2
DA:7,2
DA:10,2
DA:12,0
DA:14,0
DA:16,0
DA:19,0
DA:23,0
DA:24,0
DA:26,0
DA:35,0
DA:36,0
DA:38,0
DA:39,0
DA:42,0
DA:43,0
DA:45,0
DA:47,0
DA:59,0
DA:60,0
DA:61,0
DA:63,0
DA:65,0
DA:66,0
DA:69,0
DA:75,0
DA:78,0
DA:79,0
DA:81,0
DA:83,0
DA:90,0
DA:92,0
DA:93,0
DA:94,0
DA:95,0
DA:98,0
DA:101,0
DA:108,0
LF:41
LH:6
BRDA:17,0,0,0
BRDA:17,0,1,0
BRDA:14,1,0,2
BRDA:14,1,1,0
BRDA:14,2,0,2
BRDA:14,2,1,2
BRF:6
BRH:3
end_of_record
TN:
SF:src/files/services/media-file.service.ts
FN:6,(anonymous_2)
FN:8,(anonymous_3)
FN:25,(anonymous_4)
FN:37,(anonymous_5)
FN:49,(anonymous_6)
FN:80,(anonymous_7)
FNF:6
FNH:0
FNDA:0,(anonymous_2)
FNDA:0,(anonymous_3)
FNDA:0,(anonymous_4)
FNDA:0,(anonymous_5)
FNDA:0,(anonymous_6)
FNDA:0,(anonymous_7)
DA:1,2
DA:2,2
DA:5,2
DA:6,0
DA:16,0
DA:18,0
DA:26,0
DA:30,0
DA:31,0
DA:34,0
DA:38,0
DA:42,0
DA:43,0
DA:46,0
DA:60,0
DA:63,0
DA:64,0
DA:67,0
DA:68,0
DA:73,0
DA:74,0
DA:76,0
DA:81,0
DA:84,0
DA:85,0
DA:88,0
DA:89,0
DA:93,0
DA:94,0
DA:96,0
LF:30
LH:3
BRDA:30,0,0,0
BRDA:30,0,1,0
BRDA:42,1,0,0
BRDA:42,1,1,0
BRDA:63,2,0,0
BRDA:63,2,1,0
BRDA:73,3,0,0
BRDA:73,3,1,0
BRDA:84,4,0,0
BRDA:84,4,1,0
BRDA:93,5,0,0
BRDA:93,5,1,0
BRDA:6,6,0,2
BRDA:6,6,1,0
BRDA:6,7,0,2
BRDA:6,7,1,2
BRF:16
BRH:3
end_of_record
TN:
SF:src/files/services/s3-storage.service.ts
FN:17,(anonymous_11)
FN:31,(anonymous_12)
FN:55,(anonymous_13)
FN:91,(anonymous_14)
FN:108,(anonymous_15)
FNF:5
FNH:0
FNDA:0,(anonymous_11)
FNDA:0,(anonymous_12)
FNDA:0,(anonymous_13)
FNDA:0,(anonymous_14)
FNDA:0,(anonymous_15)
DA:1,2
DA:2,2
DA:3,2
DA:9,2
DA:13,2
DA:17,0
DA:18,0
DA:28,0
DA:36,0
DA:38,0
DA:39,0
DA:47,0
DA:49,0
DA:61,0
DA:62,0
DA:64,0
DA:66,0
DA:74,0
DA:83,0
DA:85,0
DA:92,0
DA:94,0
DA:95,0
DA:102,0
DA:109,0
LF:25
LH:5
BRDA:17,0,0,2
BRDA:17,0,1,0
BRDA:17,1,0,2
BRDA:17,1,1,2
BRF:4
BRH:3
end_of_record
TN:
SF:src/files/utils/file-type-detector.util.ts
FN:80,detectFileTypeByExtension
FN:97,detectFileTypeByMimeType
FN:115,detectFileType
FN:139,isFileTypeSupported
FN:155,getSupportedExtensions
FN:167,getSupportedMimeTypes
FNF:6
FNH:0
FNDA:0,detectFileTypeByExtension
FNDA:0,detectFileTypeByMimeType
FNDA:0,detectFileType
FNDA:0,isFileTypeSupported
FNDA:0,getSupportedExtensions
FNDA:0,getSupportedMimeTypes
DA:12,2
DA:80,2
DA:81,0
DA:83,0
DA:84,0
DA:85,0
DA:89,0
DA:97,2
DA:98,0
DA:99,0
DA:100,0
DA:104,0
DA:115,2
DA:117,0
DA:118,0
DA:119,0
DA:123,0
DA:124,0
DA:125,0
DA:128,0
DA:139,2
DA:143,0
DA:144,0
DA:145,0
DA:147,0
DA:155,2
DA:156,0
DA:157,0
DA:158,0
DA:160,0
DA:167,2
DA:168,0
DA:169,0
DA:170,0
DA:172,0
LF:35
LH:7
BRDA:84,0,0,0
BRDA:84,0,1,0
BRDA:99,1,0,0
BRDA:99,1,1,0
BRDA:118,2,0,0
BRDA:118,2,1,0
BRDA:124,3,0,0
BRDA:124,3,1,0
BRF:8
BRH:0
end_of_record
TN:
SF:src/payments/payments.controller.ts
FN:8,(anonymous_4)
FN:11,(anonymous_5)
FN:16,(anonymous_6)
FN:21,(anonymous_7)
FN:26,(anonymous_8)
FN:31,(anonymous_9)
FNF:6
FNH:1
FNDA:1,(anonymous_4)
FNDA:0,(anonymous_5)
FNDA:0,(anonymous_6)
FNDA:0,(anonymous_7)
FNDA:0,(anonymous_8)
FNDA:0,(anonymous_9)
DA:1,1
DA:2,1
DA:3,1
DA:4,1
DA:7,1
DA:8,1
DA:11,1
DA:12,0
DA:16,1
DA:17,0
DA:21,1
DA:22,0
DA:26,1
DA:27,0
DA:31,1
DA:32,0
LF:16
LH:11
BRDA:11,0,0,1
BRDA:11,0,1,0
BRDA:11,1,0,1
BRDA:11,1,1,1
BRDA:26,2,0,1
BRDA:26,2,1,0
BRDA:26,3,0,1
BRDA:26,3,1,1
BRDA:8,4,0,1
BRDA:8,4,1,0
BRDA:8,5,0,1
BRDA:8,5,1,1
BRF:12
BRH:9
end_of_record
TN:
SF:src/payments/payments.module.ts
FNF:0
FNH:0
DA:1,0
DA:2,0
DA:3,0
DA:9,0
LF:4
LH:0
BRF:0
BRH:0
end_of_record
TN:
SF:src/payments/payments.service.ts
FN:7,(anonymous_1)
FN:11,(anonymous_2)
FN:15,(anonymous_3)
FN:19,(anonymous_4)
FN:23,(anonymous_5)
FNF:5
FNH:0
FNDA:0,(anonymous_1)
FNDA:0,(anonymous_2)
FNDA:0,(anonymous_3)
FNDA:0,(anonymous_4)
FNDA:0,(anonymous_5)
DA:1,2
DA:6,2
DA:8,0
DA:12,0
DA:16,0
DA:20,0
DA:24,0
LF:7
LH:2
BRF:0
BRH:0
end_of_record
TN:
SF:src/payments/dto/create-payment.dto.ts
FNF:0
FNH:0
DA:1,1
LF:1
LH:1
BRF:0
BRH:0
end_of_record
TN:
SF:src/payments/dto/update-payment.dto.ts
FNF:0
FNH:0
DA:1,1
DA:2,1
DA:4,1
LF:3
LH:3
BRF:0
BRH:0
end_of_record
TN:
SF:src/payments/entities/payment.entity.ts
FNF:0
FNH:0
DA:1,0
LF:1
LH:0
BRF:0
BRH:0
end_of_record
TN:
SF:src/questions/index.ts
FNF:0
FNH:0
DA:1,0
DA:2,0
DA:3,0
DA:4,0
DA:5,0
LF:5
LH:0
BRF:0
BRH:0
end_of_record
TN:
SF:src/questions/questions.module.ts
FNF:0
FNH:0
DA:1,0
DA:2,0
DA:3,0
DA:4,0
DA:5,0
DA:6,0
DA:7,0
DA:15,0
LF:8
LH:0
BRF:0
BRH:0
end_of_record
TN:
SF:src/questions/controllers/questions.controller.ts
FN:20,(anonymous_13)
FN:41,(anonymous_14)
FN:61,(anonymous_15)
FN:81,(anonymous_16)
FN:99,(anonymous_17)
FN:119,(anonymous_18)
FN:137,(anonymous_19)
FN:155,(anonymous_20)
FN:173,(anonymous_21)
FN:191,(anonymous_22)
FN:213,(anonymous_23)
FN:233,(anonymous_24)
FN:253,(anonymous_25)
FN:273,(anonymous_26)
FN:295,(anonymous_27)
FN:313,(anonymous_28)
FN:333,(anonymous_29)
FN:353,(anonymous_30)
FN:371,(anonymous_31)
FN:389,(anonymous_32)
FN:422,(anonymous_33)
FN:445,(anonymous_34)
FN:489,(anonymous_35)
FNF:23
FNH:23
FNDA:30,(anonymous_13)
FNDA:1,(anonymous_14)
FNDA:1,(anonymous_15)
FNDA:1,(anonymous_16)
FNDA:1,(anonymous_17)
FNDA:2,(anonymous_18)
FNDA:1,(anonymous_19)
FNDA:1,(anonymous_20)
FNDA:1,(anonymous_21)
FNDA:1,(anonymous_22)
FNDA:1,(anonymous_23)
FNDA:1,(anonymous_24)
FNDA:1,(anonymous_25)
FNDA:1,(anonymous_26)
FNDA:1,(anonymous_27)
FNDA:1,(anonymous_28)
FNDA:1,(anonymous_29)
FNDA:1,(anonymous_30)
FNDA:1,(anonymous_31)
FNDA:1,(anonymous_32)
FNDA:5,(anonymous_33)
FNDA:2,(anonymous_34)
FNDA:2,(anonymous_35)
DA:1,1
DA:2,1
DA:10,1
DA:11,1
DA:12,1
DA:13,1
DA:14,1
DA:19,1
DA:20,30
DA:41,1
DA:44,1
DA:61,1
DA:62,1
DA:81,1
DA:82,1
DA:99,1
DA:100,1
DA:119,1
DA:120,2
DA:137,1
DA:138,1
DA:155,1
DA:156,1
DA:173,1
DA:174,1
DA:191,1
DA:192,1
DA:213,1
DA:214,1
DA:233,1
DA:234,1
DA:253,1
DA:254,1
DA:273,1
DA:274,1
DA:295,1
DA:296,1
DA:313,1
DA:314,1
DA:333,1
DA:334,1
DA:353,1
DA:354,1
DA:371,1
DA:372,1
DA:389,1
DA:390,1
DA:422,1
DA:427,5
DA:445,1
DA:446,2
DA:489,1
DA:493,2
LF:53
LH:53
BRDA:42,0,0,1
BRDA:42,0,1,0
BRDA:42,1,0,1
BRDA:42,1,1,1
BRDA:61,2,0,1
BRDA:61,2,1,0
BRDA:61,3,0,1
BRDA:61,3,1,1
BRDA:81,4,0,1
BRDA:81,4,1,0
BRDA:81,5,0,1
BRDA:81,5,1,1
BRDA:99,6,0,1
BRDA:99,6,1,0
BRDA:99,7,0,1
BRDA:99,7,1,1
BRDA:119,8,0,1
BRDA:119,8,1,0
BRDA:119,9,0,1
BRDA:119,9,1,1
BRDA:137,10,0,1
BRDA:137,10,1,0
BRDA:137,11,0,1
BRDA:137,11,1,1
BRDA:155,12,0,1
BRDA:155,12,1,0
BRDA:155,13,0,1
BRDA:155,13,1,1
BRDA:173,14,0,1
BRDA:173,14,1,0
BRDA:173,15,0,1
BRDA:173,15,1,1
BRDA:191,16,0,1
BRDA:191,16,1,0
BRDA:191,17,0,1
BRDA:191,17,1,1
BRDA:213,18,0,1
BRDA:213,18,1,0
BRDA:213,19,0,1
BRDA:213,19,1,1
BRDA:233,20,0,1
BRDA:233,20,1,0
BRDA:233,21,0,1
BRDA:233,21,1,1
BRDA:253,22,0,1
BRDA:253,22,1,0
BRDA:253,23,0,1
BRDA:253,23,1,1
BRDA:273,24,0,1
BRDA:273,24,1,0
BRDA:273,25,0,1
BRDA:273,25,1,1
BRDA:295,26,0,1
BRDA:295,26,1,0
BRDA:295,27,0,1
BRDA:295,27,1,1
BRDA:313,28,0,1
BRDA:313,28,1,0
BRDA:313,29,0,1
BRDA:313,29,1,1
BRDA:333,30,0,1
BRDA:333,30,1,0
BRDA:333,31,0,1
BRDA:333,31,1,1
BRDA:353,32,0,1
BRDA:353,32,1,0
BRDA:353,33,0,1
BRDA:353,33,1,1
BRDA:371,34,0,1
BRDA:371,34,1,0
BRDA:371,35,0,1
BRDA:371,35,1,1
BRDA:389,36,0,1
BRDA:389,36,1,0
BRDA:389,37,0,1
BRDA:389,37,1,1
BRDA:424,38,0,0
BRDA:424,38,1,1
BRDA:424,39,0,1
BRDA:424,39,1,1
BRDA:20,40,0,1
BRDA:20,40,1,0
BRDA:20,41,0,1
BRDA:20,41,1,1
BRF:84
BRH:63
end_of_record
TN:
SF:src/questions/definitions/constants.ts
FNF:0
FNH:0
DA:1,0
DA:14,0
DA:16,0
DA:25,0
LF:4
LH:0
BRF:0
BRH:0
end_of_record
TN:
SF:src/questions/dto/base-question.dto.ts
FN:36,(anonymous_2)
FN:53,(anonymous_3)
FN:65,(anonymous_4)
FN:77,(anonymous_5)
FN:110,(anonymous_6)
FNF:5
FNH:0
FNDA:0,(anonymous_2)
FNDA:0,(anonymous_3)
FNDA:0,(anonymous_4)
FNDA:0,(anonymous_5)
FNDA:0,(anonymous_6)
DA:1,1
DA:2,1
DA:3,1
DA:4,1
DA:6,1
DA:12,1
DA:20,1
DA:27,1
DA:36,0
DA:37,1
DA:44,1
DA:53,0
DA:54,1
DA:65,0
DA:66,1
DA:77,0
DA:78,1
DA:85,1
DA:92,1
DA:102,1
DA:111,0
DA:112,0
DA:114,0
DA:116,1
LF:24
LH:17
BRDA:20,0,0,0
BRDA:20,0,1,1
BRDA:20,1,0,1
BRDA:20,1,1,1
BRDA:102,2,0,0
BRDA:102,2,1,1
BRDA:102,3,0,1
BRDA:102,3,1,1
BRDA:111,4,0,0
BRDA:111,4,1,0
BRDA:111,5,0,0
BRDA:111,5,1,0
BRDA:111,5,2,0
BRF:13
BRH:6
end_of_record
TN:
SF:src/questions/dto/create-debate.dto.ts
FNF:0
FNH:0
DA:1,1
DA:2,1
DA:3,1
DA:5,1
DA:11,1
DA:18,1
LF:6
LH:6
BRDA:18,0,0,0
BRDA:18,0,1,1
BRDA:18,1,0,1
BRDA:18,1,1,0
BRF:4
BRH:2
end_of_record
TN:
SF:src/questions/dto/create-fast-test.dto.ts
FNF:0
FNH:0
DA:1,1
DA:2,1
DA:3,1
DA:5,1
DA:14,1
DA:24,1
DA:31,1
LF:7
LH:7
BRF:0
BRH:0
end_of_record
TN:
SF:src/questions/dto/create-gossip.dto.ts
FNF:0
FNH:0
DA:1,1
DA:2,1
DA:3,1
DA:4,1
DA:6,1
DA:15,1
DA:22,1
LF:7
LH:7
BRDA:15,0,0,1
BRDA:15,0,1,0
BRDA:15,1,0,1
BRDA:15,1,1,1
BRF:4
BRH:3
end_of_record
TN:
SF:src/questions/dto/create-image-to-multiple-choices.dto.ts
FN:29,(anonymous_2)
FN:31,(anonymous_3)
FNF:2
FNH:0
FNDA:0,(anonymous_2)
FNDA:0,(anonymous_3)
DA:1,1
DA:2,1
DA:3,1
DA:4,1
DA:5,1
DA:12,1
DA:21,1
DA:30,0
DA:31,0
DA:33,0
DA:38,1
DA:45,1
LF:12
LH:9
BRDA:21,0,0,1
BRDA:21,0,1,0
BRDA:21,1,0,1
BRDA:21,1,1,1
BRDA:30,2,0,0
BRDA:30,2,1,0
BRF:6
BRH:3
end_of_record
TN:
SF:src/questions/dto/create-lyrics-training.dto.ts
FNF:0
FNH:0
DA:1,1
DA:2,1
DA:3,1
DA:4,1
DA:6,1
DA:15,1
DA:22,1
DA:32,1
LF:8
LH:8
BRDA:15,0,0,1
BRDA:15,0,1,0
BRDA:15,1,0,1
BRDA:15,1,1,1
BRF:4
BRH:3
end_of_record
TN:
SF:src/questions/dto/create-read-it.dto.ts
FN:55,(anonymous_2)
FN:65,(anonymous_3)
FNF:2
FNH:0
FNDA:0,(anonymous_2)
FNDA:0,(anonymous_3)
DA:1,1
DA:2,1
DA:3,1
DA:4,1
DA:10,1
DA:19,1
DA:28,1
DA:37,1
DA:44,1
DA:47,1
DA:55,0
DA:56,1
DA:65,0
DA:66,1
LF:14
LH:12
BRF:0
BRH:0
end_of_record
TN:
SF:src/questions/dto/create-report-it.dto.ts
FNF:0
FNH:0
DA:1,1
DA:2,1
DA:3,1
DA:5,1
DA:11,1
LF:5
LH:5
BRF:0
BRH:0
end_of_record
TN:
SF:src/questions/dto/create-sentence-maker.dto.ts
FNF:0
FNH:0
DA:1,1
DA:2,1
DA:3,1
DA:4,1
DA:6,1
DA:17,1
LF:6
LH:6
BRF:0
BRH:0
end_of_record
TN:
SF:src/questions/dto/create-spelling.dto.ts
FNF:0
FNH:0
DA:1,1
DA:2,1
DA:3,1
DA:4,1
DA:6,1
DA:15,1
DA:22,1
LF:7
LH:7
BRDA:15,0,0,1
BRDA:15,0,1,0
BRDA:15,1,0,1
BRDA:15,1,1,1
BRF:4
BRH:3
end_of_record
TN:
SF:src/questions/dto/create-superbrain.dto.ts
FNF:0
FNH:0
DA:1,1
DA:2,1
DA:3,1
DA:5,1
DA:11,1
LF:5
LH:5
BRF:0
BRH:0
end_of_record
TN:
SF:src/questions/dto/create-tag-it.dto.ts
FNF:0
FNH:0
DA:1,1
DA:2,1
DA:3,1
DA:5,1
DA:13,1
DA:22,1
LF:6
LH:6
BRF:0
BRH:0
end_of_record
TN:
SF:src/questions/dto/create-tales.dto.ts
FNF:0
FNH:0
DA:1,1
DA:2,1
DA:3,1
DA:4,1
DA:6,1
DA:17,1
LF:6
LH:6
BRF:0
BRH:0
end_of_record
TN:
SF:src/questions/dto/create-tell-me-about-it.dto.ts
FNF:0
FNH:0
DA:1,1
DA:2,1
DA:3,1
DA:5,1
DA:11,1
LF:5
LH:5
BRF:0
BRH:0
end_of_record
TN:
SF:src/questions/dto/create-tenses.dto.ts
FN:5,(anonymous_2)
FNF:1
FNH:1
FNDA:1,(anonymous_2)
DA:1,1
DA:2,1
DA:3,1
DA:5,1
DA:6,1
DA:7,1
DA:8,1
DA:9,1
DA:10,1
DA:11,1
DA:12,1
DA:13,1
DA:14,1
DA:17,1
DA:23,1
DA:39,1
DA:47,1
LF:17
LH:17
BRDA:5,0,0,1
BRDA:5,0,1,1
BRF:2
BRH:2
end_of_record
TN:
SF:src/questions/dto/create-topic-based-audio.dto.ts
FN:40,(anonymous_2)
FN:66,(anonymous_3)
FNF:2
FNH:0
FNDA:0,(anonymous_2)
FNDA:0,(anonymous_3)
DA:1,1
DA:2,1
DA:10,1
DA:11,1
DA:12,1
DA:17,1
DA:21,1
DA:29,1
DA:34,1
DA:40,0
DA:41,1
DA:45,1
DA:48,1
DA:57,1
DA:66,0
DA:67,1
LF:16
LH:14
BRDA:57,0,0,1
BRDA:57,0,1,0
BRDA:57,1,0,1
BRDA:57,1,1,1
BRF:4
BRH:3
end_of_record
TN:
SF:src/questions/dto/create-unscramble.dto.ts
FNF:0
FNH:0
DA:1,1
DA:2,1
DA:3,1
DA:5,1
DA:14,1
DA:24,1
LF:6
LH:6
BRF:0
BRH:0
end_of_record
TN:
SF:src/questions/dto/create-word-associations.dto.ts
FNF:0
FNH:0
DA:1,1
DA:2,1
DA:3,1
DA:5,1
DA:11,1
DA:18,1
LF:6
LH:6
BRDA:18,0,0,0
BRDA:18,0,1,1
BRDA:18,1,0,1
BRDA:18,1,1,0
BRF:4
BRH:2
end_of_record
TN:
SF:src/questions/dto/create-word-match.dto.ts
FNF:0
FNH:0
DA:1,1
DA:2,1
DA:3,1
DA:4,1
DA:6,1
DA:17,1
DA:27,1
DA:34,1
LF:8
LH:8
BRF:0
BRH:0
end_of_record
TN:
SF:src/questions/dto/create-wordbox.dto.ts
FNF:0
FNH:0
DA:1,1
DA:2,1
DA:3,1
DA:5,1
DA:23,1
DA:31,1
LF:6
LH:6
BRDA:31,0,0,0
BRDA:31,0,1,1
BRDA:31,1,0,1
BRDA:31,1,1,0
BRF:4
BRH:2
end_of_record
TN:
SF:src/questions/dto/index.ts
FNF:0
FNH:0
DA:1,1
DA:2,1
DA:3,1
DA:4,1
DA:5,1
DA:6,1
DA:7,1
DA:8,1
DA:9,1
DA:10,1
DA:11,1
DA:12,1
DA:13,1
DA:14,1
DA:15,1
DA:16,1
DA:17,1
DA:18,1
DA:19,1
DA:20,1
LF:20
LH:20
BRF:0
BRH:0
end_of_record
TN:
SF:src/questions/entities/index.ts
FNF:0
FNH:0
DA:1,1
DA:2,1
DA:3,1
LF:3
LH:3
BRF:0
BRH:0
end_of_record
TN:
SF:src/questions/entities/question-school-stats.entity.ts
FNF:0
FNH:0
DA:1,1
DA:3,1
DA:8,1
DA:14,1
DA:20,1
DA:26,1
DA:32,1
LF:7
LH:7
BRDA:26,0,0,1
BRDA:26,0,1,0
BRDA:26,1,0,1
BRDA:26,1,1,1
BRDA:32,2,0,1
BRDA:32,2,1,0
BRDA:32,3,0,1
BRDA:32,3,1,1
BRF:8
BRH:6
end_of_record
TN:
SF:src/questions/entities/question.entity.ts
FNF:0
FNH:0
DA:1,1
DA:2,1
DA:4,1
DA:9,1
DA:15,1
DA:22,1
DA:28,1
DA:34,1
DA:40,1
DA:46,1
DA:52,1
DA:58,1
DA:64,1
DA:70,1
DA:77,1
DA:83,1
DA:89,1
DA:95,1
DA:101,1
DA:107,1
DA:113,1
DA:119,1
LF:22
LH:22
BRDA:22,0,0,0
BRDA:22,0,1,1
BRDA:22,1,0,1
BRDA:22,1,1,1
BRDA:77,2,0,0
BRDA:77,2,1,1
BRDA:77,3,0,1
BRDA:77,3,1,1
BRDA:113,4,0,1
BRDA:113,4,1,0
BRDA:113,5,0,1
BRDA:113,5,1,1
BRDA:119,6,0,1
BRDA:119,6,1,0
BRDA:119,7,0,1
BRDA:119,7,1,1
BRF:16
BRH:12
end_of_record
TN:
SF:src/questions/entities/student-answer.entity.ts
FNF:0
FNH:0
DA:1,1
DA:3,1
DA:8,1
DA:14,1
DA:20,1
DA:26,1
DA:32,1
DA:38,1
DA:44,1
DA:50,1
DA:56,1
DA:62,1
DA:68,1
DA:74,1
DA:80,1
DA:86,1
DA:92,1
LF:17
LH:17
BRDA:80,0,0,1
BRDA:80,0,1,0
BRDA:80,1,0,1
BRDA:80,1,1,1
BRDA:86,2,0,1
BRDA:86,2,1,0
BRDA:86,3,0,1
BRDA:86,3,1,1
BRDA:92,4,0,1
BRDA:92,4,1,0
BRDA:92,5,0,1
BRDA:92,5,1,1
BRF:12
BRH:9
end_of_record
TN:
SF:src/questions/services/index.ts
FNF:0
FNH:0
DA:1,2
DA:2,2
DA:3,2
LF:3
LH:3
BRF:0
BRH:0
end_of_record
TN:
SF:src/questions/services/question-formatter.service.ts
FN:38,(anonymous_1)
FN:89,(anonymous_2)
FN:91,(anonymous_3)
FN:97,(anonymous_4)
FN:124,(anonymous_5)
FN:141,(anonymous_6)
FN:151,(anonymous_7)
FN:167,(anonymous_8)
FN:178,(anonymous_9)
FN:202,(anonymous_10)
FN:231,(anonymous_11)
FN:257,(anonymous_12)
FN:285,(anonymous_13)
FN:316,(anonymous_14)
FN:330,(anonymous_15)
FN:334,(anonymous_16)
FN:335,(anonymous_17)
FN:343,(anonymous_18)
FN:359,(anonymous_19)
FN:363,(anonymous_20)
FN:364,(anonymous_21)
FN:372,(anonymous_22)
FN:388,(anonymous_23)
FN:392,(anonymous_24)
FN:393,(anonymous_25)
FN:403,(anonymous_26)
FN:431,(anonymous_27)
FN:445,(anonymous_28)
FN:457,(anonymous_29)
FN:485,(anonymous_30)
FN:501,(anonymous_31)
FN:509,(anonymous_32)
FN:525,(anonymous_33)
FN:526,(anonymous_34)
FN:538,(anonymous_35)
FN:566,(anonymous_36)
FN:594,(anonymous_37)
FN:612,(anonymous_38)
FN:613,(anonymous_39)
FN:622,(anonymous_40)
FN:640,(anonymous_41)
FN:641,(anonymous_42)
FN:650,(anonymous_43)
FN:666,(anonymous_44)
FN:667,(anonymous_45)
FN:678,(anonymous_46)
FN:698,(anonymous_47)
FN:699,(anonymous_48)
FNF:48
FNH:0
FNDA:0,(anonymous_1)
FNDA:0,(anonymous_2)
FNDA:0,(anonymous_3)
FNDA:0,(anonymous_4)
FNDA:0,(anonymous_5)
FNDA:0,(anonymous_6)
FNDA:0,(anonymous_7)
FNDA:0,(anonymous_8)
FNDA:0,(anonymous_9)
FNDA:0,(anonymous_10)
FNDA:0,(anonymous_11)
FNDA:0,(anonymous_12)
FNDA:0,(anonymous_13)
FNDA:0,(anonymous_14)
FNDA:0,(anonymous_15)
FNDA:0,(anonymous_16)
FNDA:0,(anonymous_17)
FNDA:0,(anonymous_18)
FNDA:0,(anonymous_19)
FNDA:0,(anonymous_20)
FNDA:0,(anonymous_21)
FNDA:0,(anonymous_22)
FNDA:0,(anonymous_23)
FNDA:0,(anonymous_24)
FNDA:0,(anonymous_25)
FNDA:0,(anonymous_26)
FNDA:0,(anonymous_27)
FNDA:0,(anonymous_28)
FNDA:0,(anonymous_29)
FNDA:0,(anonymous_30)
FNDA:0,(anonymous_31)
FNDA:0,(anonymous_32)
FNDA:0,(anonymous_33)
FNDA:0,(anonymous_34)
FNDA:0,(anonymous_35)
FNDA:0,(anonymous_36)
FNDA:0,(anonymous_37)
FNDA:0,(anonymous_38)
FNDA:0,(anonymous_39)
FNDA:0,(anonymous_40)
FNDA:0,(anonymous_41)
FNDA:0,(anonymous_42)
FNDA:0,(anonymous_43)
FNDA:0,(anonymous_44)
FNDA:0,(anonymous_45)
FNDA:0,(anonymous_46)
FNDA:0,(anonymous_47)
FNDA:0,(anonymous_48)
DA:1,2
DA:34,2
DA:39,0
DA:41,0
DA:76,0
DA:78,0
DA:79,0
DA:83,0
DA:90,0
DA:91,0
DA:100,0
DA:127,0
DA:141,0
DA:154,0
DA:167,0
DA:179,0
DA:205,0
DA:234,0
DA:260,0
DA:288,0
DA:317,0
DA:330,0
DA:334,0
DA:335,0
DA:346,0
DA:359,0
DA:363,0
DA:364,0
DA:375,0
DA:388,0
DA:392,0
DA:393,0
DA:406,0
DA:432,0
DA:445,0
DA:458,0
DA:486,0
DA:501,0
DA:512,0
DA:525,0
DA:526,0
DA:541,0
DA:567,0
DA:597,0
DA:612,0
DA:613,0
DA:625,0
DA:640,0
DA:641,0
DA:651,0
DA:666,0
DA:667,0
DA:679,0
DA:698,0
DA:699,0
LF:55
LH:2
BRDA:39,0,0,0
BRDA:39,0,1,0
BRDA:78,1,0,0
BRDA:78,1,1,0
BRDA:113,2,0,0
BRDA:113,2,1,0
BRDA:115,3,0,0
BRDA:115,3,1,0
BRDA:118,4,0,0
BRDA:118,4,1,0
BRDA:140,5,0,0
BRDA:140,5,1,0
BRDA:141,6,0,0
BRDA:141,6,1,0
BRDA:145,7,0,0
BRDA:145,7,1,0
BRDA:167,8,0,0
BRDA:167,8,1,0
BRDA:169,9,0,0
BRDA:169,9,1,0
BRDA:172,10,0,0
BRDA:172,10,1,0
BRDA:192,11,0,0
BRDA:192,11,1,0
BRDA:194,12,0,0
BRDA:194,12,1,0
BRDA:196,13,0,0
BRDA:196,13,1,0
BRDA:221,14,0,0
BRDA:221,14,1,0
BRDA:223,15,0,0
BRDA:223,15,1,0
BRDA:247,16,0,0
BRDA:247,16,1,0
BRDA:251,17,0,0
BRDA:251,17,1,0
BRDA:275,18,0,0
BRDA:275,18,1,0
BRDA:279,19,0,0
BRDA:279,19,1,0
BRDA:308,20,0,0
BRDA:308,20,1,0
BRDA:330,21,0,0
BRDA:330,21,1,0
BRDA:333,22,0,0
BRDA:333,22,1,0
BRDA:337,23,0,0
BRDA:337,23,1,0
BRDA:359,24,0,0
BRDA:359,24,1,0
BRDA:362,25,0,0
BRDA:362,25,1,0
BRDA:366,26,0,0
BRDA:366,26,1,0
BRDA:388,27,0,0
BRDA:388,27,1,0
BRDA:391,28,0,0
BRDA:391,28,1,0
BRDA:395,29,0,0
BRDA:395,29,1,0
BRDA:419,30,0,0
BRDA:419,30,1,0
BRDA:423,31,0,0
BRDA:423,31,1,0
BRDA:425,32,0,0
BRDA:425,32,1,0
BRDA:445,33,0,0
BRDA:445,33,1,0
BRDA:449,34,0,0
BRDA:449,34,1,0
BRDA:451,35,0,0
BRDA:451,35,1,0
BRDA:473,36,0,0
BRDA:473,36,1,0
BRDA:477,37,0,0
BRDA:477,37,1,0
BRDA:501,38,0,0
BRDA:501,38,1,0
BRDA:503,39,0,0
BRDA:503,39,1,0
BRDA:525,40,0,0
BRDA:525,40,1,0
BRDA:526,41,0,0
BRDA:526,41,1,0
BRDA:530,42,0,0
BRDA:530,42,1,0
BRDA:532,43,0,0
BRDA:532,43,1,0
BRDA:556,44,0,0
BRDA:556,44,1,0
BRDA:558,45,0,0
BRDA:558,45,1,0
BRDA:560,46,0,0
BRDA:560,46,1,0
BRDA:582,47,0,0
BRDA:582,47,1,0
BRDA:584,48,0,0
BRDA:584,48,1,0
BRDA:586,49,0,0
BRDA:586,49,1,0
BRDA:611,50,0,0
BRDA:611,50,1,0
BRDA:615,51,0,0
BRDA:615,51,1,0
BRDA:616,52,0,0
BRDA:616,52,1,0
BRDA:639,53,0,0
BRDA:639,53,1,0
BRDA:643,54,0,0
BRDA:643,54,1,0
BRDA:644,55,0,0
BRDA:644,55,1,0
BRDA:665,56,0,0
BRDA:665,56,1,0
BRDA:669,57,0,0
BRDA:669,57,1,0
BRDA:670,58,0,0
BRDA:670,58,1,0
BRDA:694,59,0,0
BRDA:694,59,1,0
BRDA:695,60,0,0
BRDA:695,60,1,0
BRDA:697,61,0,0
BRDA:697,61,1,0
BRF:124
BRH:0
end_of_record
TN:
SF:src/questions/services/question-media.service.ts
FN:15,(anonymous_2)
FN:23,(anonymous_3)
FN:30,(anonymous_4)
FN:31,(anonymous_5)
FN:37,(anonymous_6)
FN:43,(anonymous_7)
FN:58,(anonymous_8)
FN:67,(anonymous_9)
FN:78,(anonymous_10)
FN:90,(anonymous_11)
FN:94,(anonymous_12)
FN:106,(anonymous_13)
FN:113,(anonymous_14)
FN:130,(anonymous_15)
FN:133,(anonymous_16)
FNF:15
FNH:0
FNDA:0,(anonymous_2)
FNDA:0,(anonymous_3)
FNDA:0,(anonymous_4)
FNDA:0,(anonymous_5)
FNDA:0,(anonymous_6)
FNDA:0,(anonymous_7)
FNDA:0,(anonymous_8)
FNDA:0,(anonymous_9)
FNDA:0,(anonymous_10)
FNDA:0,(anonymous_11)
FNDA:0,(anonymous_12)
FNDA:0,(anonymous_13)
FNDA:0,(anonymous_14)
FNDA:0,(anonymous_15)
FNDA:0,(anonymous_16)
DA:1,2
DA:2,2
DA:3,2
DA:14,2
DA:16,0
DA:17,0
DA:24,0
DA:31,0
DA:41,0
DA:43,0
DA:50,0
DA:59,0
DA:71,0
DA:72,0
DA:79,0
DA:91,0
DA:94,0
DA:106,0
DA:107,0
DA:108,0
DA:113,0
DA:117,0
DA:119,0
DA:133,0
LF:24
LH:4
BRDA:41,0,0,0
BRDA:41,0,1,0
BRDA:46,1,0,0
BRDA:46,1,1,0
BRDA:47,2,0,0
BRDA:47,2,1,0
BRDA:91,3,0,0
BRDA:91,3,1,0
BRDA:94,4,0,0
BRDA:94,4,1,0
BRDA:106,5,0,0
BRDA:106,5,1,0
BRDA:113,6,0,0
BRDA:113,6,1,0
BRDA:16,7,0,2
BRDA:16,7,1,0
BRDA:16,8,0,2
BRDA:16,8,1,2
BRDA:16,9,0,2
BRDA:16,9,1,0
BRDA:16,10,0,2
BRDA:16,10,1,2
BRF:22
BRH:6
end_of_record
TN:
SF:src/questions/services/questions.service.ts
FN:13,(anonymous_2)
FN:21,(anonymous_3)
FN:53,(anonymous_4)
FN:60,(anonymous_5)
FN:69,(anonymous_6)
FN:114,(anonymous_7)
FN:123,(anonymous_8)
FN:126,(anonymous_9)
FN:156,(anonymous_10)
FN:166,(anonymous_11)
FN:207,(anonymous_12)
FN:240,(anonymous_13)
FN:251,(anonymous_14)
FN:281,(anonymous_15)
FN:310,(anonymous_16)
FN:338,(anonymous_17)
FN:365,(anonymous_18)
FN:378,(anonymous_19)
FN:399,(anonymous_20)
FN:427,(anonymous_21)
FN:436,(anonymous_22)
FN:463,(anonymous_23)
FN:474,(anonymous_24)
FN:515,(anonymous_25)
FN:523,(anonymous_26)
FN:524,(anonymous_27)
FN:537,(anonymous_28)
FN:567,(anonymous_29)
FN:592,(anonymous_30)
FN:636,(anonymous_31)
FN:641,(anonymous_32)
FN:666,(anonymous_33)
FN:677,(anonymous_34)
FN:706,(anonymous_35)
FN:711,(anonymous_36)
FN:736,(anonymous_37)
FN:749,(anonymous_38)
FN:776,(anonymous_39)
FN:803,(anonymous_40)
FN:834,(anonymous_41)
FN:845,(anonymous_42)
FN:883,(anonymous_43)
FN:891,(anonymous_44)
FN:931,(anonymous_45)
FN:964,(anonymous_46)
FNF:45
FNH:25
FNDA:45,(anonymous_2)
FNDA:32,(anonymous_3)
FNDA:2,(anonymous_4)
FNDA:4,(anonymous_5)
FNDA:6,(anonymous_6)
FNDA:4,(anonymous_7)
FNDA:8,(anonymous_8)
FNDA:21,(anonymous_9)
FNDA:4,(anonymous_10)
FNDA:0,(anonymous_11)
FNDA:0,(anonymous_12)
FNDA:0,(anonymous_13)
FNDA:3,(anonymous_14)
FNDA:0,(anonymous_15)
FNDA:0,(anonymous_16)
FNDA:0,(anonymous_17)
FNDA:2,(anonymous_18)
FNDA:1,(anonymous_19)
FNDA:2,(anonymous_20)
FNDA:0,(anonymous_21)
FNDA:0,(anonymous_22)
FNDA:0,(anonymous_23)
FNDA:0,(anonymous_24)
FNDA:3,(anonymous_25)
FNDA:2,(anonymous_26)
FNDA:4,(anonymous_27)
FNDA:2,(anonymous_28)
FNDA:2,(anonymous_29)
FNDA:0,(anonymous_30)
FNDA:2,(anonymous_31)
FNDA:4,(anonymous_32)
FNDA:4,(anonymous_33)
FNDA:0,(anonymous_34)
FNDA:0,(anonymous_35)
FNDA:0,(anonymous_36)
FNDA:0,(anonymous_37)
FNDA:0,(anonymous_38)
FNDA:0,(anonymous_39)
FNDA:0,(anonymous_40)
FNDA:0,(anonymous_41)
FNDA:3,(anonymous_42)
FNDA:4,(anonymous_43)
FNDA:10,(anonymous_44)
FNDA:0,(anonymous_45)
FNDA:20,(anonymous_46)
DA:1,2
DA:6,2
DA:7,2
DA:8,2
DA:12,2
DA:14,45
DA:15,45
DA:16,45
DA:23,32
DA:50,32
DA:57,2
DA:59,2
DA:60,4
DA:72,6
DA:75,5
DA:76,1
DA:80,4
DA:85,4
DA:106,4
DA:111,4
DA:115,4
DA:117,4
DA:118,1
DA:121,3
DA:122,3
DA:124,8
DA:126,21
DA:129,3
DA:130,1
DA:135,2
DA:155,2
DA:156,4
DA:160,2
DA:163,2
DA:167,0
DA:169,0
DA:170,0
DA:174,0
DA:179,0
DA:199,0
DA:204,0
DA:208,0
DA:210,0
DA:211,0
DA:214,0
DA:215,0
DA:220,0
DA:240,0
DA:244,0
DA:246,0
DA:252,3
DA:254,3
DA:255,0
DA:260,3
DA:282,0
DA:284,0
DA:285,0
DA:288,0
DA:311,0
DA:313,0
DA:314,0
DA:317,0
DA:339,0
DA:341,0
DA:342,0
DA:345,0
DA:366,2
DA:368,2
DA:369,0
DA:374,2
DA:375,1
DA:378,1
DA:379,1
DA:398,1
DA:399,2
DA:418,1
DA:428,0
DA:430,0
DA:431,0
DA:435,0
DA:436,0
DA:440,0
DA:461,0
DA:463,0
DA:471,0
DA:475,0
DA:477,0
DA:478,0
DA:482,0
DA:487,0
DA:507,0
DA:512,0
DA:516,3
DA:518,3
DA:519,1
DA:523,2
DA:524,4
DA:525,2
DA:526,0
DA:533,2
DA:537,2
DA:538,2
DA:557,2
DA:566,2
DA:567,2
DA:585,2
DA:593,0
DA:595,0
DA:596,0
DA:600,0
DA:605,0
DA:626,0
DA:631,0
DA:637,2
DA:640,2
DA:641,4
DA:645,2
DA:664,2
DA:666,4
DA:674,2
DA:678,0
DA:680,0
DA:681,0
DA:684,0
DA:707,0
DA:710,0
DA:711,0
DA:715,0
DA:734,0
DA:736,0
DA:744,0
DA:750,0
DA:752,0
DA:753,0
DA:756,0
DA:777,0
DA:779,0
DA:780,0
DA:783,0
DA:804,0
DA:806,0
DA:807,0
DA:810,0
DA:811,0
DA:814,0
DA:834,0
DA:838,0
DA:840,0
DA:850,3
DA:883,3
DA:884,4
DA:888,3
DA:892,10
DA:919,10
DA:920,1
DA:925,9
DA:928,9
DA:933,0
DA:937,0
DA:938,0
DA:941,0
DA:943,0
DA:965,20
DA:969,20
DA:970,1
LF:165
LH:78
BRDA:50,0,0,32
BRDA:50,0,1,1
BRDA:57,1,0,0
BRDA:57,1,1,2
BRDA:75,2,0,1
BRDA:75,2,1,4
BRDA:98,3,0,4
BRDA:98,3,1,3
BRDA:117,4,0,1
BRDA:117,4,1,3
BRDA:117,5,0,4
BRDA:117,5,1,4
BRDA:124,6,0,8
BRDA:124,6,1,8
BRDA:124,6,2,7
BRDA:129,7,0,1
BRDA:129,7,1,2
BRDA:148,8,0,2
BRDA:148,8,1,2
BRDA:155,9,0,2
BRDA:155,9,1,0
BRDA:169,10,0,0
BRDA:169,10,1,0
BRDA:169,11,0,0
BRDA:169,11,1,0
BRDA:192,12,0,0
BRDA:192,12,1,0
BRDA:210,13,0,0
BRDA:210,13,1,0
BRDA:210,14,0,0
BRDA:210,14,1,0
BRDA:214,15,0,0
BRDA:214,15,1,0
BRDA:214,16,0,0
BRDA:214,16,1,0
BRDA:233,17,0,0
BRDA:233,17,1,0
BRDA:254,18,0,0
BRDA:254,18,1,3
BRDA:273,19,0,3
BRDA:273,19,1,2
BRDA:284,20,0,0
BRDA:284,20,1,0
BRDA:301,21,0,0
BRDA:301,21,1,0
BRDA:313,22,0,0
BRDA:313,22,1,0
BRDA:330,23,0,0
BRDA:330,23,1,0
BRDA:341,24,0,0
BRDA:341,24,1,0
BRDA:341,25,0,0
BRDA:341,25,1,0
BRDA:358,26,0,0
BRDA:358,26,1,0
BRDA:368,27,0,0
BRDA:368,27,1,2
BRDA:368,28,0,2
BRDA:368,28,1,2
BRDA:374,29,0,1
BRDA:374,29,1,1
BRDA:374,30,0,2
BRDA:374,30,1,2
BRDA:392,31,0,1
BRDA:392,31,1,1
BRDA:430,32,0,0
BRDA:430,32,1,0
BRDA:453,33,0,0
BRDA:453,33,1,0
BRDA:477,34,0,0
BRDA:477,34,1,0
BRDA:477,35,0,0
BRDA:477,35,1,0
BRDA:500,36,0,0
BRDA:500,36,1,0
BRDA:518,37,0,1
BRDA:518,37,1,2
BRDA:518,38,0,3
BRDA:518,38,1,3
BRDA:525,39,0,0
BRDA:525,39,1,2
BRDA:551,40,0,2
BRDA:551,40,1,2
BRDA:595,41,0,0
BRDA:595,41,1,0
BRDA:618,42,0,0
BRDA:618,42,1,0
BRDA:658,43,0,2
BRDA:658,43,1,2
BRDA:680,44,0,0
BRDA:680,44,1,0
BRDA:697,45,0,0
BRDA:697,45,1,0
BRDA:728,46,0,0
BRDA:728,46,1,0
BRDA:752,47,0,0
BRDA:752,47,1,0
BRDA:752,48,0,0
BRDA:752,48,1,0
BRDA:769,49,0,0
BRDA:769,49,1,0
BRDA:779,50,0,0
BRDA:779,50,1,0
BRDA:779,51,0,0
BRDA:779,51,1,0
BRDA:796,52,0,0
BRDA:796,52,1,0
BRDA:806,53,0,0
BRDA:806,53,1,0
BRDA:806,54,0,0
BRDA:806,54,1,0
BRDA:810,55,0,0
BRDA:810,55,1,0
BRDA:810,56,0,0
BRDA:810,56,1,0
BRDA:827,57,0,0
BRDA:827,57,1,0
BRDA:919,58,0,1
BRDA:919,58,1,9
BRDA:937,59,0,0
BRDA:937,59,1,0
BRDA:941,60,0,0
BRDA:941,60,1,0
BRDA:969,61,0,1
BRDA:969,61,1,19
BRDA:14,62,0,2
BRDA:14,62,1,0
BRDA:14,63,0,2
BRDA:14,63,1,2
BRDA:14,64,0,2
BRDA:14,64,1,0
BRDA:14,65,0,2
BRDA:14,65,1,2
BRDA:15,66,0,2
BRDA:15,66,1,0
BRDA:15,67,0,2
BRDA:15,67,1,2
BRF:137
BRH:53
end_of_record
TN:
SF:src/questions/services/types/index.ts
FNF:0
FNH:0
DA:1,2
LF:1
LH:1
BRF:0
BRH:0
end_of_record
TN:
SF:src/revisions/revisions.controller.ts
FN:8,(anonymous_4)
FN:11,(anonymous_5)
FN:16,(anonymous_6)
FN:21,(anonymous_7)
FN:26,(anonymous_8)
FN:31,(anonymous_9)
FNF:6
FNH:1
FNDA:1,(anonymous_4)
FNDA:0,(anonymous_5)
FNDA:0,(anonymous_6)
FNDA:0,(anonymous_7)
FNDA:0,(anonymous_8)
FNDA:0,(anonymous_9)
DA:1,1
DA:2,1
DA:3,1
DA:4,1
DA:7,1
DA:8,1
DA:11,1
DA:12,0
DA:16,1
DA:17,0
DA:21,1
DA:22,0
DA:26,1
DA:27,0
DA:31,1
DA:32,0
LF:16
LH:11
BRDA:11,0,0,1
BRDA:11,0,1,0
BRDA:11,1,0,1
BRDA:11,1,1,1
BRDA:26,2,0,1
BRDA:26,2,1,0
BRDA:26,3,0,1
BRDA:26,3,1,1
BRDA:8,4,0,1
BRDA:8,4,1,0
BRDA:8,5,0,1
BRDA:8,5,1,1
BRF:12
BRH:9
end_of_record
TN:
SF:src/revisions/revisions.module.ts
FNF:0
FNH:0
DA:1,0
DA:2,0
DA:3,0
DA:9,0
LF:4
LH:0
BRF:0
BRH:0
end_of_record
TN:
SF:src/revisions/revisions.service.ts
FN:7,(anonymous_1)
FN:11,(anonymous_2)
FN:15,(anonymous_3)
FN:19,(anonymous_4)
FN:23,(anonymous_5)
FNF:5
FNH:0
FNDA:0,(anonymous_1)
FNDA:0,(anonymous_2)
FNDA:0,(anonymous_3)
FNDA:0,(anonymous_4)
FNDA:0,(anonymous_5)
DA:1,2
DA:6,2
DA:8,0
DA:12,0
DA:16,0
DA:20,0
DA:24,0
LF:7
LH:2
BRF:0
BRH:0
end_of_record
TN:
SF:src/revisions/dto/create-revision.dto.ts
FNF:0
FNH:0
DA:1,1
LF:1
LH:1
BRF:0
BRH:0
end_of_record
TN:
SF:src/revisions/dto/update-revision.dto.ts
FNF:0
FNH:0
DA:1,1
DA:2,1
DA:4,1
LF:3
LH:3
BRF:0
BRH:0
end_of_record
TN:
SF:src/revisions/entities/revision.entity.ts
FNF:0
FNH:0
DA:1,0
LF:1
LH:0
BRF:0
BRH:0
end_of_record
TN:
SF:src/schools/index.ts
FNF:0
FNH:0
DA:1,0
DA:2,0
DA:3,0
DA:4,0
DA:5,0
DA:6,0
LF:6
LH:0
BRF:0
BRH:0
end_of_record
TN:
SF:src/schools/schools.controller.ts
FN:36,(anonymous_4)
FN:62,(anonymous_5)
FN:77,(anonymous_6)
FN:95,(anonymous_7)
FN:111,(anonymous_8)
FN:131,(anonymous_9)
FN:155,(anonymous_10)
FN:188,(anonymous_11)
FN:225,(anonymous_12)
FN:266,(anonymous_13)
FNF:10
FNH:8
FNDA:8,(anonymous_4)
FNDA:1,(anonymous_5)
FNDA:1,(anonymous_6)
FNDA:1,(anonymous_7)
FNDA:1,(anonymous_8)
FNDA:0,(anonymous_9)
FNDA:1,(anonymous_10)
FNDA:1,(anonymous_11)
FNDA:1,(anonymous_12)
FNDA:0,(anonymous_13)
DA:1,1
DA:15,1
DA:22,1
DA:23,1
DA:24,1
DA:25,1
DA:26,1
DA:27,1
DA:28,1
DA:29,1
DA:30,1
DA:35,1
DA:36,8
DA:62,1
DA:63,1
DA:77,1
DA:80,1
DA:95,1
DA:96,1
DA:111,1
DA:112,1
DA:131,1
DA:132,0
DA:133,0
DA:134,0
DA:136,0
DA:155,1
DA:156,1
DA:188,1
DA:192,1
DA:225,1
DA:226,1
DA:266,1
DA:269,0
LF:34
LH:29
BRDA:133,0,0,0
BRDA:133,0,1,0
BRDA:62,1,0,1
BRDA:62,1,1,0
BRDA:62,2,0,1
BRDA:62,2,1,1
BRDA:62,3,0,1
BRDA:62,3,1,0
BRDA:62,4,0,1
BRDA:62,4,1,1
BRDA:78,5,0,1
BRDA:78,5,1,0
BRDA:78,6,0,1
BRDA:78,6,1,1
BRDA:79,7,0,1
BRDA:79,7,1,0
BRDA:79,8,0,1
BRDA:79,8,1,1
BRDA:95,9,0,1
BRDA:95,9,1,0
BRDA:95,10,0,1
BRDA:95,10,1,1
BRDA:111,11,0,1
BRDA:111,11,1,0
BRDA:111,12,0,1
BRDA:111,12,1,1
BRDA:131,13,0,1
BRDA:131,13,1,0
BRDA:131,14,0,1
BRDA:131,14,1,1
BRDA:155,15,0,1
BRDA:155,15,1,0
BRDA:155,16,0,1
BRDA:155,16,1,1
BRDA:190,17,0,1
BRDA:190,17,1,0
BRDA:190,18,0,1
BRDA:190,18,1,1
BRDA:191,19,0,1
BRDA:191,19,1,0
BRDA:191,20,0,1
BRDA:191,20,1,1
BRDA:225,21,0,1
BRDA:225,21,1,0
BRDA:225,22,0,1
BRDA:225,22,1,1
BRDA:267,23,0,1
BRDA:267,23,1,0
BRDA:267,24,0,1
BRDA:267,24,1,1
BRDA:268,25,0,1
BRDA:268,25,1,0
BRDA:268,26,0,1
BRDA:268,26,1,1
BRDA:36,27,0,1
BRDA:36,27,1,0
BRDA:36,28,0,1
BRDA:36,28,1,1
BRF:58
BRH:42
end_of_record
TN:
SF:src/schools/schools.module.ts
FNF:0
FNH:0
DA:1,0
DA:2,0
DA:3,0
DA:4,0
DA:5,0
DA:6,0
DA:14,0
LF:7
LH:0
BRF:0
BRH:0
end_of_record
TN:
SF:src/schools/schools.service.ts
FN:26,(anonymous_11)
FN:31,(anonymous_12)
FN:68,(anonymous_13)
FN:89,(anonymous_14)
FN:105,(anonymous_15)
FN:211,(anonymous_16)
FN:240,(anonymous_17)
FN:264,(anonymous_18)
FN:315,(anonymous_19)
FN:346,(anonymous_20)
FN:379,(anonymous_21)
FN:399,(anonymous_22)
FN:436,(anonymous_23)
FN:460,(anonymous_24)
FN:494,(anonymous_25)
FNF:15
FNH:9
FNDA:11,(anonymous_11)
FNDA:2,(anonymous_12)
FNDA:2,(anonymous_13)
FNDA:1,(anonymous_14)
FNDA:0,(anonymous_15)
FNDA:3,(anonymous_16)
FNDA:1,(anonymous_17)
FNDA:2,(anonymous_18)
FNDA:1,(anonymous_19)
FNDA:0,(anonymous_20)
FNDA:1,(anonymous_21)
FNDA:0,(anonymous_22)
FNDA:0,(anonymous_23)
FNDA:0,(anonymous_24)
FNDA:0,(anonymous_25)
DA:1,2
DA:8,2
DA:9,2
DA:13,2
DA:16,2
DA:17,2
DA:19,2
DA:20,2
DA:23,2
DA:24,11
DA:26,11
DA:33,2
DA:39,2
DA:40,0
DA:44,2
DA:45,2
DA:46,2
DA:47,2
DA:48,2
DA:49,2
DA:50,2
DA:55,2
DA:58,2
DA:59,0
DA:60,0
DA:64,2
DA:65,2
DA:69,2
DA:71,2
DA:73,2
DA:81,1
DA:83,1
DA:90,1
DA:91,1
DA:97,1
DA:99,0
DA:108,0
DA:120,0
DA:123,0
DA:125,0
DA:126,0
DA:130,0
DA:132,0
DA:133,0
DA:140,0
DA:141,0
DA:146,0
DA:147,0
DA:152,0
DA:153,0
DA:158,0
DA:159,0
DA:164,0
DA:165,0
DA:170,0
DA:171,0
DA:176,0
DA:177,0
DA:181,0
DA:184,0
DA:203,0
DA:205,0
DA:212,3
DA:213,3
DA:227,3
DA:228,1
DA:231,2
DA:233,1
DA:234,1
DA:236,0
DA:241,1
DA:243,1
DA:246,1
DA:248,1
DA:253,1
DA:255,0
DA:256,0
DA:258,0
DA:265,2
DA:267,2
DA:281,2
DA:282,0
DA:286,2
DA:291,2
DA:292,1
DA:297,1
DA:301,1
DA:303,1
DA:307,1
DA:309,0
DA:316,1
DA:317,1
DA:331,1
DA:332,0
DA:335,1
DA:337,0
DA:338,0
DA:340,0
DA:347,0
DA:348,0
DA:362,0
DA:363,0
DA:368,0
DA:370,0
DA:371,0
DA:373,0
DA:380,1
DA:381,1
DA:388,1
DA:390,0
DA:400,0
DA:401,0
DA:402,0
DA:403,0
DA:404,0
DA:406,0
DA:407,0
DA:409,0
DA:412,0
DA:413,0
DA:418,0
DA:420,0
DA:421,0
DA:422,0
DA:424,0
DA:425,0
DA:428,0
DA:430,0
DA:431,0
DA:434,0
DA:435,0
DA:436,0
DA:437,0
DA:440,0
DA:442,0
DA:443,0
DA:445,0
DA:446,0
DA:449,0
DA:450,0
DA:451,0
DA:454,0
DA:455,0
DA:456,0
DA:458,0
DA:459,0
DA:460,0
DA:461,0
DA:462,0
DA:463,0
DA:465,0
DA:466,0
DA:467,0
DA:468,0
DA:469,0
DA:473,0
DA:474,0
DA:475,0
DA:477,0
DA:481,0
DA:482,0
DA:483,0
DA:486,0
DA:488,0
DA:492,0
DA:493,0
DA:494,0
DA:496,0
DA:499,0
DA:500,0
DA:502,0
DA:503,0
DA:506,0
DA:508,0
DA:510,0
DA:516,0
DA:520,0
DA:521,0
DA:524,0
DA:529,0
DA:531,0
DA:535,0
DA:548,0
DA:549,0
DA:551,0
DA:561,0
DA:562,0
DA:563,0
DA:565,0
LF:189
LH:61
BRDA:39,0,0,0
BRDA:39,0,1,2
BRDA:47,1,0,2
BRDA:47,1,1,0
BRDA:49,2,0,2
BRDA:49,2,1,0
BRDA:58,3,0,0
BRDA:58,3,1,2
BRDA:110,4,0,0
BRDA:111,5,0,0
BRDA:125,6,0,0
BRDA:125,6,1,0
BRDA:132,7,0,0
BRDA:132,7,1,0
BRDA:140,8,0,0
BRDA:140,8,1,0
BRDA:146,9,0,0
BRDA:146,9,1,0
BRDA:152,10,0,0
BRDA:152,10,1,0
BRDA:158,11,0,0
BRDA:158,11,1,0
BRDA:164,12,0,0
BRDA:164,12,1,0
BRDA:170,13,0,0
BRDA:170,13,1,0
BRDA:176,14,0,0
BRDA:176,14,1,0
BRDA:227,15,0,1
BRDA:227,15,1,2
BRDA:233,16,0,1
BRDA:233,16,1,0
BRDA:255,17,0,0
BRDA:255,17,1,0
BRDA:281,18,0,0
BRDA:281,18,1,2
BRDA:286,19,0,2
BRDA:286,19,1,1
BRDA:286,19,2,1
BRDA:286,19,3,1
BRDA:291,20,0,1
BRDA:291,20,1,1
BRDA:303,21,0,1
BRDA:303,21,1,0
BRDA:304,22,0,1
BRDA:304,22,1,1
BRDA:331,23,0,0
BRDA:331,23,1,1
BRDA:337,24,0,0
BRDA:337,24,1,0
BRDA:362,25,0,0
BRDA:362,25,1,0
BRDA:370,26,0,0
BRDA:370,26,1,0
BRDA:409,27,0,0
BRDA:409,27,1,0
BRDA:412,28,0,0
BRDA:412,28,1,0
BRDA:412,29,0,0
BRDA:412,29,1,0
BRDA:420,30,0,0
BRDA:420,30,1,0
BRDA:430,31,0,0
BRDA:430,31,1,0
BRDA:437,32,0,0
BRDA:437,32,1,0
BRDA:443,33,0,0
BRDA:443,33,1,0
BRDA:445,34,0,0
BRDA:445,34,1,0
BRDA:450,35,0,0
BRDA:450,35,1,0
BRDA:462,36,0,0
BRDA:462,36,1,0
BRDA:465,37,0,0
BRDA:465,37,1,0
BRDA:465,38,0,0
BRDA:465,38,1,0
BRDA:466,39,0,0
BRDA:466,39,1,0
BRDA:468,40,0,0
BRDA:468,40,1,0
BRDA:473,41,0,0
BRDA:473,41,1,0
BRDA:473,42,0,0
BRDA:473,42,1,0
BRDA:474,43,0,0
BRDA:474,43,1,0
BRDA:474,44,0,0
BRDA:474,44,1,0
BRDA:475,45,0,0
BRDA:475,45,1,0
BRDA:475,46,0,0
BRDA:475,46,1,0
BRDA:481,47,0,0
BRDA:481,47,1,0
BRDA:492,48,0,0
BRDA:492,48,1,0
BRDA:494,49,0,0
BRDA:494,49,1,0
BRDA:502,50,0,0
BRDA:502,50,1,0
BRDA:508,51,0,0
BRDA:508,51,1,0
BRDA:520,52,0,0
BRDA:520,52,1,0
BRDA:542,53,0,0
BRDA:542,53,1,0
BRDA:26,54,0,2
BRDA:26,54,1,0
BRDA:26,55,0,2
BRDA:26,55,1,2
BRF:112
BRH:21
end_of_record
TN:
SF:src/schools/dto/create-school.dto.ts
FNF:0
FNH:0
DA:1,2
DA:10,2
DA:12,2
DA:20,2
DA:27,2
DA:35,2
DA:43,2
DA:51,2
DA:59,2
DA:67,2
DA:76,2
DA:85,2
DA:94,2
DA:103,2
LF:14
LH:14
BRF:0
BRH:0
end_of_record
TN:
SF:src/schools/dto/query-school.dto.ts
FN:13,(anonymous_2)
FN:46,(anonymous_3)
FNF:2
FNH:0
FNDA:0,(anonymous_2)
FNDA:0,(anonymous_3)
DA:1,1
DA:2,1
DA:3,1
DA:4,1
DA:6,1
DA:13,0
DA:14,1
DA:22,1
DA:30,1
DA:38,1
DA:46,0
DA:47,1
DA:55,1
DA:63,1
DA:71,1
LF:15
LH:13
BRF:0
BRH:0
end_of_record
TN:
SF:src/schools/dto/update-school.dto.ts
FNF:0
FNH:0
DA:1,1
DA:2,1
DA:4,1
LF:3
LH:3
BRF:0
BRH:0
end_of_record
TN:
SF:src/schools/entities/school.entity.ts
FNF:0
FNH:0
DA:1,1
DA:4,1
DA:9,1
DA:15,1
DA:21,1
DA:27,1
DA:33,1
DA:39,1
DA:45,1
DA:51,1
DA:57,1
DA:63,1
DA:69,1
DA:75,1
DA:81,1
DA:87,1
DA:93,1
DA:99,1
DA:105,1
LF:19
LH:19
BRDA:99,0,0,1
BRDA:99,0,1,0
BRDA:99,1,0,1
BRDA:99,1,1,1
BRDA:105,2,0,1
BRDA:105,2,1,0
BRDA:105,3,0,1
BRDA:105,3,1,1
BRF:8
BRH:6
end_of_record
TN:
SF:src/students/index.ts
FNF:0
FNH:0
DA:1,0
DA:2,0
DA:3,0
DA:4,0
DA:5,0
DA:6,0
LF:6
LH:0
BRF:0
BRH:0
end_of_record
TN:
SF:src/students/students.controller.ts
FN:43,(anonymous_4)
FN:78,(anonymous_5)
FN:100,(anonymous_6)
FN:118,(anonymous_7)
FN:134,(anonymous_8)
FN:169,(anonymous_9)
FN:203,(anonymous_10)
FN:240,(anonymous_11)
FN:280,(anonymous_12)
FNF:9
FNH:8
FNDA:8,(anonymous_4)
FNDA:1,(anonymous_5)
FNDA:1,(anonymous_6)
FNDA:1,(anonymous_7)
FNDA:1,(anonymous_8)
FNDA:1,(anonymous_9)
FNDA:1,(anonymous_10)
FNDA:1,(anonymous_11)
FNDA:0,(anonymous_12)
DA:1,1
DA:14,1
DA:21,1
DA:22,1
DA:23,1
DA:24,1
DA:25,1
DA:26,1
DA:27,1
DA:28,1
DA:29,1
DA:33,1
DA:35,1
DA:36,1
DA:38,1
DA:42,1
DA:43,8
DA:78,1
DA:82,1
DA:100,1
DA:103,1
DA:118,1
DA:119,1
DA:134,1
DA:137,1
DA:169,1
DA:170,1
DA:203,1
DA:207,1
DA:240,1
DA:241,1
DA:280,1
DA:284,0
LF:33
LH:32
BRDA:79,0,0,1
BRDA:79,0,1,0
BRDA:79,1,0,1
BRDA:79,1,1,1
BRDA:81,2,0,1
BRDA:81,2,1,0
BRDA:81,3,0,1
BRDA:81,3,1,1
BRDA:101,4,0,1
BRDA:101,4,1,0
BRDA:101,5,0,1
BRDA:101,5,1,1
BRDA:102,6,0,1
BRDA:102,6,1,0
BRDA:102,7,0,1
BRDA:102,7,1,1
BRDA:118,8,0,1
BRDA:118,8,1,0
BRDA:118,9,0,1
BRDA:118,9,1,1
BRDA:136,10,0,1
BRDA:136,10,1,0
BRDA:136,11,0,1
BRDA:136,11,1,1
BRDA:169,12,0,1
BRDA:169,12,1,0
BRDA:169,13,0,1
BRDA:169,13,1,1
BRDA:205,14,0,1
BRDA:205,14,1,0
BRDA:205,15,0,1
BRDA:205,15,1,1
BRDA:206,16,0,1
BRDA:206,16,1,0
BRDA:206,17,0,1
BRDA:206,17,1,1
BRDA:240,18,0,1
BRDA:240,18,1,0
BRDA:240,19,0,1
BRDA:240,19,1,1
BRDA:281,20,0,1
BRDA:281,20,1,0
BRDA:281,21,0,1
BRDA:281,21,1,1
BRDA:283,22,0,1
BRDA:283,22,1,0
BRDA:283,23,0,1
BRDA:283,23,1,1
BRDA:43,24,0,1
BRDA:43,24,1,0
BRDA:43,25,0,1
BRDA:43,25,1,1
BRF:52
BRH:39
end_of_record
TN:
SF:src/students/students.module.ts
FNF:0
FNH:0
DA:1,0
DA:2,0
DA:3,0
DA:4,0
DA:5,0
DA:6,0
DA:14,0
LF:7
LH:0
BRF:0
BRH:0
end_of_record
TN:
SF:src/students/students.service.ts
FN:39,(anonymous_11)
FN:44,(anonymous_12)
FN:86,(anonymous_13)
FN:140,(anonymous_14)
FN:151,(anonymous_15)
FN:217,(anonymous_16)
FN:228,(anonymous_17)
FN:235,(anonymous_18)
FN:255,(anonymous_19)
FN:282,(anonymous_20)
FN:374,(anonymous_21)
FN:412,(anonymous_22)
FN:471,(anonymous_23)
FN:513,(anonymous_24)
FN:537,(anonymous_25)
FN:563,(anonymous_26)
FN:567,(anonymous_27)
FN:571,(anonymous_28)
FN:575,(anonymous_29)
FN:579,(anonymous_30)
FN:586,(anonymous_31)
FN:669,(anonymous_32)
FN:699,(anonymous_33)
FN:790,(anonymous_34)
FNF:24
FNH:12
FNDA:12,(anonymous_11)
FNDA:3,(anonymous_12)
FNDA:1,(anonymous_13)
FNDA:1,(anonymous_14)
FNDA:2,(anonymous_15)
FNDA:2,(anonymous_16)
FNDA:0,(anonymous_17)
FNDA:0,(anonymous_18)
FNDA:1,(anonymous_19)
FNDA:0,(anonymous_20)
FNDA:3,(anonymous_21)
FNDA:1,(anonymous_22)
FNDA:2,(anonymous_23)
FNDA:1,(anonymous_24)
FNDA:1,(anonymous_25)
FNDA:0,(anonymous_26)
FNDA:0,(anonymous_27)
FNDA:0,(anonymous_28)
FNDA:0,(anonymous_29)
FNDA:0,(anonymous_30)
FNDA:0,(anonymous_31)
FNDA:0,(anonymous_32)
FNDA:0,(anonymous_33)
FNDA:0,(anonymous_34)
DA:1,2
DA:8,2
DA:9,2
DA:10,2
DA:14,2
DA:16,2
DA:17,2
DA:23,2
DA:24,2
DA:25,2
DA:36,2
DA:37,12
DA:40,12
DA:41,12
DA:48,3
DA:58,3
DA:59,3
DA:61,3
DA:65,3
DA:66,1
DA:69,2
DA:70,0
DA:73,0
DA:74,0
DA:78,2
DA:80,1
DA:82,1
DA:86,1
DA:87,1
DA:103,1
DA:110,1
DA:126,1
DA:128,2
DA:132,2
DA:134,0
DA:141,1
DA:155,2
DA:156,2
DA:157,0
DA:159,2
DA:160,1
DA:163,0
DA:164,0
DA:165,0
DA:167,0
DA:171,0
DA:174,0
DA:176,0
DA:177,0
DA:178,0
DA:182,0
DA:183,0
DA:185,0
DA:188,0
DA:193,0
DA:194,0
DA:199,0
DA:200,0
DA:203,0
DA:206,0
DA:207,0
DA:209,0
DA:210,0
DA:212,0
DA:218,2
DA:223,2
DA:224,1
DA:229,0
DA:230,0
DA:233,0
DA:235,0
DA:238,0
DA:246,0
DA:247,0
DA:248,0
DA:252,0
DA:256,1
DA:257,1
DA:259,1
DA:274,1
DA:276,0
DA:286,0
DA:296,0
DA:299,0
DA:302,0
DA:303,0
DA:304,0
DA:305,0
DA:308,0
DA:309,0
DA:313,0
DA:315,0
DA:316,0
DA:323,0
DA:324,0
DA:329,0
DA:330,0
DA:335,0
DA:336,0
DA:341,0
DA:342,0
DA:346,0
DA:349,0
DA:366,0
DA:368,0
DA:375,3
DA:376,3
DA:397,3
DA:398,1
DA:401,2
DA:403,1
DA:404,1
DA:406,0
DA:413,1
DA:415,1
DA:418,1
DA:419,0
DA:423,0
DA:424,0
DA:431,1
DA:432,0
DA:436,0
DA:437,0
DA:443,1
DA:457,1
DA:459,0
DA:463,0
DA:465,0
DA:472,2
DA:474,2
DA:485,2
DA:486,0
DA:489,2
DA:490,1
DA:495,1
DA:499,1
DA:501,1
DA:505,1
DA:507,0
DA:514,1
DA:515,1
DA:529,1
DA:531,0
DA:538,1
DA:539,1
DA:540,1
DA:541,0
DA:544,1
DA:554,1
DA:556,0
DA:564,0
DA:568,0
DA:572,0
DA:576,0
DA:580,0
DA:594,0
DA:595,0
DA:596,0
DA:597,0
DA:598,0
DA:600,0
DA:601,0
DA:602,0
DA:608,0
DA:610,0
DA:611,0
DA:612,0
DA:615,0
DA:616,0
DA:621,0
DA:622,0
DA:627,0
DA:629,0
DA:637,0
DA:639,0
DA:642,0
DA:643,0
DA:649,0
DA:651,0
DA:652,0
DA:653,0
DA:655,0
DA:656,0
DA:660,0
DA:662,0
DA:663,0
DA:667,0
DA:668,0
DA:669,0
DA:670,0
DA:673,0
DA:678,0
DA:679,0
DA:681,0
DA:682,0
DA:687,0
DA:688,0
DA:689,0
DA:692,0
DA:693,0
DA:694,0
DA:696,0
DA:698,0
DA:699,0
DA:700,0
DA:701,0
DA:702,0
DA:705,0
DA:706,0
DA:707,0
DA:708,0
DA:709,0
DA:714,0
DA:715,0
DA:718,0
DA:720,0
DA:725,0
DA:726,0
DA:727,0
DA:730,0
DA:734,0
DA:738,0
DA:743,0
DA:744,0
DA:747,0
DA:751,0
DA:754,0
DA:758,0
DA:763,0
DA:768,0
DA:772,0
DA:773,0
DA:775,0
DA:779,0
DA:784,0
DA:788,0
DA:789,0
DA:790,0
DA:792,0
DA:796,0
DA:810,0
DA:811,0
DA:814,0
DA:815,0
DA:818,0
DA:820,0
DA:822,0
DA:828,0
DA:833,0
DA:834,0
DA:837,0
DA:842,0
DA:844,0
DA:848,0
DA:861,0
DA:862,0
DA:867,0
DA:878,0
DA:879,0
DA:880,0
DA:882,0
LF:261
LH:73
BRDA:59,0,0,3
BRDA:59,0,1,3
BRDA:65,1,0,1
BRDA:65,1,1,2
BRDA:69,2,0,0
BRDA:69,2,1,2
BRDA:73,3,0,0
BRDA:73,3,1,0
BRDA:82,4,0,0
BRDA:82,4,1,1
BRDA:128,5,0,2
BRDA:128,5,1,0
BRDA:129,6,0,2
BRDA:129,6,1,1
BRDA:155,7,0,2
BRDA:155,7,1,0
BRDA:156,8,0,0
BRDA:156,8,1,2
BRDA:163,9,0,0
BRDA:163,9,1,0
BRDA:164,10,0,0
BRDA:164,10,1,0
BRDA:164,11,0,0
BRDA:164,11,1,0
BRDA:167,12,0,0
BRDA:167,12,1,0
BRDA:171,13,0,0
BRDA:171,13,1,0
BRDA:172,14,0,0
BRDA:172,14,1,0
BRDA:174,15,0,0
BRDA:174,15,1,0
BRDA:174,15,2,0
BRDA:177,16,0,0
BRDA:177,16,1,0
BRDA:182,17,0,0
BRDA:182,17,1,0
BRDA:193,18,0,0
BRDA:193,18,1,0
BRDA:193,19,0,0
BRDA:193,19,1,0
BRDA:199,20,0,0
BRDA:199,20,1,0
BRDA:206,21,0,0
BRDA:206,21,1,0
BRDA:209,22,0,0
BRDA:209,22,1,0
BRDA:223,23,0,1
BRDA:223,23,1,1
BRDA:229,24,0,0
BRDA:229,24,1,0
BRDA:247,25,0,0
BRDA:247,25,1,0
BRDA:257,26,0,0
BRDA:257,26,1,1
BRDA:288,27,0,0
BRDA:289,28,0,0
BRDA:302,29,0,0
BRDA:302,29,1,0
BRDA:304,30,0,0
BRDA:304,30,1,0
BRDA:308,31,0,0
BRDA:308,31,1,0
BRDA:315,32,0,0
BRDA:315,32,1,0
BRDA:323,33,0,0
BRDA:323,33,1,0
BRDA:329,34,0,0
BRDA:329,34,1,0
BRDA:335,35,0,0
BRDA:335,35,1,0
BRDA:341,36,0,0
BRDA:341,36,1,0
BRDA:397,37,0,1
BRDA:397,37,1,2
BRDA:403,38,0,1
BRDA:403,38,1,0
BRDA:418,39,0,0
BRDA:418,39,1,1
BRDA:423,40,0,0
BRDA:423,40,1,0
BRDA:423,41,0,0
BRDA:423,41,1,0
BRDA:431,42,0,0
BRDA:431,42,1,1
BRDA:436,43,0,0
BRDA:436,43,1,0
BRDA:459,44,0,0
BRDA:459,44,1,0
BRDA:460,45,0,0
BRDA:460,45,1,0
BRDA:485,46,0,0
BRDA:485,46,1,2
BRDA:489,47,0,1
BRDA:489,47,1,1
BRDA:501,48,0,1
BRDA:501,48,1,0
BRDA:502,49,0,1
BRDA:502,49,1,1
BRDA:540,50,0,0
BRDA:540,50,1,1
BRDA:610,51,0,0
BRDA:610,51,1,0
BRDA:610,52,0,0
BRDA:610,52,1,0
BRDA:615,53,0,0
BRDA:615,53,1,0
BRDA:621,54,0,0
BRDA:621,54,1,0
BRDA:621,55,0,0
BRDA:621,55,1,0
BRDA:639,56,0,0
BRDA:639,56,1,0
BRDA:642,57,0,0
BRDA:642,57,1,0
BRDA:642,58,0,0
BRDA:642,58,1,0
BRDA:651,59,0,0
BRDA:651,59,1,0
BRDA:662,60,0,0
BRDA:662,60,1,0
BRDA:670,61,0,0
BRDA:670,61,1,0
BRDA:679,62,0,0
BRDA:679,62,1,0
BRDA:681,63,0,0
BRDA:681,63,1,0
BRDA:688,64,0,0
BRDA:688,64,1,0
BRDA:701,65,0,0
BRDA:701,65,1,0
BRDA:701,66,0,0
BRDA:701,66,1,0
BRDA:701,66,2,0
BRDA:705,67,0,0
BRDA:705,67,1,0
BRDA:705,68,0,0
BRDA:705,68,1,0
BRDA:706,69,0,0
BRDA:706,69,1,0
BRDA:708,70,0,0
BRDA:708,70,1,0
BRDA:714,71,0,0
BRDA:714,71,1,0
BRDA:714,72,0,0
BRDA:714,72,1,0
BRDA:715,73,0,0
BRDA:715,73,1,0
BRDA:715,74,0,0
BRDA:715,74,1,0
BRDA:718,75,0,0
BRDA:718,75,1,0
BRDA:718,76,0,0
BRDA:718,76,1,0
BRDA:725,77,0,0
BRDA:725,77,1,0
BRDA:734,78,0,0
BRDA:734,78,1,0
BRDA:735,79,0,0
BRDA:735,79,1,0
BRDA:743,80,0,0
BRDA:743,80,1,0
BRDA:747,81,0,0
BRDA:747,81,1,0
BRDA:752,82,0,0
BRDA:752,82,1,0
BRDA:752,82,2,0
BRDA:754,83,0,0
BRDA:754,83,1,0
BRDA:755,84,0,0
BRDA:755,84,1,0
BRDA:755,84,2,0
BRDA:763,85,0,0
BRDA:763,85,1,0
BRDA:764,86,0,0
BRDA:764,86,1,0
BRDA:764,86,2,0
BRDA:764,86,3,0
BRDA:772,87,0,0
BRDA:772,87,1,0
BRDA:788,88,0,0
BRDA:788,88,1,0
BRDA:790,89,0,0
BRDA:790,89,1,0
BRDA:796,90,0,0
BRDA:796,90,1,0
BRDA:801,91,0,0
BRDA:801,91,1,0
BRDA:805,92,0,0
BRDA:805,92,1,0
BRDA:814,93,0,0
BRDA:814,93,1,0
BRDA:820,94,0,0
BRDA:820,94,1,0
BRDA:833,95,0,0
BRDA:833,95,1,0
BRDA:855,96,0,0
BRDA:855,96,1,0
BRDA:40,97,0,2
BRDA:40,97,1,0
BRDA:40,98,0,2
BRDA:40,98,1,2
BRDA:40,99,0,2
BRDA:40,99,1,0
BRDA:40,100,0,2
BRDA:40,100,1,2
BRF:206
BRH:32
end_of_record
TN:
SF:src/students/dto/create-student.dto.ts
FNF:0
FNH:0
DA:1,2
DA:2,2
DA:13,2
DA:21,2
DA:30,2
DA:37,2
DA:47,2
DA:57,2
DA:66,2
DA:74,2
DA:83,2
DA:91,2
DA:100,2
LF:13
LH:13
BRF:0
BRH:0
end_of_record
TN:
SF:src/students/dto/import-students.dto.ts
FNF:0
FNH:0
DA:1,1
DA:2,1
DA:3,1
DA:5,1
DA:13,1
LF:5
LH:5
BRF:0
BRH:0
end_of_record
TN:
SF:src/students/dto/query-student.dto.ts
FN:21,(anonymous_2)
FNF:1
FNH:0
FNDA:0,(anonymous_2)
DA:1,1
DA:2,1
DA:3,1
DA:4,1
DA:6,1
DA:13,1
DA:21,0
DA:22,1
DA:30,1
DA:38,1
DA:46,1
DA:54,1
LF:12
LH:11
BRF:0
BRH:0
end_of_record
TN:
SF:src/students/dto/update-student.dto.ts
FNF:0
FNH:0
DA:1,1
DA:2,1
DA:13,1
DA:22,1
DA:32,1
DA:40,1
DA:49,1
DA:57,1
DA:66,1
DA:74,1
DA:82,1
LF:11
LH:11
BRF:0
BRH:0
end_of_record
TN:
SF:src/students/entities/student.entity.ts
FNF:0
FNH:0
DA:1,1
DA:4,1
DA:9,1
DA:15,1
DA:21,1
DA:27,1
DA:33,1
DA:39,1
DA:45,1
DA:51,1
DA:57,1
DA:63,1
DA:69,1
DA:75,1
LF:14
LH:14
BRDA:69,0,0,1
BRDA:69,0,1,0
BRDA:69,1,0,1
BRDA:69,1,1,1
BRDA:75,2,0,1
BRDA:75,2,1,0
BRDA:75,3,0,1
BRDA:75,3,1,1
BRF:8
BRH:6
end_of_record
TN:
SF:src/teachers/index.ts
FNF:0
FNH:0
DA:1,0
DA:2,0
DA:3,0
DA:4,0
DA:5,0
DA:6,0
LF:6
LH:0
BRF:0
BRH:0
end_of_record
TN:
SF:src/teachers/teachers.controller.ts
FN:37,(anonymous_4)
FN:72,(anonymous_5)
FN:88,(anonymous_6)
FN:106,(anonymous_7)
FN:122,(anonymous_8)
FN:157,(anonymous_9)
FN:191,(anonymous_10)
FN:224,(anonymous_11)
FN:264,(anonymous_12)
FNF:9
FNH:8
FNDA:8,(anonymous_4)
FNDA:1,(anonymous_5)
FNDA:1,(anonymous_6)
FNDA:1,(anonymous_7)
FNDA:1,(anonymous_8)
FNDA:1,(anonymous_9)
FNDA:1,(anonymous_10)
FNDA:1,(anonymous_11)
FNDA:0,(anonymous_12)
DA:1,1
DA:14,1
DA:21,1
DA:22,1
DA:23,1
DA:24,1
DA:25,1
DA:26,1
DA:27,1
DA:28,1
DA:29,1
DA:30,1
DA:31,1
DA:36,1
DA:37,8
DA:72,1
DA:73,1
DA:88,1
DA:91,1
DA:106,1
DA:107,1
DA:122,1
DA:125,1
DA:157,1
DA:158,1
DA:191,1
DA:195,1
DA:224,1
DA:225,1
DA:264,1
DA:267,0
LF:31
LH:30
BRDA:72,0,0,1
BRDA:72,0,1,0
BRDA:72,1,0,1
BRDA:72,1,1,1
BRDA:72,2,0,1
BRDA:72,2,1,0
BRDA:72,3,0,1
BRDA:72,3,1,1
BRDA:89,4,0,1
BRDA:89,4,1,0
BRDA:89,5,0,1
BRDA:89,5,1,1
BRDA:90,6,0,1
BRDA:90,6,1,0
BRDA:90,7,0,1
BRDA:90,7,1,1
BRDA:106,8,0,1
BRDA:106,8,1,0
BRDA:106,9,0,1
BRDA:106,9,1,1
BRDA:124,10,0,1
BRDA:124,10,1,0
BRDA:124,11,0,1
BRDA:124,11,1,1
BRDA:157,12,0,1
BRDA:157,12,1,0
BRDA:157,13,0,1
BRDA:157,13,1,1
BRDA:193,14,0,1
BRDA:193,14,1,0
BRDA:193,15,0,1
BRDA:193,15,1,1
BRDA:194,16,0,1
BRDA:194,16,1,0
BRDA:194,17,0,1
BRDA:194,17,1,1
BRDA:224,18,0,1
BRDA:224,18,1,0
BRDA:224,19,0,1
BRDA:224,19,1,1
BRDA:265,20,0,1
BRDA:265,20,1,0
BRDA:265,21,0,1
BRDA:265,21,1,1
BRDA:266,22,0,1
BRDA:266,22,1,0
BRDA:266,23,0,1
BRDA:266,23,1,1
BRDA:37,24,0,1
BRDA:37,24,1,0
BRDA:37,25,0,1
BRDA:37,25,1,1
BRF:52
BRH:39
end_of_record
TN:
SF:src/teachers/teachers.module.ts
FNF:0
FNH:0
DA:1,0
DA:2,0
DA:3,0
DA:4,0
DA:5,0
DA:6,0
DA:14,0
LF:7
LH:0
BRF:0
BRH:0
end_of_record
TN:
SF:src/teachers/teachers.service.ts
FN:26,(anonymous_11)
FN:31,(anonymous_12)
FN:161,(anonymous_13)
FN:180,(anonymous_14)
FN:263,(anonymous_15)
FN:296,(anonymous_16)
FN:355,(anonymous_17)
FN:381,(anonymous_18)
FN:398,(anonymous_19)
FN:421,(anonymous_20)
FN:458,(anonymous_21)
FN:482,(anonymous_22)
FN:519,(anonymous_23)
FNF:13
FNH:8
FNDA:12,(anonymous_11)
FNDA:3,(anonymous_12)
FNDA:1,(anonymous_13)
FNDA:0,(anonymous_14)
FNDA:3,(anonymous_15)
FNDA:1,(anonymous_16)
FNDA:2,(anonymous_17)
FNDA:1,(anonymous_18)
FNDA:1,(anonymous_19)
FNDA:0,(anonymous_20)
FNDA:0,(anonymous_21)
FNDA:0,(anonymous_22)
FNDA:0,(anonymous_23)
DA:1,2
DA:8,2
DA:9,2
DA:10,2
DA:14,2
DA:16,2
DA:17,2
DA:19,2
DA:20,2
DA:23,2
DA:24,12
DA:27,12
DA:28,12
DA:32,3
DA:34,3
DA:38,3
DA:39,1
DA:45,2
DA:49,2
DA:50,1
DA:54,1
DA:58,1
DA:59,0
DA:63,1
DA:67,1
DA:68,0
DA:72,1
DA:76,1
DA:77,0
DA:86,1
DA:88,1
DA:90,0
DA:93,0
DA:94,0
DA:98,0
DA:101,1
DA:102,0
DA:107,1
DA:108,0
DA:115,1
DA:122,1
DA:123,1
DA:132,1
DA:147,1
DA:149,2
DA:153,2
DA:155,0
DA:162,1
DA:163,1
DA:172,1
DA:174,0
DA:183,0
DA:193,0
DA:196,0
DA:198,0
DA:199,0
DA:202,0
DA:203,0
DA:207,0
DA:209,0
DA:210,0
DA:217,0
DA:218,0
DA:223,0
DA:224,0
DA:229,0
DA:230,0
DA:235,0
DA:236,0
DA:240,0
DA:243,0
DA:255,0
DA:257,0
DA:264,3
DA:265,3
DA:281,3
DA:282,1
DA:285,2
DA:287,1
DA:288,1
DA:290,0
DA:297,1
DA:299,1
DA:302,1
DA:303,0
DA:307,0
DA:308,0
DA:315,1
DA:316,0
DA:320,0
DA:321,0
DA:327,1
DA:341,1
DA:343,0
DA:347,0
DA:349,0
DA:356,2
DA:358,2
DA:362,2
DA:363,1
DA:366,1
DA:370,1
DA:372,1
DA:373,1
DA:375,0
DA:382,1
DA:383,1
DA:390,1
DA:392,0
DA:399,1
DA:400,1
DA:410,1
DA:412,0
DA:422,0
DA:423,0
DA:424,0
DA:425,0
DA:426,0
DA:428,0
DA:429,0
DA:431,0
DA:434,0
DA:435,0
DA:440,0
DA:442,0
DA:443,0
DA:444,0
DA:446,0
DA:447,0
DA:450,0
DA:452,0
DA:453,0
DA:456,0
DA:457,0
DA:458,0
DA:459,0
DA:462,0
DA:464,0
DA:465,0
DA:467,0
DA:468,0
DA:471,0
DA:472,0
DA:473,0
DA:476,0
DA:477,0
DA:478,0
DA:480,0
DA:481,0
DA:482,0
DA:483,0
DA:484,0
DA:485,0
DA:487,0
DA:488,0
DA:489,0
DA:490,0
DA:491,0
DA:495,0
DA:496,0
DA:497,0
DA:499,0
DA:503,0
DA:504,0
DA:505,0
DA:508,0
DA:513,0
DA:517,0
DA:518,0
DA:519,0
DA:521,0
DA:524,0
DA:525,0
DA:527,0
DA:528,0
DA:531,0
DA:533,0
DA:535,0
DA:541,0
DA:545,0
DA:546,0
DA:549,0
DA:554,0
DA:556,0
DA:560,0
DA:573,0
DA:574,0
DA:576,0
DA:586,0
DA:587,0
DA:588,0
DA:590,0
LF:192
LH:67
BRDA:38,0,0,1
BRDA:38,0,1,2
BRDA:49,1,0,1
BRDA:49,1,1,1
BRDA:58,2,0,0
BRDA:58,2,1,1
BRDA:67,3,0,0
BRDA:67,3,1,1
BRDA:76,4,0,0
BRDA:76,4,1,1
BRDA:88,5,0,0
BRDA:88,5,1,1
BRDA:93,6,0,0
BRDA:93,6,1,0
BRDA:93,7,0,0
BRDA:93,7,1,0
BRDA:101,8,0,0
BRDA:101,8,1,1
BRDA:107,9,0,0
BRDA:107,9,1,1
BRDA:122,10,0,1
BRDA:122,10,1,0
BRDA:142,11,0,1
BRDA:142,11,1,1
BRDA:149,12,0,2
BRDA:149,12,1,0
BRDA:150,13,0,2
BRDA:150,13,1,1
BRDA:185,14,0,0
BRDA:186,15,0,0
BRDA:198,16,0,0
BRDA:198,16,1,0
BRDA:202,17,0,0
BRDA:202,17,1,0
BRDA:209,18,0,0
BRDA:209,18,1,0
BRDA:217,19,0,0
BRDA:217,19,1,0
BRDA:223,20,0,0
BRDA:223,20,1,0
BRDA:229,21,0,0
BRDA:229,21,1,0
BRDA:235,22,0,0
BRDA:235,22,1,0
BRDA:281,23,0,1
BRDA:281,23,1,2
BRDA:287,24,0,1
BRDA:287,24,1,0
BRDA:302,25,0,0
BRDA:302,25,1,1
BRDA:307,26,0,0
BRDA:307,26,1,0
BRDA:307,27,0,0
BRDA:307,27,1,0
BRDA:315,28,0,0
BRDA:315,28,1,1
BRDA:320,29,0,0
BRDA:320,29,1,0
BRDA:343,30,0,0
BRDA:343,30,1,0
BRDA:344,31,0,0
BRDA:344,31,1,0
BRDA:362,32,0,1
BRDA:362,32,1,1
BRDA:372,33,0,1
BRDA:372,33,1,0
BRDA:431,34,0,0
BRDA:431,34,1,0
BRDA:434,35,0,0
BRDA:434,35,1,0
BRDA:434,36,0,0
BRDA:434,36,1,0
BRDA:442,37,0,0
BRDA:442,37,1,0
BRDA:452,38,0,0
BRDA:452,38,1,0
BRDA:459,39,0,0
BRDA:459,39,1,0
BRDA:465,40,0,0
BRDA:465,40,1,0
BRDA:467,41,0,0
BRDA:467,41,1,0
BRDA:472,42,0,0
BRDA:472,42,1,0
BRDA:484,43,0,0
BRDA:484,43,1,0
BRDA:487,44,0,0
BRDA:487,44,1,0
BRDA:487,45,0,0
BRDA:487,45,1,0
BRDA:488,46,0,0
BRDA:488,46,1,0
BRDA:490,47,0,0
BRDA:490,47,1,0
BRDA:495,48,0,0
BRDA:495,48,1,0
BRDA:495,49,0,0
BRDA:495,49,1,0
BRDA:496,50,0,0
BRDA:496,50,1,0
BRDA:496,51,0,0
BRDA:496,51,1,0
BRDA:497,52,0,0
BRDA:497,52,1,0
BRDA:497,53,0,0
BRDA:497,53,1,0
BRDA:503,54,0,0
BRDA:503,54,1,0
BRDA:517,55,0,0
BRDA:517,55,1,0
BRDA:519,56,0,0
BRDA:519,56,1,0
BRDA:527,57,0,0
BRDA:527,57,1,0
BRDA:533,58,0,0
BRDA:533,58,1,0
BRDA:545,59,0,0
BRDA:545,59,1,0
BRDA:567,60,0,0
BRDA:567,60,1,0
BRDA:27,61,0,2
BRDA:27,61,1,0
BRDA:27,62,0,2
BRDA:27,62,1,2
BRDA:27,63,0,2
BRDA:27,63,1,0
BRDA:27,64,0,2
BRDA:27,64,1,2
BRF:128
BRH:30
end_of_record
TN:
SF:src/teachers/dto/create-teacher.dto.ts
FNF:0
FNH:0
DA:1,2
DA:2,2
DA:13,2
DA:21,2
DA:30,2
DA:37,2
DA:44,2
DA:54,2
DA:64,2
DA:73,2
DA:81,2
DA:90,2
DA:97,2
DA:106,2
LF:14
LH:14
BRF:0
BRH:0
end_of_record
TN:
SF:src/teachers/dto/query-teacher.dto.ts
FN:21,(anonymous_2)
FNF:1
FNH:0
FNDA:0,(anonymous_2)
DA:1,1
DA:2,1
DA:3,1
DA:4,1
DA:6,1
DA:13,1
DA:21,0
DA:22,1
DA:30,1
DA:38,1
DA:46,1
DA:54,1
LF:12
LH:11
BRF:0
BRH:0
end_of_record
TN:
SF:src/teachers/dto/update-teacher.dto.ts
FNF:0
FNH:0
DA:1,1
DA:2,1
DA:13,1
DA:22,1
DA:32,1
DA:40,1
DA:49,1
DA:57,1
DA:66,1
DA:74,1
DA:82,1
LF:11
LH:11
BRF:0
BRH:0
end_of_record
TN:
SF:src/teachers/entities/teacher.entity.ts
FNF:0
FNH:0
DA:1,1
DA:4,1
DA:9,1
DA:15,1
DA:21,1
DA:27,1
DA:33,1
DA:39,1
DA:45,1
DA:51,1
DA:57,1
DA:63,1
DA:69,1
DA:75,1
LF:14
LH:14
BRDA:69,0,0,1
BRDA:69,0,1,0
BRDA:69,1,0,1
BRDA:69,1,1,1
BRDA:75,2,0,1
BRDA:75,2,1,0
BRDA:75,3,0,1
BRDA:75,3,1,1
BRF:8
BRH:6
end_of_record
